#
# There is insufficient memory for the Java Runtime Environment to continue.
# Native memory allocation (malloc) failed to allocate 1048576 bytes. Error detail: AllocateHeap
# Possible reasons:
#   The system is out of physical RAM or swap space
#   This process is running with CompressedOops enabled, and the Java Heap may be blocking the growth of the native heap
# Possible solutions:
#   Reduce memory load on the system
#   Increase physical memory or swap space
#   Check if swap backing store is full
#   Decrease Java heap size (-Xmx/-Xms)
#   Decrease number of Java threads
#   Decrease Java thread stack sizes (-Xss)
#   Set larger code cache with -XX:ReservedCodeCacheSize=
#   JVM is running with Unscaled Compressed Oops mode in which the Java heap is
#     placed in the first 4GB address space. The Java Heap base address is the
#     maximum limit for the native heap growth. Please use -XX:HeapBaseMinAddress
#     to set the Java Heap base and to place the Java Heap above 4GB virtual address.
# This output file may be truncated or incomplete.
#
#  Out of Memory Error (allocation.cpp:44), pid=11364, tid=2116
#
# JRE version: OpenJDK Runtime Environment Temurin-21.0.10+7 (21.0.10+7) (build 21.0.10+7-LTS)
# Java VM: OpenJDK 64-Bit Server VM Temurin-21.0.10+7 (21.0.10+7-LTS, mixed mode, sharing, tiered, compressed oops, compressed class ptrs, parallel gc, windows-amd64)
# No core dump will be written. Minidumps are not enabled by default on client versions of Windows
#

---------------  S U M M A R Y ------------

Command Line: --add-modules=ALL-SYSTEM --add-opens=java.base/java.util=ALL-UNNAMED --add-opens=java.base/java.lang=ALL-UNNAMED --add-opens=java.base/sun.nio.fs=ALL-UNNAMED -Declipse.application=org.eclipse.jdt.ls.core.id1 -Dosgi.bundles.defaultStartLevel=4 -Declipse.product=org.eclipse.jdt.ls.core.product -Djava.import.generatesMetadataFilesAtProjectRoot=false -DDetectVMInstallationsJob.disabled=true -Dfile.encoding=utf8 -XX:+UseParallelGC -XX:GCTimeRatio=4 -XX:AdaptiveSizePolicyWeight=90 -Dsun.zip.disableMemoryMapping=true -Xmx2G -Xms100m -Xlog:disable -javaagent:c:\Users\clyde\.vscode\extensions\redhat.java-1.53.0-win32-x64\lombok\lombok-1.18.39-4050.jar -XX:+HeapDumpOnOutOfMemoryError -XX:HeapDumpPath=c:\Users\clyde\AppData\Roaming\Code\User\workspaceStorage\00993b8b4a366e015c4afc6c163f229e\redhat.java -Daether.dependencyCollector.impl=bf c:\Users\clyde\.vscode\extensions\redhat.java-1.53.0-win32-x64\server\plugins\org.eclipse.equinox.launcher_1.7.100.v20251111-0406.jar -configuration c:\Users\clyde\AppData\Roaming\Code\User\globalStorage\redhat.java\1.53.0\config_win -data c:\Users\clyde\AppData\Roaming\Code\User\workspaceStorage\00993b8b4a366e015c4afc6c163f229e\redhat.java\jdt_ws --pipe=\\.\pipe\lsp-90d9e26306256bf150a8f6472b9bdf68-sock

Host: Intel(R) Core(TM) i3-1005G1 CPU @ 1.20GHz, 4 cores, 3G,  Windows 11 , 64 bit Build 22621 (10.0.22621.5124)
Time: Fri Apr 10 18:13:54 2026 Malay Peninsula Standard Time elapsed time: 2388.684068 seconds (0d 0h 39m 48s)

---------------  T H R E A D  ---------------

Current thread (0x0000013cd3605dc0):  JavaThread "Attach Listener" daemon [_thread_in_vm, id=2116, stack(0x0000003163500000,0x0000003163600000) (1024K)]

Stack: [0x0000003163500000,0x0000003163600000]
Native frames: (J=compiled Java code, j=interpreted, Vv=VM code, C=native code)
V  [jvm.dll+0x6d7a39]
V  [jvm.dll+0x8b4b26]
V  [jvm.dll+0x8b70de]
V  [jvm.dll+0x8b77c3]
V  [jvm.dll+0x284346]
V  [jvm.dll+0xc1277]
V  [jvm.dll+0x6d82e9]
V  [jvm.dll+0x1334a6]
V  [jvm.dll+0x3f857e]
V  [jvm.dll+0x85f59d]
V  [jvm.dll+0x6d626d]
C  [ucrtbase.dll+0x29333]
C  [KERNEL32.DLL+0x1259d]
C  [ntdll.dll+0x5af38]


---------------  P R O C E S S  ---------------

Threads class SMR info:
_java_thread_list=0x0000013d25e83d60, length=31, elements={
0x0000013cbcc17fe0, 0x0000013cd36047d0, 0x0000013cbcccccf0, 0x0000013cd3604fa0,
0x0000013cd3605dc0, 0x0000013cd3606ce0, 0x0000013cd3608950, 0x0000013cd360d7b0,
0x0000013cd3686fc0, 0x0000013d1551d410, 0x0000013d155bed30, 0x0000013d15ac25f0,
0x0000013d15c93dd0, 0x0000013d153df080, 0x0000013d15351450, 0x0000013d15c2d190,
0x0000013d1a221650, 0x0000013d15b69350, 0x0000013d1a43a640, 0x0000013d1a43b360,
0x0000013d1a43acd0, 0x0000013d1ae5fb40, 0x0000013d1ae58bb0, 0x0000013d1ae5ac80,
0x0000013d1ae59240, 0x0000013d1ae5b9a0, 0x0000013d1ae5b310, 0x0000013d1ae59f60,
0x0000013d1ae5a5f0, 0x0000013d1ab88760, 0x0000013d1ae5c030
}

Java Threads: ( => current thread )
  0x0000013cbcc17fe0 JavaThread "main"                              [_thread_blocked, id=1060, stack(0x0000003162e00000,0x0000003162f00000) (1024K)]
  0x0000013cd36047d0 JavaThread "Reference Handler"          daemon [_thread_blocked, id=8652, stack(0x0000003163200000,0x0000003163300000) (1024K)]
  0x0000013cbcccccf0 JavaThread "Finalizer"                  daemon [_thread_blocked, id=9380, stack(0x0000003163300000,0x0000003163400000) (1024K)]
  0x0000013cd3604fa0 JavaThread "Signal Dispatcher"          daemon [_thread_blocked, id=8492, stack(0x0000003163400000,0x0000003163500000) (1024K)]
=>0x0000013cd3605dc0 JavaThread "Attach Listener"            daemon [_thread_in_vm, id=2116, stack(0x0000003163500000,0x0000003163600000) (1024K)]
  0x0000013cd3606ce0 JavaThread "Service Thread"             daemon [_thread_blocked, id=1360, stack(0x0000003163600000,0x0000003163700000) (1024K)]
  0x0000013cd3608950 JavaThread "Monitor Deflation Thread"   daemon [_thread_blocked, id=22348, stack(0x0000003163700000,0x0000003163800000) (1024K)]
  0x0000013cd360d7b0 JavaThread "C2 CompilerThread0"         daemon [_thread_blocked, id=5408, stack(0x0000003163800000,0x0000003163900000) (1024K)]
  0x0000013cd3686fc0 JavaThread "C1 CompilerThread0"         daemon [_thread_blocked, id=8552, stack(0x0000003163900000,0x0000003163a00000) (1024K)]
  0x0000013d1551d410 JavaThread "Common-Cleaner"             daemon [_thread_blocked, id=11848, stack(0x0000003163a00000,0x0000003163b00000) (1024K)]
  0x0000013d155bed30 JavaThread "Notification Thread"        daemon [_thread_blocked, id=16136, stack(0x0000003163b00000,0x0000003163c00000) (1024K)]
  0x0000013d15ac25f0 JavaThread "Active Thread: Equinox Container: 89f8778d-e160-41e4-8e2a-bd58625f373e"        [_thread_blocked, id=18096, stack(0x0000003163f00000,0x0000003164000000) (1024K)]
  0x0000013d15c93dd0 JavaThread "Refresh Thread: Equinox Container: 89f8778d-e160-41e4-8e2a-bd58625f373e" daemon [_thread_blocked, id=7116, stack(0x0000003164000000,0x0000003164100000) (1024K)]
  0x0000013d153df080 JavaThread "Framework Event Dispatcher: Equinox Container: 89f8778d-e160-41e4-8e2a-bd58625f373e" daemon [_thread_blocked, id=20312, stack(0x0000003164100000,0x0000003164200000) (1024K)]
  0x0000013d15351450 JavaThread "Start Level: Equinox Container: 89f8778d-e160-41e4-8e2a-bd58625f373e" daemon [_thread_blocked, id=3544, stack(0x0000003164200000,0x0000003164300000) (1024K)]
  0x0000013d15c2d190 JavaThread "Bundle File Closer"         daemon [_thread_blocked, id=15096, stack(0x0000003164300000,0x0000003164400000) (1024K)]
  0x0000013d1a221650 JavaThread "SCR Component Actor"        daemon [_thread_blocked, id=5880, stack(0x0000003164400000,0x0000003164500000) (1024K)]
  0x0000013d15b69350 JavaThread "Worker-JM"                         [_thread_blocked, id=9252, stack(0x0000003164500000,0x0000003164600000) (1024K)]
  0x0000013d1a43a640 JavaThread "JNA Cleaner"                daemon [_thread_blocked, id=21556, stack(0x0000003164600000,0x0000003164700000) (1024K)]
  0x0000013d1a43b360 JavaThread "Worker-0"                          [_thread_blocked, id=14464, stack(0x0000003164700000,0x0000003164800000) (1024K)]
  0x0000013d1a43acd0 JavaThread "Java indexing"              daemon [_thread_blocked, id=804, stack(0x0000003164a00000,0x0000003164b00000) (1024K)]
  0x0000013d1ae5fb40 JavaThread "Thread-1"                   daemon [_thread_in_native, id=13880, stack(0x0000003164d00000,0x0000003164e00000) (1024K)]
  0x0000013d1ae58bb0 JavaThread "Thread-2"                   daemon [_thread_in_native, id=17392, stack(0x0000003164e00000,0x0000003164f00000) (1024K)]
  0x0000013d1ae5ac80 JavaThread "Thread-3"                   daemon [_thread_in_native, id=19176, stack(0x0000003164f00000,0x0000003165000000) (1024K)]
  0x0000013d1ae59240 JavaThread "Thread-4"                   daemon [_thread_in_native, id=12020, stack(0x0000003165000000,0x0000003165100000) (1024K)]
  0x0000013d1ae5b9a0 JavaThread "Thread-5"                   daemon [_thread_in_native, id=15280, stack(0x0000003165100000,0x0000003165200000) (1024K)]
  0x0000013d1ae5b310 JavaThread "pool-2-thread-1"                   [_thread_blocked, id=14756, stack(0x0000003165200000,0x0000003165300000) (1024K)]
  0x0000013d1ae59f60 JavaThread "WorkspaceEventsHandler"            [_thread_blocked, id=14664, stack(0x0000003165300000,0x0000003165400000) (1024K)]
  0x0000013d1ae5a5f0 JavaThread "pool-1-thread-1"                   [_thread_blocked, id=11588, stack(0x0000003165400000,0x0000003165500000) (1024K)]
  0x0000013d1ab88760 JavaThread "Worker-7"                          [_thread_blocked, id=5744, stack(0x0000003162b00000,0x0000003162c00000) (1024K)]
  0x0000013d1ae5c030 JavaThread "Cleaner-0"                  daemon [_thread_blocked, id=9816, stack(0x0000003162c00000,0x0000003162d00000) (1024K)]
Total: 31

Other Threads:
  0x0000013cd35ff140 VMThread "VM Thread"                           [id=8392, stack(0x0000003163100000,0x0000003163200000) (1024K)]
  0x0000013cbcc82910 WatcherThread "VM Periodic Task Thread"        [id=1120, stack(0x0000003163000000,0x0000003163100000) (1024K)]
  0x0000013cbcc352d0 WorkerThread "GC Thread#0"                     [id=4244, stack(0x0000003162f00000,0x0000003163000000) (1024K)]
  0x0000013d1591b9a0 WorkerThread "GC Thread#1"                     [id=3672, stack(0x0000003163c00000,0x0000003163d00000) (1024K)]
  0x0000013d15b6bcc0 WorkerThread "GC Thread#2"                     [id=22112, stack(0x0000003163d00000,0x0000003163e00000) (1024K)]
  0x0000013d15b6c070 WorkerThread "GC Thread#3"                     [id=22020, stack(0x0000003163e00000,0x0000003163f00000) (1024K)]
Total: 6

Threads with active compile tasks:
Total: 0

VM state: not at safepoint (normal execution)

VM Mutex/Monitor currently owned by a thread: None

Heap address: 0x0000000080000000, size: 2048 MB, Compressed Oops mode: 32-bit

CDS archive(s) mapped at: [0x0000013cd4000000-0x0000013cd4ba0000-0x0000013cd4ba0000), size 12189696, SharedBaseAddress: 0x0000013cd4000000, ArchiveRelocationMode: 1.
Compressed class space mapped at: 0x0000013cd5000000-0x0000013d15000000, reserved size: 1073741824
Narrow klass base: 0x0000013cd4000000, Narrow klass shift: 0, Narrow klass range: 0x100000000

GC Precious Log:
 CardTable entry size: 512
 CPUs: 4 total, 4 available
 Memory: 3838M
 Large Page Support: Disabled
 NUMA Support: Disabled
 Compressed Oops: Enabled (32-bit)
 Alignments: Space 512K, Generation 512K, Heap 2M
 Heap Min Capacity: 100M
 Heap Initial Capacity: 100M
 Heap Max Capacity: 2G
 Pre-touch: Disabled
 Parallel Workers: 4

Heap:
 PSYoungGen      total 7168K, used 6616K [0x00000000d5580000, 0x00000000d5e00000, 0x0000000100000000)
  eden space 6144K, 98% used [0x00000000d5580000,0x00000000d5b6dc88,0x00000000d5b80000)
  from space 1024K, 53% used [0x00000000d5d00000,0x00000000d5d88628,0x00000000d5e00000)
  to   space 1024K, 0% used [0x00000000d5c00000,0x00000000d5c00000,0x00000000d5d00000)
 ParOldGen       total 590848K, used 590422K [0x0000000080000000, 0x00000000a4100000, 0x00000000d5580000)
  object space 590848K, 99% used [0x0000000080000000,0x00000000a4095b80,0x00000000a4100000)
 Metaspace       used 79293K, committed 81088K, reserved 1179648K
  class space    used 8270K, committed 9088K, reserved 1048576K

Card table byte_map: [0x0000013cbc5e0000,0x0000013cbc9f0000] _byte_map_base: 0x0000013cbc1e0000

Marking Bits: (ParMarkBitMap*) 0x00007fff50173450
 Begin Bits: [0x0000013ccf0c0000, 0x0000013cd10c0000)
 End Bits:   [0x0000013cd10c0000, 0x0000013cd30c0000)

Polling page: 0x0000013cbc3d0000

Metaspace:

Usage:
  Non-class:     69.36 MB used.
      Class:      8.08 MB used.
       Both:     77.44 MB used.

Virtual space:
  Non-class space:      128.00 MB reserved,      70.31 MB ( 55%) committed,  2 nodes.
      Class space:        1.00 GB reserved,       8.88 MB ( <1%) committed,  1 nodes.
             Both:        1.12 GB reserved,      79.19 MB (  7%) committed. 

Chunk freelists:
   Non-Class:  8.98 MB
       Class:  7.16 MB
        Both:  16.14 MB

MaxMetaspaceSize: unlimited
CompressedClassSpaceSize: 1.00 GB
Initial GC threshold: 21.00 MB
Current GC threshold: 97.31 MB
CDS: on
 - commit_granule_bytes: 65536.
 - commit_granule_words: 8192.
 - virtual_space_node_default_size: 8388608.
 - enlarge_chunks_in_place: 1.
 - use_allocation_guard: 0.


Internal statistics:

num_allocs_failed_limit: 9.
num_arena_births: 1488.
num_arena_deaths: 14.
num_vsnodes_births: 3.
num_vsnodes_deaths: 0.
num_space_committed: 1267.
num_space_uncommitted: 0.
num_chunks_returned_to_freelist: 23.
num_chunks_taken_from_freelist: 5246.
num_chunk_merges: 14.
num_chunk_splits: 3140.
num_chunks_enlarged: 1658.
num_inconsistent_stats: 0.

CodeHeap 'non-profiled nmethods': size=120000Kb used=13304Kb max_used=13304Kb free=106695Kb
 bounds [0x0000013cc78e0000, 0x0000013cc85e0000, 0x0000013ccee10000]
CodeHeap 'profiled nmethods': size=120000Kb used=36202Kb max_used=36202Kb free=83798Kb
 bounds [0x0000013cbfe10000, 0x0000013cc2170000, 0x0000013cc7340000]
CodeHeap 'non-nmethods': size=5760Kb used=1516Kb max_used=1610Kb free=4243Kb
 bounds [0x0000013cc7340000, 0x0000013cc75b0000, 0x0000013cc78e0000]
CodeCache: size=245760Kb, used=51022Kb, max_used=51116Kb, free=194736Kb
 total_blobs=16082, nmethods=15248, adapters=738, full_count=0
Compilation: enabled, stopped_count=0, restarted_count=0

Compilation events (20 events):
Event: 1720.259 Thread 0x0000013cd3686fc0 16081       1       com.sun.jna.internal.Cleaner::access$100 (5 bytes)
Event: 1720.271 Thread 0x0000013cd3686fc0 nmethod 16081 0x0000013cc85ddd90 code [0x0000013cc85ddf20, 0x0000013cc85ddfd0]
Event: 1747.896 Thread 0x0000013cd3686fc0 16082       1       org.eclipse.osgi.internal.framework.EquinoxContainer::getStorage (5 bytes)
Event: 1747.932 Thread 0x0000013cd3686fc0 nmethod 16082 0x0000013cc85de090 code [0x0000013cc85de220, 0x0000013cc85de2e8]
Event: 2081.364 Thread 0x0000013cd3686fc0 16083       3       java.util.concurrent.ScheduledThreadPoolExecutor$DelayedWorkQueue::finishPoll (43 bytes)
Event: 2081.379 Thread 0x0000013cd3686fc0 nmethod 16083 0x0000013cc2160510 code [0x0000013cc21606e0, 0x0000013cc2160c68]
Event: 2081.379 Thread 0x0000013cd3686fc0 16084       3       java.util.concurrent.locks.AbstractQueuedSynchronizer$ConditionObject::awaitNanos (202 bytes)
Event: 2081.432 Thread 0x0000013cd3686fc0 nmethod 16084 0x0000013cc2160e10 code [0x0000013cc2161100, 0x0000013cc2161f20]
Event: 2091.377 Thread 0x0000013cd3686fc0 16085   !   3       java.util.concurrent.ScheduledThreadPoolExecutor$DelayedWorkQueue::offer (123 bytes)
Event: 2091.417 Thread 0x0000013cd3686fc0 nmethod 16085 0x0000013cc2162490 code [0x0000013cc21627a0, 0x0000013cc2163b30]
Event: 2091.418 Thread 0x0000013cd3686fc0 16086       3       java.util.concurrent.ThreadPoolExecutor::ensurePrestart (41 bytes)
Event: 2091.439 Thread 0x0000013cd3686fc0 nmethod 16086 0x0000013cc2164390 code [0x0000013cc2164560, 0x0000013cc2164810]
Event: 2108.299 Thread 0x0000013cd3686fc0 16087   !   3       java.util.concurrent.FutureTask::runAndReset (125 bytes)
Event: 2108.346 Thread 0x0000013cd3686fc0 nmethod 16087 0x0000013cc2164910 code [0x0000013cc2164d80, 0x0000013cc21671a0]
Event: 2108.346 Thread 0x0000013cd3686fc0 16088       3       java.util.concurrent.ScheduledThreadPoolExecutor$ScheduledFutureTask::setNextRunTime (38 bytes)
Event: 2108.347 Thread 0x0000013cd3686fc0 nmethod 16088 0x0000013cc2167d10 code [0x0000013cc2167ec0, 0x0000013cc2168150]
Event: 2108.347 Thread 0x0000013cd3686fc0 16089       3       java.util.concurrent.ScheduledThreadPoolExecutor::reExecutePeriodic (49 bytes)
Event: 2108.357 Thread 0x0000013cd3686fc0 nmethod 16089 0x0000013cc2168210 code [0x0000013cc2168440, 0x0000013cc2168bc0]
Event: 2231.736 Thread 0x0000013cd3686fc0 16090   !   3       java.util.logging.LogManager::ensureLogManagerInitialized (144 bytes)
Event: 2231.794 Thread 0x0000013cd3686fc0 nmethod 16090 0x0000013cc2168e10 code [0x0000013cc2169120, 0x0000013cc216a240]

GC Heap History (20 events):
Event: 336.482 GC heap before
{Heap before GC invocations=646 (full 3):
 PSYoungGen      total 7168K, used 6880K [0x00000000d5580000, 0x00000000d5e00000, 0x0000000100000000)
  eden space 6144K, 100% used [0x00000000d5580000,0x00000000d5b80000,0x00000000d5b80000)
  from space 1024K, 71% used [0x00000000d5d00000,0x00000000d5db8000,0x00000000d5e00000)
  to   space 1024K, 0% used [0x00000000d5b80000,0x00000000d5b80000,0x00000000d5c80000)
 ParOldGen       total 587776K, used 587306K [0x0000000080000000, 0x00000000a3e00000, 0x00000000d5580000)
  object space 587776K, 99% used [0x0000000080000000,0x00000000a3d8ab50,0x00000000a3e00000)
 Metaspace       used 78642K, committed 80384K, reserved 1179648K
  class space    used 8215K, committed 9024K, reserved 1048576K
}
Event: 336.486 GC heap after
{Heap after GC invocations=646 (full 3):
 PSYoungGen      total 7168K, used 672K [0x00000000d5580000, 0x00000000d5d80000, 0x0000000100000000)
  eden space 6144K, 0% used [0x00000000d5580000,0x00000000d5580000,0x00000000d5b80000)
  from space 1024K, 65% used [0x00000000d5b80000,0x00000000d5c28000,0x00000000d5c80000)
  to   space 1024K, 0% used [0x00000000d5c80000,0x00000000d5c80000,0x00000000d5d80000)
 ParOldGen       total 587776K, used 587770K [0x0000000080000000, 0x00000000a3e00000, 0x00000000d5580000)
  object space 587776K, 99% used [0x0000000080000000,0x00000000a3dfeb50,0x00000000a3e00000)
 Metaspace       used 78642K, committed 80384K, reserved 1179648K
  class space    used 8215K, committed 9024K, reserved 1048576K
}
Event: 336.545 GC heap before
{Heap before GC invocations=647 (full 3):
 PSYoungGen      total 7168K, used 6816K [0x00000000d5580000, 0x00000000d5d80000, 0x0000000100000000)
  eden space 6144K, 100% used [0x00000000d5580000,0x00000000d5b80000,0x00000000d5b80000)
  from space 1024K, 65% used [0x00000000d5b80000,0x00000000d5c28000,0x00000000d5c80000)
  to   space 1024K, 0% used [0x00000000d5c80000,0x00000000d5c80000,0x00000000d5d80000)
 ParOldGen       total 587776K, used 587770K [0x0000000080000000, 0x00000000a3e00000, 0x00000000d5580000)
  object space 587776K, 99% used [0x0000000080000000,0x00000000a3dfeb50,0x00000000a3e00000)
 Metaspace       used 78655K, committed 80384K, reserved 1179648K
  class space    used 8215K, committed 9024K, reserved 1048576K
}
Event: 336.548 GC heap after
{Heap after GC invocations=647 (full 3):
 PSYoungGen      total 7168K, used 416K [0x00000000d5580000, 0x00000000d5d80000, 0x0000000100000000)
  eden space 6144K, 0% used [0x00000000d5580000,0x00000000d5580000,0x00000000d5b80000)
  from space 1024K, 40% used [0x00000000d5c80000,0x00000000d5ce8000,0x00000000d5d80000)
  to   space 1024K, 0% used [0x00000000d5b80000,0x00000000d5b80000,0x00000000d5c80000)
 ParOldGen       total 588288K, used 588138K [0x0000000080000000, 0x00000000a3e80000, 0x00000000d5580000)
  object space 588288K, 99% used [0x0000000080000000,0x00000000a3e5ab50,0x00000000a3e80000)
 Metaspace       used 78655K, committed 80384K, reserved 1179648K
  class space    used 8215K, committed 9024K, reserved 1048576K
}
Event: 336.618 GC heap before
{Heap before GC invocations=648 (full 3):
 PSYoungGen      total 7168K, used 6560K [0x00000000d5580000, 0x00000000d5d80000, 0x0000000100000000)
  eden space 6144K, 100% used [0x00000000d5580000,0x00000000d5b80000,0x00000000d5b80000)
  from space 1024K, 40% used [0x00000000d5c80000,0x00000000d5ce8000,0x00000000d5d80000)
  to   space 1024K, 0% used [0x00000000d5b80000,0x00000000d5b80000,0x00000000d5c80000)
 ParOldGen       total 588288K, used 588138K [0x0000000080000000, 0x00000000a3e80000, 0x00000000d5580000)
  object space 588288K, 99% used [0x0000000080000000,0x00000000a3e5ab50,0x00000000a3e80000)
 Metaspace       used 78671K, committed 80448K, reserved 1179648K
  class space    used 8215K, committed 9024K, reserved 1048576K
}
Event: 336.622 GC heap after
{Heap after GC invocations=648 (full 3):
 PSYoungGen      total 7168K, used 704K [0x00000000d5580000, 0x00000000d5d80000, 0x0000000100000000)
  eden space 6144K, 0% used [0x00000000d5580000,0x00000000d5580000,0x00000000d5b80000)
  from space 1024K, 68% used [0x00000000d5b80000,0x00000000d5c30000,0x00000000d5c80000)
  to   space 1024K, 0% used [0x00000000d5c80000,0x00000000d5c80000,0x00000000d5d80000)
 ParOldGen       total 588800K, used 588290K [0x0000000080000000, 0x00000000a3f00000, 0x00000000d5580000)
  object space 588800K, 99% used [0x0000000080000000,0x00000000a3e80b50,0x00000000a3f00000)
 Metaspace       used 78671K, committed 80448K, reserved 1179648K
  class space    used 8215K, committed 9024K, reserved 1048576K
}
Event: 336.750 GC heap before
{Heap before GC invocations=649 (full 3):
 PSYoungGen      total 7168K, used 6848K [0x00000000d5580000, 0x00000000d5d80000, 0x0000000100000000)
  eden space 6144K, 100% used [0x00000000d5580000,0x00000000d5b80000,0x00000000d5b80000)
  from space 1024K, 68% used [0x00000000d5b80000,0x00000000d5c30000,0x00000000d5c80000)
  to   space 1024K, 0% used [0x00000000d5c80000,0x00000000d5c80000,0x00000000d5d80000)
 ParOldGen       total 588800K, used 588290K [0x0000000080000000, 0x00000000a3f00000, 0x00000000d5580000)
  object space 588800K, 99% used [0x0000000080000000,0x00000000a3e80b50,0x00000000a3f00000)
 Metaspace       used 78679K, committed 80448K, reserved 1179648K
  class space    used 8215K, committed 9024K, reserved 1048576K
}
Event: 336.752 GC heap after
{Heap after GC invocations=649 (full 3):
 PSYoungGen      total 7168K, used 512K [0x00000000d5580000, 0x00000000d5d80000, 0x0000000100000000)
  eden space 6144K, 0% used [0x00000000d5580000,0x00000000d5580000,0x00000000d5b80000)
  from space 1024K, 50% used [0x00000000d5c80000,0x00000000d5d00000,0x00000000d5d80000)
  to   space 1024K, 0% used [0x00000000d5b80000,0x00000000d5b80000,0x00000000d5c80000)
 ParOldGen       total 588800K, used 588618K [0x0000000080000000, 0x00000000a3f00000, 0x00000000d5580000)
  object space 588800K, 99% used [0x0000000080000000,0x00000000a3ed2b50,0x00000000a3f00000)
 Metaspace       used 78679K, committed 80448K, reserved 1179648K
  class space    used 8215K, committed 9024K, reserved 1048576K
}
Event: 337.094 GC heap before
{Heap before GC invocations=650 (full 3):
 PSYoungGen      total 7168K, used 6656K [0x00000000d5580000, 0x00000000d5d80000, 0x0000000100000000)
  eden space 6144K, 100% used [0x00000000d5580000,0x00000000d5b80000,0x00000000d5b80000)
  from space 1024K, 50% used [0x00000000d5c80000,0x00000000d5d00000,0x00000000d5d80000)
  to   space 1024K, 0% used [0x00000000d5b80000,0x00000000d5b80000,0x00000000d5c80000)
 ParOldGen       total 588800K, used 588618K [0x0000000080000000, 0x00000000a3f00000, 0x00000000d5580000)
  object space 588800K, 99% used [0x0000000080000000,0x00000000a3ed2b50,0x00000000a3f00000)
 Metaspace       used 78700K, committed 80448K, reserved 1179648K
  class space    used 8215K, committed 9024K, reserved 1048576K
}
Event: 337.101 GC heap after
{Heap after GC invocations=650 (full 3):
 PSYoungGen      total 7168K, used 896K [0x00000000d5580000, 0x00000000d5d80000, 0x0000000100000000)
  eden space 6144K, 0% used [0x00000000d5580000,0x00000000d5580000,0x00000000d5b80000)
  from space 1024K, 87% used [0x00000000d5b80000,0x00000000d5c60000,0x00000000d5c80000)
  to   space 1024K, 0% used [0x00000000d5c80000,0x00000000d5c80000,0x00000000d5d80000)
 ParOldGen       total 589312K, used 588914K [0x0000000080000000, 0x00000000a3f80000, 0x00000000d5580000)
  object space 589312K, 99% used [0x0000000080000000,0x00000000a3f1cb50,0x00000000a3f80000)
 Metaspace       used 78700K, committed 80448K, reserved 1179648K
  class space    used 8215K, committed 9024K, reserved 1048576K
}
Event: 337.237 GC heap before
{Heap before GC invocations=651 (full 3):
 PSYoungGen      total 7168K, used 7040K [0x00000000d5580000, 0x00000000d5d80000, 0x0000000100000000)
  eden space 6144K, 100% used [0x00000000d5580000,0x00000000d5b80000,0x00000000d5b80000)
  from space 1024K, 87% used [0x00000000d5b80000,0x00000000d5c60000,0x00000000d5c80000)
  to   space 1024K, 0% used [0x00000000d5c80000,0x00000000d5c80000,0x00000000d5d80000)
 ParOldGen       total 589312K, used 588914K [0x0000000080000000, 0x00000000a3f80000, 0x00000000d5580000)
  object space 589312K, 99% used [0x0000000080000000,0x00000000a3f1cb50,0x00000000a3f80000)
 Metaspace       used 78705K, committed 80448K, reserved 1179648K
  class space    used 8215K, committed 9024K, reserved 1048576K
}
Event: 337.242 GC heap after
{Heap after GC invocations=651 (full 3):
 PSYoungGen      total 6656K, used 224K [0x00000000d5580000, 0x00000000d5d00000, 0x0000000100000000)
  eden space 6144K, 0% used [0x00000000d5580000,0x00000000d5580000,0x00000000d5b80000)
  from space 512K, 43% used [0x00000000d5c80000,0x00000000d5cb8000,0x00000000d5d00000)
  to   space 512K, 0% used [0x00000000d5c00000,0x00000000d5c00000,0x00000000d5c80000)
 ParOldGen       total 589824K, used 589466K [0x0000000080000000, 0x00000000a4000000, 0x00000000d5580000)
  object space 589824K, 99% used [0x0000000080000000,0x00000000a3fa6b50,0x00000000a4000000)
 Metaspace       used 78705K, committed 80448K, reserved 1179648K
  class space    used 8215K, committed 9024K, reserved 1048576K
}
Event: 337.699 GC heap before
{Heap before GC invocations=652 (full 3):
 PSYoungGen      total 6656K, used 6368K [0x00000000d5580000, 0x00000000d5d00000, 0x0000000100000000)
  eden space 6144K, 100% used [0x00000000d5580000,0x00000000d5b80000,0x00000000d5b80000)
  from space 512K, 43% used [0x00000000d5c80000,0x00000000d5cb8000,0x00000000d5d00000)
  to   space 512K, 0% used [0x00000000d5c00000,0x00000000d5c00000,0x00000000d5c80000)
 ParOldGen       total 589824K, used 589466K [0x0000000080000000, 0x00000000a4000000, 0x00000000d5580000)
  object space 589824K, 99% used [0x0000000080000000,0x00000000a3fa6b50,0x00000000a4000000)
 Metaspace       used 78708K, committed 80448K, reserved 1179648K
  class space    used 8215K, committed 9024K, reserved 1048576K
}
Event: 337.702 GC heap after
{Heap after GC invocations=652 (full 3):
 PSYoungGen      total 6656K, used 96K [0x00000000d5580000, 0x00000000d5d00000, 0x0000000100000000)
  eden space 6144K, 0% used [0x00000000d5580000,0x00000000d5580000,0x00000000d5b80000)
  from space 512K, 18% used [0x00000000d5c00000,0x00000000d5c18000,0x00000000d5c80000)
  to   space 512K, 0% used [0x00000000d5c80000,0x00000000d5c80000,0x00000000d5d00000)
 ParOldGen       total 589824K, used 589586K [0x0000000080000000, 0x00000000a4000000, 0x00000000d5580000)
  object space 589824K, 99% used [0x0000000080000000,0x00000000a3fc4b50,0x00000000a4000000)
 Metaspace       used 78708K, committed 80448K, reserved 1179648K
  class space    used 8215K, committed 9024K, reserved 1048576K
}
Event: 337.975 GC heap before
{Heap before GC invocations=653 (full 3):
 PSYoungGen      total 6656K, used 6240K [0x00000000d5580000, 0x00000000d5d00000, 0x0000000100000000)
  eden space 6144K, 100% used [0x00000000d5580000,0x00000000d5b80000,0x00000000d5b80000)
  from space 512K, 18% used [0x00000000d5c00000,0x00000000d5c18000,0x00000000d5c80000)
  to   space 512K, 0% used [0x00000000d5c80000,0x00000000d5c80000,0x00000000d5d00000)
 ParOldGen       total 589824K, used 589586K [0x0000000080000000, 0x00000000a4000000, 0x00000000d5580000)
  object space 589824K, 99% used [0x0000000080000000,0x00000000a3fc4b50,0x00000000a4000000)
 Metaspace       used 78708K, committed 80448K, reserved 1179648K
  class space    used 8215K, committed 9024K, reserved 1048576K
}
Event: 337.986 GC heap after
{Heap after GC invocations=653 (full 3):
 PSYoungGen      total 6656K, used 96K [0x00000000d5580000, 0x00000000d5d00000, 0x0000000100000000)
  eden space 6144K, 0% used [0x00000000d5580000,0x00000000d5580000,0x00000000d5b80000)
  from space 512K, 18% used [0x00000000d5c80000,0x00000000d5c98000,0x00000000d5d00000)
  to   space 512K, 0% used [0x00000000d5c00000,0x00000000d5c00000,0x00000000d5c80000)
 ParOldGen       total 589824K, used 589642K [0x0000000080000000, 0x00000000a4000000, 0x00000000d5580000)
  object space 589824K, 99% used [0x0000000080000000,0x00000000a3fd2b50,0x00000000a4000000)
 Metaspace       used 78708K, committed 80448K, reserved 1179648K
  class space    used 8215K, committed 9024K, reserved 1048576K
}
Event: 338.444 GC heap before
{Heap before GC invocations=654 (full 3):
 PSYoungGen      total 6656K, used 6240K [0x00000000d5580000, 0x00000000d5d00000, 0x0000000100000000)
  eden space 6144K, 100% used [0x00000000d5580000,0x00000000d5b80000,0x00000000d5b80000)
  from space 512K, 18% used [0x00000000d5c80000,0x00000000d5c98000,0x00000000d5d00000)
  to   space 512K, 0% used [0x00000000d5c00000,0x00000000d5c00000,0x00000000d5c80000)
 ParOldGen       total 589824K, used 589642K [0x0000000080000000, 0x00000000a4000000, 0x00000000d5580000)
  object space 589824K, 99% used [0x0000000080000000,0x00000000a3fd2b50,0x00000000a4000000)
 Metaspace       used 78755K, committed 80512K, reserved 1179648K
  class space    used 8221K, committed 9024K, reserved 1048576K
}
Event: 338.453 GC heap after
{Heap after GC invocations=654 (full 3):
 PSYoungGen      total 6656K, used 512K [0x00000000d5580000, 0x00000000d5e80000, 0x0000000100000000)
  eden space 6144K, 0% used [0x00000000d5580000,0x00000000d5580000,0x00000000d5b80000)
  from space 512K, 100% used [0x00000000d5c00000,0x00000000d5c80000,0x00000000d5c80000)
  to   space 1536K, 0% used [0x00000000d5d00000,0x00000000d5d00000,0x00000000d5e80000)
 ParOldGen       total 590336K, used 590182K [0x0000000080000000, 0x00000000a4080000, 0x00000000d5580000)
  object space 590336K, 99% used [0x0000000080000000,0x00000000a4059b70,0x00000000a4080000)
 Metaspace       used 78755K, committed 80512K, reserved 1179648K
  class space    used 8221K, committed 9024K, reserved 1048576K
}
Event: 339.240 GC heap before
{Heap before GC invocations=655 (full 3):
 PSYoungGen      total 6656K, used 6618K [0x00000000d5580000, 0x00000000d5e80000, 0x0000000100000000)
  eden space 6144K, 99% used [0x00000000d5580000,0x00000000d5b76940,0x00000000d5b80000)
  from space 512K, 100% used [0x00000000d5c00000,0x00000000d5c80000,0x00000000d5c80000)
  to   space 1536K, 0% used [0x00000000d5d00000,0x00000000d5d00000,0x00000000d5e80000)
 ParOldGen       total 590336K, used 590182K [0x0000000080000000, 0x00000000a4080000, 0x00000000d5580000)
  object space 590336K, 99% used [0x0000000080000000,0x00000000a4059b70,0x00000000a4080000)
 Metaspace       used 78914K, committed 80640K, reserved 1179648K
  class space    used 8237K, committed 9024K, reserved 1048576K
}
Event: 339.245 GC heap after
{Heap after GC invocations=655 (full 3):
 PSYoungGen      total 7168K, used 545K [0x00000000d5580000, 0x00000000d5e00000, 0x0000000100000000)
  eden space 6144K, 0% used [0x00000000d5580000,0x00000000d5580000,0x00000000d5b80000)
  from space 1024K, 53% used [0x00000000d5d00000,0x00000000d5d88628,0x00000000d5e00000)
  to   space 1024K, 0% used [0x00000000d5c00000,0x00000000d5c00000,0x00000000d5d00000)
 ParOldGen       total 590848K, used 590422K [0x0000000080000000, 0x00000000a4100000, 0x00000000d5580000)
  object space 590848K, 99% used [0x0000000080000000,0x00000000a4095b80,0x00000000a4100000)
 Metaspace       used 78914K, committed 80640K, reserved 1179648K
  class space    used 8237K, committed 9024K, reserved 1048576K
}

Dll operation events (12 events):
Event: 0.189 Loaded shared library c:\Users\clyde\.vscode\extensions\redhat.java-1.53.0-win32-x64\jre\21.0.10-win32-x86_64\bin\java.dll
Event: 0.521 Loaded shared library c:\Users\clyde\.vscode\extensions\redhat.java-1.53.0-win32-x64\jre\21.0.10-win32-x86_64\bin\zip.dll
Event: 0.657 Loaded shared library C:\Users\clyde\.vscode\extensions\redhat.java-1.53.0-win32-x64\jre\21.0.10-win32-x86_64\bin\instrument.dll
Event: 0.696 Loaded shared library C:\Users\clyde\.vscode\extensions\redhat.java-1.53.0-win32-x64\jre\21.0.10-win32-x86_64\bin\net.dll
Event: 0.709 Loaded shared library C:\Users\clyde\.vscode\extensions\redhat.java-1.53.0-win32-x64\jre\21.0.10-win32-x86_64\bin\nio.dll
Event: 0.718 Loaded shared library C:\Users\clyde\.vscode\extensions\redhat.java-1.53.0-win32-x64\jre\21.0.10-win32-x86_64\bin\zip.dll
Event: 0.798 Loaded shared library C:\Users\clyde\.vscode\extensions\redhat.java-1.53.0-win32-x64\jre\21.0.10-win32-x86_64\bin\jimage.dll
Event: 1.058 Loaded shared library c:\Users\clyde\.vscode\extensions\redhat.java-1.53.0-win32-x64\jre\21.0.10-win32-x86_64\bin\verify.dll
Event: 8.506 Loaded shared library C:\Users\clyde\AppData\Roaming\Code\User\globalStorage\redhat.java\1.53.0\config_win\org.eclipse.equinox.launcher\org.eclipse.equinox.launcher.win32.win32.x86_64_1.3.0.v20260203-2149\eclipse_11919.dll
Event: 31.283 Loaded shared library C:\Users\clyde\AppData\Local\Temp\jna-94765489\jna16733222637827422815.dll
Event: 39.056 Loaded shared library C:\Users\clyde\.vscode\extensions\redhat.java-1.53.0-win32-x64\jre\21.0.10-win32-x86_64\bin\sunmscapi.dll
Event: 40.449 Loaded shared library C:\Users\clyde\.vscode\extensions\redhat.java-1.53.0-win32-x64\jre\21.0.10-win32-x86_64\bin\extnet.dll

Deoptimization events (20 events):
Event: 352.445 Thread 0x0000013d1a43b360 Uncommon trap: trap_request=0xffffffc6 fr.pc=0x0000013cc85d5d4c relative=0x00000000000007ac
Event: 352.445 Thread 0x0000013d1a43b360 Uncommon trap: reason=bimorphic_or_optimized_type_check action=maybe_recompile pc=0x0000013cc85d5d4c method=java.io.DataOutputStream.writeInt(I)V @ 19 c2
Event: 352.445 Thread 0x0000013d1a43b360 DEOPT PACKING pc=0x0000013cc85d5d4c sp=0x00000031647ff040
Event: 352.445 Thread 0x0000013d1a43b360 DEOPT UNPACKING pc=0x0000013cc7396da2 sp=0x00000031647ff018 mode 2
Event: 352.445 Thread 0x0000013d1a43b360 Uncommon trap: trap_request=0xffffffc6 fr.pc=0x0000013cc85d5d4c relative=0x00000000000007ac
Event: 352.445 Thread 0x0000013d1a43b360 Uncommon trap: reason=bimorphic_or_optimized_type_check action=maybe_recompile pc=0x0000013cc85d5d4c method=java.io.DataOutputStream.writeInt(I)V @ 19 c2
Event: 352.445 Thread 0x0000013d1a43b360 DEOPT PACKING pc=0x0000013cc85d5d4c sp=0x00000031647fefd0
Event: 352.445 Thread 0x0000013d1a43b360 DEOPT UNPACKING pc=0x0000013cc7396da2 sp=0x00000031647fefa8 mode 2
Event: 352.445 Thread 0x0000013d1a43b360 Uncommon trap: trap_request=0xffffffc6 fr.pc=0x0000013cc7f9ddfc relative=0x00000000000015fc
Event: 352.445 Thread 0x0000013d1a43b360 Uncommon trap: reason=bimorphic_or_optimized_type_check action=maybe_recompile pc=0x0000013cc7f9ddfc method=java.io.DataOutputStream.write([BII)V @ 7 c2
Event: 352.445 Thread 0x0000013d1a43b360 DEOPT PACKING pc=0x0000013cc7f9ddfc sp=0x00000031647ff010
Event: 352.445 Thread 0x0000013d1a43b360 DEOPT UNPACKING pc=0x0000013cc7396da2 sp=0x00000031647fef70 mode 2
Event: 352.445 Thread 0x0000013d1a43b360 Uncommon trap: trap_request=0xffffffc6 fr.pc=0x0000013cc7f9ddfc relative=0x00000000000015fc
Event: 352.445 Thread 0x0000013d1a43b360 Uncommon trap: reason=bimorphic_or_optimized_type_check action=maybe_recompile pc=0x0000013cc7f9ddfc method=java.io.DataOutputStream.write([BII)V @ 7 c2
Event: 352.445 Thread 0x0000013d1a43b360 DEOPT PACKING pc=0x0000013cc7f9ddfc sp=0x00000031647ff010
Event: 352.445 Thread 0x0000013d1a43b360 DEOPT UNPACKING pc=0x0000013cc7396da2 sp=0x00000031647fef70 mode 2
Event: 352.466 Thread 0x0000013d1a43b360 Uncommon trap: trap_request=0xffffffc6 fr.pc=0x0000013cc7eb73b8 relative=0x0000000000004ed8
Event: 352.467 Thread 0x0000013d1a43b360 Uncommon trap: reason=bimorphic_or_optimized_type_check action=maybe_recompile pc=0x0000013cc7eb73b8 method=java.util.Properties.load0(Ljava/util/Properties$LineReader;)V @ 241 c2
Event: 352.467 Thread 0x0000013d1a43b360 DEOPT PACKING pc=0x0000013cc7eb73b8 sp=0x00000031647ff1f0
Event: 352.467 Thread 0x0000013d1a43b360 DEOPT UNPACKING pc=0x0000013cc7396da2 sp=0x00000031647ff220 mode 2

Classes loaded (20 events):
Event: 329.698 Loading class org/xml/sax/SAXNotRecognizedException
Event: 329.710 Loading class org/xml/sax/SAXNotRecognizedException done
Event: 329.711 Loading class org/xml/sax/SAXNotSupportedException
Event: 329.715 Loading class org/xml/sax/SAXNotSupportedException done
Event: 329.966 Loading class com/sun/org/apache/xerces/internal/util/URI
Event: 330.106 Loading class com/sun/org/apache/xerces/internal/util/URI done
Event: 330.137 Loading class com/sun/org/apache/xerces/internal/xni/XNIException
Event: 330.141 Loading class com/sun/org/apache/xerces/internal/xni/XNIException done
Event: 330.835 Loading class com/sun/org/apache/xerces/internal/xni/parser/XMLParseException
Event: 330.841 Loading class com/sun/org/apache/xerces/internal/xni/parser/XMLParseException done
Event: 352.127 Loading class java/util/stream/Nodes$CollectorTask$OfRef
Event: 352.132 Loading class java/util/stream/Nodes$CollectorTask
Event: 352.138 Loading class java/util/stream/Nodes$CollectorTask done
Event: 352.138 Loading class java/util/stream/Nodes$CollectorTask$OfRef done
Event: 352.312 Loading class java/util/function/LongFunction
Event: 352.312 Loading class java/util/function/LongFunction done
Event: 352.314 Loading class java/util/stream/Nodes$ConcNode
Event: 352.315 Loading class java/util/stream/Nodes$AbstractConcNode
Event: 352.317 Loading class java/util/stream/Nodes$AbstractConcNode done
Event: 352.317 Loading class java/util/stream/Nodes$ConcNode done

Classes unloaded (7 events):
Event: 33.469 Thread 0x0000013cd35ff140 Unloading class 0x0000013cd51a3000 'java/lang/invoke/LambdaForm$MH+0x0000013cd51a3000'
Event: 33.469 Thread 0x0000013cd35ff140 Unloading class 0x0000013cd51a2c00 'java/lang/invoke/LambdaForm$MH+0x0000013cd51a2c00'
Event: 33.469 Thread 0x0000013cd35ff140 Unloading class 0x0000013cd51a2800 'java/lang/invoke/LambdaForm$MH+0x0000013cd51a2800'
Event: 33.469 Thread 0x0000013cd35ff140 Unloading class 0x0000013cd51a2400 'java/lang/invoke/LambdaForm$MH+0x0000013cd51a2400'
Event: 33.469 Thread 0x0000013cd35ff140 Unloading class 0x0000013cd51a2000 'java/lang/invoke/LambdaForm$BMH+0x0000013cd51a2000'
Event: 33.469 Thread 0x0000013cd35ff140 Unloading class 0x0000013cd51a1c00 'java/lang/invoke/LambdaForm$DMH+0x0000013cd51a1c00'
Event: 33.469 Thread 0x0000013cd35ff140 Unloading class 0x0000013cd51a0800 'java/lang/invoke/LambdaForm$DMH+0x0000013cd51a0800'

Classes redefined (0 events):
No events

Internal exceptions (20 events):
Event: 217.148 Thread 0x0000013d1a43b360 Exception <a 'sun/nio/fs/WindowsException'{0x00000000d5874b10}> (0x00000000d5874b10) 
thrown [s\src\hotspot\share\prims\jni.cpp, line 520]
Event: 329.030 Thread 0x0000013d1ae59f60 Exception <a 'java/lang/NoSuchMethodError'{0x00000000d59c8720}: 'java.lang.Object java.lang.invoke.DirectMethodHandle$Holder.invokeStatic(java.lang.Object, java.lang.Object, int, java.lang.Object)'> (0x00000000d59c8720) 
thrown [s\src\hotspot\share\interpreter\linkResolver.cpp, line 773]
Event: 335.538 Thread 0x0000013d1ae601d0 Implicit null exception at 0x0000013cc83ddc23 to 0x0000013cc83ddc54
Event: 337.721 Thread 0x0000013d1a43b360 Exception <a 'sun/nio/fs/WindowsException'{0x00000000d5596570}> (0x00000000d5596570) 
thrown [s\src\hotspot\share\prims\jni.cpp, line 520]
Event: 337.722 Thread 0x0000013d1a43b360 Exception <a 'sun/nio/fs/WindowsException'{0x00000000d5597078}> (0x00000000d5597078) 
thrown [s\src\hotspot\share\prims\jni.cpp, line 520]
Event: 337.733 Thread 0x0000013d1a43b360 Exception <a 'sun/nio/fs/WindowsException'{0x00000000d55a0eb0}> (0x00000000d55a0eb0) 
thrown [s\src\hotspot\share\prims\jni.cpp, line 520]
Event: 337.733 Thread 0x0000013d1a43b360 Exception <a 'sun/nio/fs/WindowsException'{0x00000000d55a19b8}> (0x00000000d55a19b8) 
thrown [s\src\hotspot\share\prims\jni.cpp, line 520]
Event: 337.952 Thread 0x0000013d1a43b360 Exception <a 'sun/nio/fs/WindowsException'{0x00000000d5b35d38}> (0x00000000d5b35d38) 
thrown [s\src\hotspot\share\prims\jni.cpp, line 520]
Event: 337.952 Thread 0x0000013d1a43b360 Exception <a 'sun/nio/fs/WindowsException'{0x00000000d5b36aa8}> (0x00000000d5b36aa8) 
thrown [s\src\hotspot\share\prims\jni.cpp, line 520]
Event: 338.152 Thread 0x0000013d1a43b360 Exception <a 'java/lang/NoSuchMethodError'{0x00000000d55d9438}: 'int java.lang.invoke.DirectMethodHandle$Holder.invokeStatic(java.lang.Object, java.lang.Object, java.lang.Object, java.lang.Object, java.lang.Object, java.lang.Object)'> (0x00000000d55d9438) 
thrown [s\src\hotspot\share\interpreter\linkResolver.cpp, line 773]
Event: 338.399 Thread 0x0000013d1ab89b10 Implicit null exception at 0x0000013cc8597910 to 0x0000013cc8599190
Event: 338.399 Thread 0x0000013d1ab89b10 Implicit null exception at 0x0000013cc8597910 to 0x0000013cc8599190
Event: 338.400 Thread 0x0000013d1ab89b10 Implicit null exception at 0x0000013cc8597910 to 0x0000013cc8599190
Event: 338.498 Thread 0x0000013d1ab8a1a0 Implicit null exception at 0x0000013cc8597910 to 0x0000013cc8599190
Event: 338.504 Thread 0x0000013d1ae598d0 Exception <a 'sun/nio/fs/WindowsException'{0x00000000d5793a58}> (0x00000000d5793a58) 
thrown [s\src\hotspot\share\prims\jni.cpp, line 520]
Event: 338.505 Thread 0x0000013d1ae598d0 Exception <a 'sun/nio/fs/WindowsException'{0x00000000d57947d0}> (0x00000000d57947d0) 
thrown [s\src\hotspot\share\prims\jni.cpp, line 520]
Event: 352.384 Thread 0x0000013d1a43b360 Exception <a 'sun/nio/fs/WindowsException'{0x00000000d5a74ca8}> (0x00000000d5a74ca8) 
thrown [s\src\hotspot\share\prims\jni.cpp, line 520]
Event: 352.385 Thread 0x0000013d1a43b360 Exception <a 'sun/nio/fs/WindowsException'{0x00000000d5a757b0}> (0x00000000d5a757b0) 
thrown [s\src\hotspot\share\prims\jni.cpp, line 520]
Event: 352.389 Thread 0x0000013d1a43b360 Implicit null exception at 0x0000013cc84f7d06 to 0x0000013cc84f8080
Event: 352.435 Thread 0x0000013d1a43b360 Exception <a 'java/lang/NoSuchMethodError'{0x00000000d5ae8b00}: static [J.<clinit>()V> (0x00000000d5ae8b00) 
thrown [s\src\hotspot\share\prims\jni.cpp, line 1111]

ZGC Phase Switch (0 events):
No events

VM Operations (20 events):
Event: 2104.989 Executing non-safepoint VM operation: HandshakeAllThreads (HandshakeForDeflation)
Event: 2104.991 Executing non-safepoint VM operation: HandshakeAllThreads (HandshakeForDeflation) done
Event: 2104.991 Executing non-safepoint VM operation: RendezvousGCThreads
Event: 2104.992 Executing non-safepoint VM operation: RendezvousGCThreads done
Event: 2165.042 Executing non-safepoint VM operation: HandshakeAllThreads (HandshakeForDeflation)
Event: 2165.097 Executing non-safepoint VM operation: HandshakeAllThreads (HandshakeForDeflation) done
Event: 2165.101 Executing non-safepoint VM operation: RendezvousGCThreads
Event: 2165.101 Executing non-safepoint VM operation: RendezvousGCThreads done
Event: 2225.227 Executing non-safepoint VM operation: HandshakeAllThreads (HandshakeForDeflation)
Event: 2225.233 Executing non-safepoint VM operation: HandshakeAllThreads (HandshakeForDeflation) done
Event: 2225.234 Executing non-safepoint VM operation: RendezvousGCThreads
Event: 2225.234 Executing non-safepoint VM operation: RendezvousGCThreads done
Event: 2285.349 Executing non-safepoint VM operation: HandshakeAllThreads (HandshakeForDeflation)
Event: 2285.352 Executing non-safepoint VM operation: HandshakeAllThreads (HandshakeForDeflation) done
Event: 2285.352 Executing non-safepoint VM operation: RendezvousGCThreads
Event: 2285.352 Executing non-safepoint VM operation: RendezvousGCThreads done
Event: 2345.555 Executing non-safepoint VM operation: HandshakeAllThreads (HandshakeForDeflation)
Event: 2345.558 Executing non-safepoint VM operation: HandshakeAllThreads (HandshakeForDeflation) done
Event: 2345.558 Executing non-safepoint VM operation: RendezvousGCThreads
Event: 2345.558 Executing non-safepoint VM operation: RendezvousGCThreads done

Memory protections (0 events):
No events

Nmethod flushes (20 events):
Event: 55.915 Thread 0x0000013cd35ff140 flushing  nmethod 0x0000013cc07a9a90
Event: 55.915 Thread 0x0000013cd35ff140 flushing  nmethod 0x0000013cc07a9f10
Event: 55.915 Thread 0x0000013cd35ff140 flushing  nmethod 0x0000013cc07aa510
Event: 55.915 Thread 0x0000013cd35ff140 flushing  nmethod 0x0000013cc07aa910
Event: 55.915 Thread 0x0000013cd35ff140 flushing  nmethod 0x0000013cc07abd90
Event: 55.915 Thread 0x0000013cd35ff140 flushing  nmethod 0x0000013cc07b2290
Event: 55.915 Thread 0x0000013cd35ff140 flushing  nmethod 0x0000013cc07b2810
Event: 55.915 Thread 0x0000013cd35ff140 flushing  nmethod 0x0000013cc07b2e10
Event: 55.915 Thread 0x0000013cd35ff140 flushing  nmethod 0x0000013cc07c4410
Event: 55.915 Thread 0x0000013cd35ff140 flushing  nmethod 0x0000013cc07d7590
Event: 55.915 Thread 0x0000013cd35ff140 flushing  nmethod 0x0000013cc07d8590
Event: 55.915 Thread 0x0000013cd35ff140 flushing  nmethod 0x0000013cc07dea90
Event: 55.915 Thread 0x0000013cd35ff140 flushing  nmethod 0x0000013cc080fa10
Event: 55.915 Thread 0x0000013cd35ff140 flushing  nmethod 0x0000013cc0810010
Event: 55.915 Thread 0x0000013cd35ff140 flushing  nmethod 0x0000013cc0810890
Event: 55.915 Thread 0x0000013cd35ff140 flushing  nmethod 0x0000013cc0811a90
Event: 55.915 Thread 0x0000013cd35ff140 flushing  nmethod 0x0000013cc0814790
Event: 55.915 Thread 0x0000013cd35ff140 flushing  nmethod 0x0000013cc0846c90
Event: 55.915 Thread 0x0000013cd35ff140 flushing  nmethod 0x0000013cc0865210
Event: 55.915 Thread 0x0000013cd35ff140 flushing  nmethod 0x0000013cc0866b10

Events (20 events):
Event: 338.372 Thread 0x0000013d1a43b360 Thread added: 0x0000013d1ab8cf90
Event: 338.390 Thread 0x0000013d1a43b360 Thread added: 0x0000013d1ab8dcb0
Event: 338.547 Thread 0x0000013d1ab8cf90 Thread exited: 0x0000013d1ab8cf90
Event: 338.547 Thread 0x0000013d1ab8a1a0 Thread exited: 0x0000013d1ab8a1a0
Event: 338.547 Thread 0x0000013d1ab89b10 Thread exited: 0x0000013d1ab89b10
Event: 338.548 Thread 0x0000013d1ab8dcb0 Thread exited: 0x0000013d1ab8dcb0
Event: 338.548 Thread 0x0000013d1ab89480 Thread exited: 0x0000013d1ab89480
Event: 352.113 Thread 0x0000013d1a43b360 Thread added: 0x0000013d1ab8cf90
Event: 352.319 Thread 0x0000013d1ab8cf90 Thread exited: 0x0000013d1ab8cf90
Event: 352.396 Thread 0x0000013d1a43b360 Thread added: 0x0000013d1ab8cf90
Event: 352.399 Thread 0x0000013d1ab8cf90 Thread exited: 0x0000013d1ab8cf90
Event: 367.590 Thread 0x0000013d1ae5e790 Thread exited: 0x0000013d1ae5e790
Event: 370.825 Thread 0x0000013d1ab87a40 Thread exited: 0x0000013d1ab87a40
Event: 412.046 Thread 0x0000013d1ae598d0 Thread exited: 0x0000013d1ae598d0
Event: 412.588 Thread 0x0000013d1ae5d3e0 Thread exited: 0x0000013d1ae5d3e0
Event: 427.611 Thread 0x0000013d1ae5ee20 Thread exited: 0x0000013d1ae5ee20
Event: 439.150 Thread 0x0000013d1ab8d620 Thread exited: 0x0000013d1ab8d620
Event: 467.767 Thread 0x0000013d1ab8aec0 Thread exited: 0x0000013d1ab8aec0
Event: 468.406 Thread 0x0000013d1ab8a830 Thread exited: 0x0000013d1ab8a830
Event: 469.475 Thread 0x0000013d1ab86690 Thread exited: 0x0000013d1ab86690


Dynamic libraries:
0x00007ff7ef220000 - 0x00007ff7ef22e000 	c:\Users\clyde\.vscode\extensions\redhat.java-1.53.0-win32-x64\jre\21.0.10-win32-x86_64\bin\java.exe
0x00007ff8159d0000 - 0x00007ff815be7000 	C:\WINDOWS\SYSTEM32\ntdll.dll
0x00007fffe9200000 - 0x00007fffe9220000 	C:\Program Files\Avast Software\Avast\aswhook.dll
0x00007ff813ce0000 - 0x00007ff813da4000 	C:\WINDOWS\System32\KERNEL32.DLL
0x00007ff812f70000 - 0x00007ff813343000 	C:\WINDOWS\System32\KERNELBASE.dll
0x00007ff813350000 - 0x00007ff813461000 	C:\WINDOWS\System32\ucrtbase.dll
0x00007ffff0f60000 - 0x00007ffff0f78000 	c:\Users\clyde\.vscode\extensions\redhat.java-1.53.0-win32-x64\jre\21.0.10-win32-x86_64\bin\jli.dll
0x00007fffed0c0000 - 0x00007fffed0de000 	c:\Users\clyde\.vscode\extensions\redhat.java-1.53.0-win32-x64\jre\21.0.10-win32-x86_64\bin\VCRUNTIME140.dll
0x00007ff815240000 - 0x00007ff8153f1000 	C:\WINDOWS\System32\USER32.dll
0x00007ff812df0000 - 0x00007ff812e16000 	C:\WINDOWS\System32\win32u.dll
0x00007ff813670000 - 0x00007ff813699000 	C:\WINDOWS\System32\GDI32.dll
0x00007ff812e50000 - 0x00007ff812f6b000 	C:\WINDOWS\System32\gdi32full.dll
0x00007ff812d50000 - 0x00007ff812dea000 	C:\WINDOWS\System32\msvcp_win.dll
0x00007ff800570000 - 0x00007ff800808000 	C:\WINDOWS\WinSxS\amd64_microsoft.windows.common-controls_6595b64144ccf1df_6.0.22621.5124_none_270e8f4f7386d69d\COMCTL32.dll
0x00007ff813db0000 - 0x00007ff813e57000 	C:\WINDOWS\System32\msvcrt.dll
0x00007ff813ef0000 - 0x00007ff813f21000 	C:\WINDOWS\System32\IMM32.DLL
0x00007ff80f2c0000 - 0x00007ff80f2cc000 	c:\Users\clyde\.vscode\extensions\redhat.java-1.53.0-win32-x64\jre\21.0.10-win32-x86_64\bin\vcruntime140_1.dll
0x00007fffdb5c0000 - 0x00007fffdb64d000 	c:\Users\clyde\.vscode\extensions\redhat.java-1.53.0-win32-x64\jre\21.0.10-win32-x86_64\bin\msvcp140.dll
0x00007fff4f4b0000 - 0x00007fff50251000 	c:\Users\clyde\.vscode\extensions\redhat.java-1.53.0-win32-x64\jre\21.0.10-win32-x86_64\bin\server\jvm.dll
0x00007ff8139d0000 - 0x00007ff813a81000 	C:\WINDOWS\System32\ADVAPI32.dll
0x00007ff813a90000 - 0x00007ff813b38000 	C:\WINDOWS\System32\sechost.dll
0x00007ff812e20000 - 0x00007ff812e48000 	C:\WINDOWS\System32\bcrypt.dll
0x00007ff8138b0000 - 0x00007ff8139c4000 	C:\WINDOWS\System32\RPCRT4.dll
0x00007ff8151b0000 - 0x00007ff815221000 	C:\WINDOWS\System32\WS2_32.dll
0x00007ff8129b0000 - 0x00007ff8129fd000 	C:\WINDOWS\SYSTEM32\POWRPROF.dll
0x00007ff80cf70000 - 0x00007ff80cfa4000 	C:\WINDOWS\SYSTEM32\WINMM.dll
0x00007ff80b7f0000 - 0x00007ff80b7fa000 	C:\WINDOWS\SYSTEM32\VERSION.dll
0x00007ff812990000 - 0x00007ff8129a3000 	C:\WINDOWS\SYSTEM32\UMPDC.dll
0x00007ff811b10000 - 0x00007ff811b28000 	C:\WINDOWS\SYSTEM32\kernel.appcore.dll
0x00007ff80b570000 - 0x00007ff80b57a000 	c:\Users\clyde\.vscode\extensions\redhat.java-1.53.0-win32-x64\jre\21.0.10-win32-x86_64\bin\jimage.dll
0x00007ff810510000 - 0x00007ff810742000 	C:\WINDOWS\SYSTEM32\DBGHELP.DLL
0x00007ff814aa0000 - 0x00007ff814e32000 	C:\WINDOWS\System32\combase.dll
0x00007ff814e90000 - 0x00007ff814f67000 	C:\WINDOWS\System32\OLEAUT32.dll
0x00007ff80b430000 - 0x00007ff80b462000 	C:\WINDOWS\SYSTEM32\dbgcore.DLL
0x00007ff812cd0000 - 0x00007ff812d4b000 	C:\WINDOWS\System32\bcryptPrimitives.dll
0x00007ff809680000 - 0x00007ff80968f000 	c:\Users\clyde\.vscode\extensions\redhat.java-1.53.0-win32-x64\jre\21.0.10-win32-x86_64\bin\instrument.dll
0x00007ffffd4b0000 - 0x00007ffffd4d0000 	c:\Users\clyde\.vscode\extensions\redhat.java-1.53.0-win32-x64\jre\21.0.10-win32-x86_64\bin\java.dll
0x00007ff814160000 - 0x00007ff8149f6000 	C:\WINDOWS\System32\SHELL32.dll
0x00007ff813530000 - 0x00007ff81366f000 	C:\WINDOWS\System32\wintypes.dll
0x00007ff810a00000 - 0x00007ff81131a000 	C:\WINDOWS\SYSTEM32\windows.storage.dll
0x00007ff813b40000 - 0x00007ff813c4a000 	C:\WINDOWS\System32\SHCORE.dll
0x00007ff813e60000 - 0x00007ff813ec3000 	C:\WINDOWS\System32\shlwapi.dll
0x00007ff812a10000 - 0x00007ff812a3b000 	C:\WINDOWS\SYSTEM32\profapi.dll
0x00007ffff0f90000 - 0x00007ffff0fa8000 	c:\Users\clyde\.vscode\extensions\redhat.java-1.53.0-win32-x64\jre\21.0.10-win32-x86_64\bin\zip.dll
0x00007ff809460000 - 0x00007ff809470000 	C:\Users\clyde\.vscode\extensions\redhat.java-1.53.0-win32-x64\jre\21.0.10-win32-x86_64\bin\net.dll
0x00007ff80c940000 - 0x00007ff80ca6c000 	C:\WINDOWS\SYSTEM32\WINHTTP.dll
0x00007ff811f90000 - 0x00007ff811ffa000 	C:\WINDOWS\system32\mswsock.dll
0x00007fffe80d0000 - 0x00007fffe80e6000 	C:\Users\clyde\.vscode\extensions\redhat.java-1.53.0-win32-x64\jre\21.0.10-win32-x86_64\bin\nio.dll
0x00007ff809350000 - 0x00007ff809360000 	c:\Users\clyde\.vscode\extensions\redhat.java-1.53.0-win32-x64\jre\21.0.10-win32-x86_64\bin\verify.dll
0x00007fffdb9f0000 - 0x00007fffdba35000 	C:\Users\clyde\AppData\Roaming\Code\User\globalStorage\redhat.java\1.53.0\config_win\org.eclipse.equinox.launcher\org.eclipse.equinox.launcher.win32.win32.x86_64_1.3.0.v20260203-2149\eclipse_11919.dll
0x00007ff813700000 - 0x00007ff8138a1000 	C:\WINDOWS\System32\ole32.dll
0x00007ff8121f0000 - 0x00007ff81220b000 	C:\WINDOWS\SYSTEM32\CRYPTSP.dll
0x00007ff811a70000 - 0x00007ff811aa7000 	C:\WINDOWS\system32\rsaenh.dll
0x00007ff812080000 - 0x00007ff8120a8000 	C:\WINDOWS\SYSTEM32\USERENV.dll
0x00007ff8121e0000 - 0x00007ff8121ec000 	C:\WINDOWS\SYSTEM32\CRYPTBASE.dll
0x00007ff811580000 - 0x00007ff8115ad000 	C:\WINDOWS\SYSTEM32\IPHLPAPI.DLL
0x00007ff813ee0000 - 0x00007ff813ee9000 	C:\WINDOWS\System32\NSI.dll
0x00007ffffdd50000 - 0x00007ffffdd99000 	C:\Users\clyde\AppData\Local\Temp\jna-94765489\jna16733222637827422815.dll
0x00007ff813ed0000 - 0x00007ff813ed8000 	C:\WINDOWS\System32\PSAPI.DLL
0x00007ff80c770000 - 0x00007ff80c789000 	C:\WINDOWS\SYSTEM32\dhcpcsvc6.DLL
0x00007ff80c750000 - 0x00007ff80c76f000 	C:\WINDOWS\SYSTEM32\dhcpcsvc.DLL
0x00007ff80f370000 - 0x00007ff80f37e000 	C:\Users\clyde\.vscode\extensions\redhat.java-1.53.0-win32-x64\jre\21.0.10-win32-x86_64\bin\sunmscapi.dll
0x00007ff812ae0000 - 0x00007ff812c47000 	C:\WINDOWS\System32\CRYPT32.dll
0x00007ff8123a0000 - 0x00007ff8123cd000 	C:\WINDOWS\SYSTEM32\ncrypt.dll
0x00007ff812360000 - 0x00007ff812397000 	C:\WINDOWS\SYSTEM32\NTASN1.dll
0x00007ff8115f0000 - 0x00007ff8116f2000 	C:\WINDOWS\SYSTEM32\DNSAPI.dll
0x00007fffff250000 - 0x00007fffff25a000 	C:\Windows\System32\rasadhlp.dll
0x00007ff80a170000 - 0x00007ff80a1f3000 	C:\WINDOWS\System32\fwpuclnt.dll
0x00007ff80f1f0000 - 0x00007ff80f1f9000 	C:\Users\clyde\.vscode\extensions\redhat.java-1.53.0-win32-x64\jre\21.0.10-win32-x86_64\bin\extnet.dll

JVMTI agents:
c:\Users\clyde\.vscode\extensions\redhat.java-1.53.0-win32-x64\lombok\lombok-1.18.39-4050.jar path:c:\Users\clyde\.vscode\extensions\redhat.java-1.53.0-win32-x64\jre\21.0.10-win32-x86_64\bin\instrument.dll, loaded, initialized, instrumentlib options:none

dbghelp: loaded successfully - version: 4.0.5 - missing functions: none
symbol engine: initialized successfully - sym options: 0x614 - pdb path: .;c:\Users\clyde\.vscode\extensions\redhat.java-1.53.0-win32-x64\jre\21.0.10-win32-x86_64\bin;C:\WINDOWS\SYSTEM32;C:\Program Files\Avast Software\Avast;C:\WINDOWS\WinSxS\amd64_microsoft.windows.common-controls_6595b64144ccf1df_6.0.22621.5124_none_270e8f4f7386d69d;c:\Users\clyde\.vscode\extensions\redhat.java-1.53.0-win32-x64\jre\21.0.10-win32-x86_64\bin\server;C:\Users\clyde\AppData\Roaming\Code\User\globalStorage\redhat.java\1.53.0\config_win\org.eclipse.equinox.launcher\org.eclipse.equinox.launcher.win32.win32.x86_64_1.3.0.v20260203-2149;C:\Users\clyde\AppData\Local\Temp\jna-94765489

VM Arguments:
jvm_args: --add-modules=ALL-SYSTEM --add-opens=java.base/java.util=ALL-UNNAMED --add-opens=java.base/java.lang=ALL-UNNAMED --add-opens=java.base/sun.nio.fs=ALL-UNNAMED -Declipse.application=org.eclipse.jdt.ls.core.id1 -Dosgi.bundles.defaultStartLevel=4 -Declipse.product=org.eclipse.jdt.ls.core.product -Djava.import.generatesMetadataFilesAtProjectRoot=false -DDetectVMInstallationsJob.disabled=true -Dfile.encoding=utf8 -XX:+UseParallelGC -XX:GCTimeRatio=4 -XX:AdaptiveSizePolicyWeight=90 -Dsun.zip.disableMemoryMapping=true -Xmx2G -Xms100m -Xlog:disable -javaagent:c:\Users\clyde\.vscode\extensions\redhat.java-1.53.0-win32-x64\lombok\lombok-1.18.39-4050.jar -XX:+HeapDumpOnOutOfMemoryError -XX:HeapDumpPath=c:\Users\clyde\AppData\Roaming\Code\User\workspaceStorage\00993b8b4a366e015c4afc6c163f229e\redhat.java -Daether.dependencyCollector.impl=bf 
java_command: c:\Users\clyde\.vscode\extensions\redhat.java-1.53.0-win32-x64\server\plugins\org.eclipse.equinox.launcher_1.7.100.v20251111-0406.jar -configuration c:\Users\clyde\AppData\Roaming\Code\User\globalStorage\redhat.java\1.53.0\config_win -data c:\Users\clyde\AppData\Roaming\Code\User\workspaceStorage\00993b8b4a366e015c4afc6c163f229e\redhat.java\jdt_ws --pipe=\\.\pipe\lsp-90d9e26306256bf150a8f6472b9bdf68-sock
java_class_path (initial): c:\Users\clyde\.vscode\extensions\redhat.java-1.53.0-win32-x64\server\plugins\org.eclipse.equinox.launcher_1.7.100.v20251111-0406.jar
Launcher Type: SUN_STANDARD

[Global flags]
    uintx AdaptiveSizePolicyWeight                 = 90                                        {product} {command line}
     intx CICompilerCount                          = 3                                         {product} {ergonomic}
    uintx GCTimeRatio                              = 4                                         {product} {command line}
     bool HeapDumpOnOutOfMemoryError               = true                                   {manageable} {command line}
    ccstr HeapDumpPath                             = c:\Users\clyde\AppData\Roaming\Code\User\workspaceStorage\00993b8b4a366e015c4afc6c163f229e\redhat.java         {manageable} {command line}
   size_t InitialHeapSize                          = 104857600                                 {product} {command line}
   size_t MaxHeapSize                              = 2147483648                                {product} {command line}
   size_t MaxNewSize                               = 715653120                                 {product} {ergonomic}
   size_t MinHeapDeltaBytes                        = 524288                                    {product} {ergonomic}
   size_t MinHeapSize                              = 104857600                                 {product} {command line}
   size_t NewSize                                  = 34603008                                  {product} {ergonomic}
    uintx NonNMethodCodeHeapSize                   = 5832780                                {pd product} {ergonomic}
    uintx NonProfiledCodeHeapSize                  = 122912730                              {pd product} {ergonomic}
   size_t OldSize                                  = 70254592                                  {product} {ergonomic}
    uintx ProfiledCodeHeapSize                     = 122912730                              {pd product} {ergonomic}
    uintx ReservedCodeCacheSize                    = 251658240                              {pd product} {ergonomic}
     bool SegmentedCodeCache                       = true                                      {product} {ergonomic}
   size_t SoftMaxHeapSize                          = 2147483648                             {manageable} {ergonomic}
     bool UseCompressedOops                        = true                           {product lp64_product} {ergonomic}
     bool UseLargePagesIndividualAllocation        = false                                  {pd product} {ergonomic}
     bool UseParallelGC                            = true                                      {product} {command line}

Logging:
Log output configuration:
 #0: stdout all=off uptime,level,tags foldmultilines=false
 #1: stderr all=off uptime,level,tags foldmultilines=false

Release file:
JAVA_VERSION="21.0.10" 
MODULES="java.base java.compiler java.datatransfer java.xml java.prefs java.desktop java.instrument java.logging java.management java.security.sasl java.naming java.rmi java.management.rmi java.net.http java.scripting java.security.jgss java.transaction.xa java.sql java.sql.rowset java.xml.crypto java.se java.smartcardio jdk.accessibility jdk.internal.jvmstat jdk.attach jdk.charsets jdk.internal.opt jdk.zipfs jdk.compiler jdk.crypto.ec jdk.crypto.cryptoki jdk.crypto.mscapi jdk.dynalink jdk.internal.ed jdk.editpad jdk.hotspot.agent jdk.httpserver jdk.internal.le jdk.internal.vm.ci jdk.internal.vm.compiler jdk.internal.vm.compiler.management jdk.jartool jdk.javadoc jdk.jcmd jdk.management jdk.management.agent jdk.jconsole jdk.jdeps jdk.jdwp.agent jdk.jdi jdk.jfr jdk.jshell jdk.jsobject jdk.jstatd jdk.localedata jdk.management.jfr jdk.naming.dns jdk.naming.rmi jdk.net jdk.nio.mapmode jdk.random jdk.sctp jdk.security.auth jdk.security.jgss jdk.unsupported jdk.unsupported.desktop jdk.xml.dom" 

Environment Variables:
PATH=C:\Users\clyde\AppData\Local\Programs\Microsoft VS Code;C:\Program Files\Common Files\Oracle\Java\javapath;C:\Program Files\Eclipse Adoptium\jdk-21.0.4.7-hotspot\bin;C:\WINDOWS\system32;C:\WINDOWS;C:\WINDOWS\System32\Wbem;C:\WINDOWS\System32\WindowsPowerShell\v1.0\;C:\WINDOWS\System32\OpenSSH\;C:\Program Files\Git LFS;C:\Program Files\Git\cmd;C:\Program Files\nodejs\;C:\ProgramData\chocolatey\bin;C:\Users\clyde\AppData\Local\Programs\Python\Python312\Scripts\;C:\Users\clyde\AppData\Local\Programs\Python\Python312\;C:\Users\clyde\AppData\Local\Programs\Python\Launcher\;C:\Users\clyde\AppData\Local\Microsoft\WindowsApps;C:\Users\clyde\AppData\Local\Programs\Microsoft VS Code\bin;C:\Users\clyde\AppData\Local\GitHubDesktop\bin;C:\Users\clyde\AppData\Roaming\npm
USERNAME=clyde
OS=Windows_NT
PROCESSOR_IDENTIFIER=Intel64 Family 6 Model 126 Stepping 5, GenuineIntel
TMP=C:\Users\clyde\AppData\Local\Temp
TEMP=C:\Users\clyde\AppData\Local\Temp




Periodic native trim disabled

---------------  S Y S T E M  ---------------

OS:
 Windows 11 , 64 bit Build 22621 (10.0.22621.5124)
OS uptime: 27 days 6:23 hours

CPU: total 4 (initial active 4) (2 cores per cpu, 2 threads per core) family 6 model 126 stepping 5 microcode 0x86, cx8, cmov, fxsr, ht, mmx, 3dnowpref, sse, sse2, sse3, ssse3, sse4.1, sse4.2, popcnt, lzcnt, tsc, tscinvbit, avx, avx2, aes, erms, clmul, bmi1, bmi2, adx, avx512f, avx512dq, avx512cd, avx512bw, avx512vl, sha, fma, vzeroupper, avx512_vpopcntdq, avx512_vpclmulqdq, avx512_vaes, avx512_vnni, clflush, clflushopt, avx512_vbmi2, avx512_vbmi, rdtscp, rdpid, fsrm, gfni, avx512_bitalg, f16c, pku, avx512_ifma
Processor Information for the first 4 processors :
  Max Mhz: 1190, Current Mhz: 1190, Mhz Limit: 1190

Memory: 4k page, system-wide physical 3838M (31M free)
TotalPageFile size 15614M (AvailPageFile size 6M)
current process WorkingSet (physical memory assigned to process): 8M, peak: 445M
current process commit charge ("private bytes"): 895M, peak: 896M

vm_info: OpenJDK 64-Bit Server VM (21.0.10+7-LTS) for windows-amd64 JRE (21.0.10+7-LTS), built on 2026-01-20T00:00:00Z by "admin" with MS VC++ 17.12 (VS2022)

END.
