#
# There is insufficient memory for the Java Runtime Environment to continue.
# Native memory allocation (malloc) failed to allocate 1274736 bytes. Error detail: Chunk::new
# Possible reasons:
#   The system is out of physical RAM or swap space
#   This process is running with CompressedOops enabled, and the Java Heap may be blocking the growth of the native heap
# Possible solutions:
#   Reduce memory load on the system
#   Increase physical memory or swap space
#   Check if swap backing store is full
#   Decrease Java heap size (-Xmx/-Xms)
#   Decrease number of Java threads
#   Decrease Java thread stack sizes (-Xss)
#   Set larger code cache with -XX:ReservedCodeCacheSize=
#   JVM is running with Unscaled Compressed Oops mode in which the Java heap is
#     placed in the first 4GB address space. The Java Heap base address is the
#     maximum limit for the native heap growth. Please use -XX:HeapBaseMinAddress
#     to set the Java Heap base and to place the Java Heap above 4GB virtual address.
# This output file may be truncated or incomplete.
#
#  Out of Memory Error (arena.cpp:149), pid=18584, tid=6528
#
# JRE version: Java(TM) SE Runtime Environment (23.0.1+11) (build 23.0.1+11-39)
# Java VM: Java HotSpot(TM) 64-Bit Server VM (23.0.1+11-39, mixed mode, sharing, tiered, compressed oops, compressed class ptrs, g1 gc, windows-amd64)
# No core dump will be written. Minidumps are not enabled by default on client versions of Windows
#

---------------  S U M M A R Y ------------

Command Line: --add-opens=java.base/java.util=ALL-UNNAMED --add-opens=java.base/java.lang=ALL-UNNAMED --add-opens=java.base/java.lang.invoke=ALL-UNNAMED --add-opens=java.prefs/java.util.prefs=ALL-UNNAMED --add-opens=java.base/java.nio.charset=ALL-UNNAMED --add-opens=java.base/java.net=ALL-UNNAMED --add-opens=java.base/java.util.concurrent.atomic=ALL-UNNAMED -Xmx2048m -Dfile.encoding=UTF-8 -Duser.country=US -Duser.language=en -Duser.variant -javaagent:C:\Users\clyde\.gradle\wrapper\dists\gradle-8.4-bin\1w5dpkrfk8irigvoxmyhowfim\gradle-8.4\lib\agents\gradle-instrumentation-agent-8.4.jar org.gradle.launcher.daemon.bootstrap.GradleDaemon 8.4

Host: Intel(R) Core(TM) i3-1005G1 CPU @ 1.20GHz, 4 cores, 3G,  Windows 11 , 64 bit Build 26100 (10.0.26100.8246)
Time: Sun May  3 22:39:08 2026 Malay Peninsula Standard Time elapsed time: 32.058034 seconds (0d 0h 0m 32s)

---------------  T H R E A D  ---------------

Current thread (0x0000017c7f14ad30):  JavaThread "C2 CompilerThread0" daemon [_thread_in_native, id=6528, stack(0x0000002c31c00000,0x0000002c31d00000) (1024K)]


Current CompileTask:
C2:32058 8438       4       org.objectweb.asm.SymbolTable::addConstantMemberReference (147 bytes)

Stack: [0x0000002c31c00000,0x0000002c31d00000]
Native frames: (J=compiled Java code, j=interpreted, Vv=VM code, C=native code)
V  [jvm.dll+0x6e08b9]  (no source info available)
V  [jvm.dll+0x87dc83]  (no source info available)
V  [jvm.dll+0x88010e]  (no source info available)
V  [jvm.dll+0x8807e3]  (no source info available)
V  [jvm.dll+0x27aee6]  (no source info available)
V  [jvm.dll+0xbc06f]  (no source info available)
V  [jvm.dll+0xbc2cb]  (no source info available)
V  [jvm.dll+0x3b3a62]  (no source info available)
V  [jvm.dll+0x1dc19c]  (no source info available)
V  [jvm.dll+0x244be5]  (no source info available)
V  [jvm.dll+0x243dff]  (no source info available)
V  [jvm.dll+0x1c33a0]  (no source info available)
V  [jvm.dll+0x253cf1]  (no source info available)
V  [jvm.dll+0x251faa]  (no source info available)
V  [jvm.dll+0x3ee036]  (no source info available)
V  [jvm.dll+0x824f8b]  (no source info available)
V  [jvm.dll+0x6df065]  (no source info available)
C  [ucrtbase.dll+0x37b0]  (no source info available)
C  [KERNEL32.DLL+0x2e8d7]  (no source info available)
C  [ntdll.dll+0x8c3fc]  (no source info available)

Lock stack of current Java thread (top to bottom):


---------------  P R O C E S S  ---------------

Threads class SMR info:
_java_thread_list=0x0000017c65b25ae0, length=39, elements={
0x0000017c7e2d4570, 0x0000017c7f13d140, 0x0000017c7f13e4d0, 0x0000017c7f1443b0,
0x0000017c7f1451c0, 0x0000017c7f145d10, 0x0000017c7f14a390, 0x0000017c7f14ad30,
0x0000017c7f17a5c0, 0x0000017c1b6dc270, 0x0000017c1b88e7c0, 0x0000017c61cf94d0,
0x0000017c615e8f50, 0x0000017c61da06c0, 0x0000017c623f9600, 0x0000017c623f75f0,
0x0000017c62517da0, 0x0000017c6254a010, 0x0000017c6254b3c0, 0x0000017c6254ce00,
0x0000017c62549980, 0x0000017c6254c770, 0x0000017c6254ba50, 0x0000017c6254c0e0,
0x0000017c634dc0a0, 0x0000017c634ddae0, 0x0000017c634df520, 0x0000017c634dee90,
0x0000017c634dfbb0, 0x0000017c634dd450, 0x0000017c634de800, 0x0000017c634dc730,
0x0000017c634e2310, 0x0000017c634e3030, 0x0000017c634e0f60, 0x0000017c63076270,
0x0000017c63076900, 0x0000017c63076f90, 0x0000017c63077cb0
}

Java Threads: ( => current thread )
  0x0000017c7e2d4570 JavaThread "main"                              [_thread_blocked, id=908, stack(0x0000002c30e00000,0x0000002c30f00000) (1024K)]
  0x0000017c7f13d140 JavaThread "Reference Handler"          daemon [_thread_blocked, id=18324, stack(0x0000002c31600000,0x0000002c31700000) (1024K)]
  0x0000017c7f13e4d0 JavaThread "Finalizer"                  daemon [_thread_blocked, id=3608, stack(0x0000002c31700000,0x0000002c31800000) (1024K)]
  0x0000017c7f1443b0 JavaThread "Signal Dispatcher"          daemon [_thread_blocked, id=12624, stack(0x0000002c31800000,0x0000002c31900000) (1024K)]
  0x0000017c7f1451c0 JavaThread "Attach Listener"            daemon [_thread_blocked, id=1300, stack(0x0000002c31900000,0x0000002c31a00000) (1024K)]
  0x0000017c7f145d10 JavaThread "Service Thread"             daemon [_thread_blocked, id=9456, stack(0x0000002c31a00000,0x0000002c31b00000) (1024K)]
  0x0000017c7f14a390 JavaThread "Monitor Deflation Thread"   daemon [_thread_blocked, id=17992, stack(0x0000002c31b00000,0x0000002c31c00000) (1024K)]
=>0x0000017c7f14ad30 JavaThread "C2 CompilerThread0"         daemon [_thread_in_native, id=6528, stack(0x0000002c31c00000,0x0000002c31d00000) (1024K)]
  0x0000017c7f17a5c0 JavaThread "C1 CompilerThread0"         daemon [_thread_blocked, id=11872, stack(0x0000002c31d00000,0x0000002c31e00000) (1024K)]
  0x0000017c1b6dc270 JavaThread "Common-Cleaner"             daemon [_thread_blocked, id=8056, stack(0x0000002c31e00000,0x0000002c31f00000) (1024K)]
  0x0000017c1b88e7c0 JavaThread "Notification Thread"        daemon [_thread_blocked, id=18904, stack(0x0000002c31f00000,0x0000002c32000000) (1024K)]
  0x0000017c61cf94d0 JavaThread "Daemon health stats"               [_thread_blocked, id=4860, stack(0x0000002c32300000,0x0000002c32400000) (1024K)]
  0x0000017c615e8f50 JavaThread "Incoming local TCP Connector on port 58280"        [_thread_in_native, id=15256, stack(0x0000002c32400000,0x0000002c32500000) (1024K)]
  0x0000017c61da06c0 JavaThread "Daemon periodic checks"            [_thread_blocked, id=12972, stack(0x0000002c32500000,0x0000002c32600000) (1024K)]
  0x0000017c623f9600 JavaThread "Daemon"                            [_thread_blocked, id=13164, stack(0x0000002c32600000,0x0000002c32700000) (1024K)]
  0x0000017c623f75f0 JavaThread "Handler for socket connection from /127.0.0.1:58280 to /127.0.0.1:58281"        [_thread_in_native, id=17220, stack(0x0000002c32700000,0x0000002c32800000) (1024K)]
  0x0000017c62517da0 JavaThread "Cancel handler"                    [_thread_blocked, id=12992, stack(0x0000002c32800000,0x0000002c32900000) (1024K)]
  0x0000017c6254a010 JavaThread "Daemon worker"                     [_thread_in_native, id=7072, stack(0x0000002c32900000,0x0000002c32a00000) (1024K)]
  0x0000017c6254b3c0 JavaThread "Asynchronous log dispatcher for DefaultDaemonConnection: socket connection from /127.0.0.1:58280 to /127.0.0.1:58281"        [_thread_blocked, id=1948, stack(0x0000002c32a00000,0x0000002c32b00000) (1024K)]
  0x0000017c6254ce00 JavaThread "Stdin handler"                     [_thread_blocked, id=19360, stack(0x0000002c32b00000,0x0000002c32c00000) (1024K)]
  0x0000017c62549980 JavaThread "Daemon client event forwarder"        [_thread_blocked, id=13616, stack(0x0000002c32c00000,0x0000002c32d00000) (1024K)]
  0x0000017c6254c770 JavaThread "Cache worker for journal cache (C:\Users\clyde\.gradle\caches\journal-1)"        [_thread_blocked, id=2100, stack(0x0000002c32d00000,0x0000002c32e00000) (1024K)]
  0x0000017c6254ba50 JavaThread "File lock request listener"        [_thread_in_native, id=7844, stack(0x0000002c32e00000,0x0000002c32f00000) (1024K)]
  0x0000017c6254c0e0 JavaThread "Cache worker for file hash cache (C:\Users\clyde\.gradle\caches\8.4\fileHashes)"        [_thread_blocked, id=11248, stack(0x0000002c32f00000,0x0000002c33000000) (1024K)]
  0x0000017c634dc0a0 JavaThread "File watcher server"        daemon [_thread_in_native, id=4228, stack(0x0000002c33100000,0x0000002c33200000) (1024K)]
  0x0000017c634ddae0 JavaThread "File watcher consumer"      daemon [_thread_blocked, id=14340, stack(0x0000002c33200000,0x0000002c33300000) (1024K)]
  0x0000017c634df520 JavaThread "Cache worker for checksums cache (C:\CSIT342\IT342-Benolirao-RootUser\mobile\.gradle\8.4\checksums)"        [_thread_blocked, id=6612, stack(0x0000002c33300000,0x0000002c33400000) (1024K)]
  0x0000017c634dee90 JavaThread "Cache worker for file hash cache (C:\CSIT342\IT342-Benolirao-RootUser\mobile\.gradle\8.4\fileHashes)"        [_thread_blocked, id=17260, stack(0x0000002c33400000,0x0000002c33500000) (1024K)]
  0x0000017c634dfbb0 JavaThread "Cache worker for cache directory md-supplier (C:\Users\clyde\.gradle\caches\8.4\md-supplier)"        [_thread_blocked, id=16604, stack(0x0000002c33500000,0x0000002c33600000) (1024K)]
  0x0000017c634dd450 JavaThread "Cache worker for file content cache (C:\Users\clyde\.gradle\caches\8.4\fileContent)"        [_thread_blocked, id=1868, stack(0x0000002c33600000,0x0000002c33700000) (1024K)]
  0x0000017c634de800 JavaThread "Cache worker for cache directory md-rule (C:\Users\clyde\.gradle\caches\8.4\md-rule)"        [_thread_blocked, id=18576, stack(0x0000002c33700000,0x0000002c33800000) (1024K)]
  0x0000017c634dc730 JavaThread "Cache worker for execution history cache (C:\Users\clyde\.gradle\caches\8.4\executionHistory)"        [_thread_blocked, id=19324, stack(0x0000002c33800000,0x0000002c33900000) (1024K)]
  0x0000017c634e2310 JavaThread "Cache worker for kotlin-dsl (C:\Users\clyde\.gradle\caches\8.4\kotlin-dsl)"        [_thread_blocked, id=5744, stack(0x0000002c33000000,0x0000002c33100000) (1024K)]
  0x0000017c634e3030 JavaThread "jar transforms"                    [_thread_blocked, id=10220, stack(0x0000002c33900000,0x0000002c33a00000) (1024K)]
  0x0000017c634e0f60 JavaThread "jar transforms Thread 2"           [_thread_blocked, id=18328, stack(0x0000002c33a00000,0x0000002c33b00000) (1024K)]
  0x0000017c63076270 JavaThread "jar transforms Thread 3"           [_thread_blocked, id=16068, stack(0x0000002c33b00000,0x0000002c33c00000) (1024K)]
  0x0000017c63076900 JavaThread "jar transforms Thread 4"           [_thread_blocked, id=9072, stack(0x0000002c33c00000,0x0000002c33d00000) (1024K)]
  0x0000017c63076f90 JavaThread "Cache worker for dependencies-accessors (C:\CSIT342\IT342-Benolirao-RootUser\mobile\.gradle\8.4\dependencies-accessors)"        [_thread_blocked, id=18084, stack(0x0000002c33d00000,0x0000002c33e00000) (1024K)]
  0x0000017c63077cb0 JavaThread "Cache worker for Build Output Cleanup Cache (C:\CSIT342\IT342-Benolirao-RootUser\mobile\.gradle\buildOutputCleanup)"        [_thread_blocked, id=3160, stack(0x0000002c33e00000,0x0000002c33f00000) (1024K)]
Total: 39

Other Threads:
  0x0000017c7f124870 VMThread "VM Thread"                           [id=18884, stack(0x0000002c31500000,0x0000002c31600000) (1024K)]
  0x0000017c7f10f670 WatcherThread "VM Periodic Task Thread"        [id=17424, stack(0x0000002c31400000,0x0000002c31500000) (1024K)]
  0x0000017c7e32ccc0 WorkerThread "GC Thread#0"                     [id=18960, stack(0x0000002c30f00000,0x0000002c31000000) (1024K)]
  0x0000017c611b2b10 WorkerThread "GC Thread#1"                     [id=17124, stack(0x0000002c32000000,0x0000002c32100000) (1024K)]
  0x0000017c613ee280 WorkerThread "GC Thread#2"                     [id=17344, stack(0x0000002c32100000,0x0000002c32200000) (1024K)]
  0x0000017c613ee630 WorkerThread "GC Thread#3"                     [id=9200, stack(0x0000002c32200000,0x0000002c32300000) (1024K)]
  0x0000017c7e342c30 ConcurrentGCThread "G1 Main Marker"            [id=17804, stack(0x0000002c31000000,0x0000002c31100000) (1024K)]
  0x0000017c7e344d10 WorkerThread "G1 Conc#0"                       [id=3412, stack(0x0000002c31100000,0x0000002c31200000) (1024K)]
  0x0000017c7efe10a0 ConcurrentGCThread "G1 Refine#0"               [id=19444, stack(0x0000002c31200000,0x0000002c31300000) (1024K)]
  0x0000017c7efe14e0 ConcurrentGCThread "G1 Service"                [id=14728, stack(0x0000002c31300000,0x0000002c31400000) (1024K)]
Total: 10

Threads with active compile tasks:
C2 CompilerThread0  32219 8438       4       org.objectweb.asm.SymbolTable::addConstantMemberReference (147 bytes)
Total: 1

VM state: not at safepoint (normal execution)

VM Mutex/Monitor currently owned by a thread: None

Heap address: 0x0000000080000000, size: 2048 MB, Compressed Oops mode: 32-bit

CDS archive(s) mapped at: [0x0000017c1c000000-0x0000017c1cd70000-0x0000017c1cd70000), size 14090240, SharedBaseAddress: 0x0000017c1c000000, ArchiveRelocationMode: 1.
Compressed class space mapped at: 0x0000017c1d000000-0x0000017c5d000000, reserved size: 1073741824
Narrow klass base: 0x0000017c1c000000, Narrow klass shift: 0, Narrow klass range: 0x41000000

GC Precious Log:
 CardTable entry size: 512
 Card Set container configuration: InlinePtr #cards 5 size 8 Array Of Cards #cards 10 size 36 Howl #buckets 4 coarsen threshold 1843 Howl Bitmap #cards 512 size 80 coarsen threshold 460 Card regions per heap region 1 cards per card region 2048
 CPUs: 4 total, 4 available
 Memory: 3838M
 Large Page Support: Disabled
 NUMA Support: Disabled
 Compressed Oops: Enabled (32-bit)
 Heap Region Size: 1M
 Heap Min Capacity: 8M
 Heap Initial Capacity: 60M
 Heap Max Capacity: 2G
 Pre-touch: Disabled
 Parallel Workers: 4
 Concurrent Workers: 1
 Concurrent Refinement Workers: 4
 Periodic GC: Disabled

Heap:
 garbage-first heap   total reserved 2097152K, committed 139264K, used 97022K [0x0000000080000000, 0x0000000100000000)
  region size 1024K, 21 young (21504K), 3 survivors (3072K)
 Metaspace       used 103433K, committed 105664K, reserved 1179648K
  class space    used 14230K, committed 15296K, reserved 1048576K

Heap Regions: E=young(eden), S=young(survivor), O=old, HS=humongous(starts), HC=humongous(continues), CS=collection set, F=free, TAMS=top-at-mark-start, PB=parsable bottom
|   0|0x0000000080000000, 0x0000000080100000, 0x0000000080100000|100%| O|  |TAMS 0x0000000080000000| PB 0x0000000080000000| Untracked |  0
|   1|0x0000000080100000, 0x0000000080200000, 0x0000000080200000|100%| O|  |TAMS 0x0000000080100000| PB 0x0000000080100000| Untracked |  0
|   2|0x0000000080200000, 0x0000000080300000, 0x0000000080300000|100%| O|  |TAMS 0x0000000080200000| PB 0x0000000080200000| Untracked |  0
|   3|0x0000000080300000, 0x0000000080400000, 0x0000000080400000|100%|HS|  |TAMS 0x0000000080300000| PB 0x0000000080300000| Complete |  0
|   4|0x0000000080400000, 0x0000000080500000, 0x0000000080500000|100%|HC|  |TAMS 0x0000000080400000| PB 0x0000000080400000| Complete |  0
|   5|0x0000000080500000, 0x0000000080600000, 0x0000000080600000|100%|HC|  |TAMS 0x0000000080500000| PB 0x0000000080500000| Complete |  0
|   6|0x0000000080600000, 0x0000000080700000, 0x0000000080700000|100%|HC|  |TAMS 0x0000000080600000| PB 0x0000000080600000| Complete |  0
|   7|0x0000000080700000, 0x0000000080800000, 0x0000000080800000|100%| O|  |TAMS 0x0000000080700000| PB 0x0000000080700000| Untracked |  0
|   8|0x0000000080800000, 0x0000000080900000, 0x0000000080900000|100%| O|  |TAMS 0x0000000080800000| PB 0x0000000080800000| Untracked |  0
|   9|0x0000000080900000, 0x0000000080a00000, 0x0000000080a00000|100%| O|  |TAMS 0x0000000080900000| PB 0x0000000080900000| Untracked |  0
|  10|0x0000000080a00000, 0x0000000080b00000, 0x0000000080b00000|100%| O|  |TAMS 0x0000000080a00000| PB 0x0000000080a00000| Untracked |  0
|  11|0x0000000080b00000, 0x0000000080c00000, 0x0000000080c00000|100%| O|  |TAMS 0x0000000080b00000| PB 0x0000000080b00000| Untracked |  0
|  12|0x0000000080c00000, 0x0000000080d00000, 0x0000000080d00000|100%| O|  |TAMS 0x0000000080c00000| PB 0x0000000080c00000| Untracked |  0
|  13|0x0000000080d00000, 0x0000000080e00000, 0x0000000080e00000|100%| O|  |TAMS 0x0000000080d00000| PB 0x0000000080d00000| Untracked |  0
|  14|0x0000000080e00000, 0x0000000080f00000, 0x0000000080f00000|100%| O|  |TAMS 0x0000000080e00000| PB 0x0000000080e00000| Untracked |  0
|  15|0x0000000080f00000, 0x0000000081000000, 0x0000000081000000|100%| O|  |TAMS 0x0000000080f00000| PB 0x0000000080f00000| Untracked |  0
|  16|0x0000000081000000, 0x0000000081100000, 0x0000000081100000|100%| O|  |TAMS 0x0000000081000000| PB 0x0000000081000000| Untracked |  0
|  17|0x0000000081100000, 0x0000000081200000, 0x0000000081200000|100%| O|  |TAMS 0x0000000081100000| PB 0x0000000081100000| Untracked |  0
|  18|0x0000000081200000, 0x0000000081300000, 0x0000000081300000|100%| O|  |TAMS 0x0000000081200000| PB 0x0000000081200000| Untracked |  0
|  19|0x0000000081300000, 0x0000000081400000, 0x0000000081400000|100%| O|  |TAMS 0x0000000081300000| PB 0x0000000081300000| Untracked |  0
|  20|0x0000000081400000, 0x0000000081500000, 0x0000000081500000|100%| O|  |TAMS 0x0000000081400000| PB 0x0000000081400000| Untracked |  0
|  21|0x0000000081500000, 0x0000000081600000, 0x0000000081600000|100%| O|  |TAMS 0x0000000081500000| PB 0x0000000081500000| Untracked |  0
|  22|0x0000000081600000, 0x0000000081700000, 0x0000000081700000|100%| O|  |TAMS 0x0000000081600000| PB 0x0000000081600000| Untracked |  0
|  23|0x0000000081700000, 0x0000000081800000, 0x0000000081800000|100%| O|  |TAMS 0x0000000081700000| PB 0x0000000081700000| Untracked |  0
|  24|0x0000000081800000, 0x0000000081900000, 0x0000000081900000|100%| O|  |TAMS 0x0000000081800000| PB 0x0000000081800000| Untracked |  0
|  25|0x0000000081900000, 0x0000000081a00000, 0x0000000081a00000|100%| O|  |TAMS 0x0000000081900000| PB 0x0000000081900000| Untracked |  0
|  26|0x0000000081a00000, 0x0000000081b00000, 0x0000000081b00000|100%| O|  |TAMS 0x0000000081a00000| PB 0x0000000081a00000| Untracked |  0
|  27|0x0000000081b00000, 0x0000000081c00000, 0x0000000081c00000|100%| O|  |TAMS 0x0000000081b00000| PB 0x0000000081b00000| Untracked |  0
|  28|0x0000000081c00000, 0x0000000081d00000, 0x0000000081d00000|100%| O|  |TAMS 0x0000000081c00000| PB 0x0000000081c00000| Untracked |  0
|  29|0x0000000081d00000, 0x0000000081e00000, 0x0000000081e00000|100%| O|  |TAMS 0x0000000081d00000| PB 0x0000000081d00000| Untracked |  0
|  30|0x0000000081e00000, 0x0000000081f00000, 0x0000000081f00000|100%| O|  |TAMS 0x0000000081e00000| PB 0x0000000081e00000| Untracked |  0
|  31|0x0000000081f00000, 0x0000000082000000, 0x0000000082000000|100%| O|  |TAMS 0x0000000081f00000| PB 0x0000000081f00000| Untracked |  0
|  32|0x0000000082000000, 0x0000000082100000, 0x0000000082100000|100%| O|  |TAMS 0x0000000082000000| PB 0x0000000082000000| Untracked |  0
|  33|0x0000000082100000, 0x0000000082200000, 0x0000000082200000|100%| O|  |TAMS 0x0000000082100000| PB 0x0000000082100000| Untracked |  0
|  34|0x0000000082200000, 0x0000000082300000, 0x0000000082300000|100%| O|  |TAMS 0x0000000082200000| PB 0x0000000082200000| Untracked |  0
|  35|0x0000000082300000, 0x0000000082400000, 0x0000000082400000|100%| O|  |TAMS 0x0000000082300000| PB 0x0000000082300000| Untracked |  0
|  36|0x0000000082400000, 0x0000000082500000, 0x0000000082500000|100%| O|  |TAMS 0x0000000082400000| PB 0x0000000082400000| Untracked |  0
|  37|0x0000000082500000, 0x0000000082600000, 0x0000000082600000|100%| O|  |TAMS 0x0000000082500000| PB 0x0000000082500000| Untracked |  0
|  38|0x0000000082600000, 0x0000000082700000, 0x0000000082700000|100%| O|  |TAMS 0x0000000082600000| PB 0x0000000082600000| Untracked |  0
|  39|0x0000000082700000, 0x0000000082800000, 0x0000000082800000|100%|HS|  |TAMS 0x0000000082700000| PB 0x0000000082700000| Complete |  0
|  40|0x0000000082800000, 0x0000000082900000, 0x0000000082900000|100%| O|  |TAMS 0x0000000082800000| PB 0x0000000082800000| Untracked |  0
|  41|0x0000000082900000, 0x0000000082a00000, 0x0000000082a00000|100%| O|  |TAMS 0x0000000082900000| PB 0x0000000082900000| Untracked |  0
|  42|0x0000000082a00000, 0x0000000082b00000, 0x0000000082b00000|100%| O|  |TAMS 0x0000000082a00000| PB 0x0000000082a00000| Untracked |  0
|  43|0x0000000082b00000, 0x0000000082c00000, 0x0000000082c00000|100%| O|Cm|TAMS 0x0000000082b00000| PB 0x0000000082b00000| Complete |  0
|  44|0x0000000082c00000, 0x0000000082d00000, 0x0000000082d00000|100%| O|  |TAMS 0x0000000082c00000| PB 0x0000000082c00000| Untracked |  0
|  45|0x0000000082d00000, 0x0000000082e00000, 0x0000000082e00000|100%| O|  |TAMS 0x0000000082d00000| PB 0x0000000082d00000| Untracked |  0
|  46|0x0000000082e00000, 0x0000000082f00000, 0x0000000082f00000|100%| O|  |TAMS 0x0000000082e00000| PB 0x0000000082e00000| Untracked |  0
|  47|0x0000000082f00000, 0x0000000083000000, 0x0000000083000000|100%| O|  |TAMS 0x0000000082f00000| PB 0x0000000082f00000| Untracked |  0
|  48|0x0000000083000000, 0x0000000083100000, 0x0000000083100000|100%| O|  |TAMS 0x0000000083000000| PB 0x0000000083000000| Untracked |  0
|  49|0x0000000083100000, 0x0000000083200000, 0x0000000083200000|100%| O|  |TAMS 0x0000000083100000| PB 0x0000000083100000| Untracked |  0
|  50|0x0000000083200000, 0x0000000083300000, 0x0000000083300000|100%| O|Cm|TAMS 0x0000000083200000| PB 0x0000000083200000| Complete |  0
|  51|0x0000000083300000, 0x0000000083400000, 0x0000000083400000|100%| O|  |TAMS 0x0000000083300000| PB 0x0000000083300000| Untracked |  0
|  52|0x0000000083400000, 0x0000000083500000, 0x0000000083500000|100%| O|  |TAMS 0x0000000083400000| PB 0x0000000083400000| Untracked |  0
|  53|0x0000000083500000, 0x0000000083600000, 0x0000000083600000|100%| O|  |TAMS 0x0000000083500000| PB 0x0000000083500000| Untracked |  0
|  54|0x0000000083600000, 0x0000000083700000, 0x0000000083700000|100%|HS|  |TAMS 0x0000000083600000| PB 0x0000000083600000| Complete |  0
|  55|0x0000000083700000, 0x0000000083800000, 0x0000000083800000|100%|HC|  |TAMS 0x0000000083700000| PB 0x0000000083700000| Complete |  0
|  56|0x0000000083800000, 0x0000000083900000, 0x0000000083900000|100%|HC|  |TAMS 0x0000000083800000| PB 0x0000000083800000| Complete |  0
|  57|0x0000000083900000, 0x0000000083a00000, 0x0000000083a00000|100%|HC|  |TAMS 0x0000000083900000| PB 0x0000000083900000| Complete |  0
|  58|0x0000000083a00000, 0x0000000083b00000, 0x0000000083b00000|100%|HC|  |TAMS 0x0000000083a00000| PB 0x0000000083a00000| Complete |  0
|  59|0x0000000083b00000, 0x0000000083c00000, 0x0000000083c00000|100%|HC|  |TAMS 0x0000000083b00000| PB 0x0000000083b00000| Complete |  0
|  60|0x0000000083c00000, 0x0000000083d00000, 0x0000000083d00000|100%| O|Cm|TAMS 0x0000000083c00000| PB 0x0000000083c00000| Complete |  0
|  61|0x0000000083d00000, 0x0000000083e00000, 0x0000000083e00000|100%| O|  |TAMS 0x0000000083d00000| PB 0x0000000083d00000| Untracked |  0
|  62|0x0000000083e00000, 0x0000000083f00000, 0x0000000083f00000|100%| O|  |TAMS 0x0000000083e00000| PB 0x0000000083e00000| Untracked |  0
|  63|0x0000000083f00000, 0x0000000084000000, 0x0000000084000000|100%| O|  |TAMS 0x0000000083f00000| PB 0x0000000083f00000| Untracked |  0
|  64|0x0000000084000000, 0x0000000084100000, 0x0000000084100000|100%| O|  |TAMS 0x0000000084000000| PB 0x0000000084000000| Untracked |  0
|  65|0x0000000084100000, 0x0000000084200000, 0x0000000084200000|100%| O|  |TAMS 0x0000000084100000| PB 0x0000000084100000| Untracked |  0
|  66|0x0000000084200000, 0x0000000084300000, 0x0000000084300000|100%| O|  |TAMS 0x0000000084200000| PB 0x0000000084200000| Untracked |  0
|  67|0x0000000084300000, 0x0000000084400000, 0x0000000084400000|100%| O|  |TAMS 0x0000000084300000| PB 0x0000000084300000| Untracked |  0
|  68|0x0000000084400000, 0x0000000084500000, 0x0000000084500000|100%| O|  |TAMS 0x0000000084400000| PB 0x0000000084400000| Untracked |  0
|  69|0x0000000084500000, 0x0000000084600000, 0x0000000084600000|100%| O|  |TAMS 0x0000000084500000| PB 0x0000000084500000| Untracked |  0
|  70|0x0000000084600000, 0x0000000084700000, 0x0000000084700000|100%| O|  |TAMS 0x0000000084600000| PB 0x0000000084600000| Untracked |  0
|  71|0x0000000084700000, 0x0000000084768fc0, 0x0000000084800000| 41%| O|  |TAMS 0x0000000084700000| PB 0x0000000084700000| Untracked |  0
|  72|0x0000000084800000, 0x0000000084800000, 0x0000000084900000|  0%| F|  |TAMS 0x0000000084800000| PB 0x0000000084800000| Untracked |  0
|  73|0x0000000084900000, 0x0000000084900000, 0x0000000084a00000|  0%| F|  |TAMS 0x0000000084900000| PB 0x0000000084900000| Untracked |  0
|  74|0x0000000084a00000, 0x0000000084a00000, 0x0000000084b00000|  0%| F|  |TAMS 0x0000000084a00000| PB 0x0000000084a00000| Untracked |  0
|  75|0x0000000084b00000, 0x0000000084b00000, 0x0000000084c00000|  0%| F|  |TAMS 0x0000000084b00000| PB 0x0000000084b00000| Untracked |  0
|  76|0x0000000084c00000, 0x0000000084c00000, 0x0000000084d00000|  0%| F|  |TAMS 0x0000000084c00000| PB 0x0000000084c00000| Untracked |  0
|  77|0x0000000084d00000, 0x0000000084d00000, 0x0000000084e00000|  0%| F|  |TAMS 0x0000000084d00000| PB 0x0000000084d00000| Untracked |  0
|  78|0x0000000084e00000, 0x0000000084e00000, 0x0000000084f00000|  0%| F|  |TAMS 0x0000000084e00000| PB 0x0000000084e00000| Untracked |  0
|  79|0x0000000084f00000, 0x0000000084f00000, 0x0000000085000000|  0%| F|  |TAMS 0x0000000084f00000| PB 0x0000000084f00000| Untracked |  0
|  80|0x0000000085000000, 0x0000000085000000, 0x0000000085100000|  0%| F|  |TAMS 0x0000000085000000| PB 0x0000000085000000| Untracked |  0
|  81|0x0000000085100000, 0x0000000085100000, 0x0000000085200000|  0%| F|  |TAMS 0x0000000085100000| PB 0x0000000085100000| Untracked |  0
|  82|0x0000000085200000, 0x0000000085200000, 0x0000000085300000|  0%| F|  |TAMS 0x0000000085200000| PB 0x0000000085200000| Untracked |  0
|  83|0x0000000085300000, 0x0000000085300000, 0x0000000085400000|  0%| F|  |TAMS 0x0000000085300000| PB 0x0000000085300000| Untracked |  0
|  84|0x0000000085400000, 0x0000000085456ac0, 0x0000000085500000| 33%| S|CS|TAMS 0x0000000085400000| PB 0x0000000085400000| Complete |  0
|  85|0x0000000085500000, 0x0000000085600000, 0x0000000085600000|100%| S|CS|TAMS 0x0000000085500000| PB 0x0000000085500000| Complete |  0
|  86|0x0000000085600000, 0x0000000085700000, 0x0000000085700000|100%| S|CS|TAMS 0x0000000085600000| PB 0x0000000085600000| Complete |  0
|  87|0x0000000085700000, 0x0000000085700000, 0x0000000085800000|  0%| F|  |TAMS 0x0000000085700000| PB 0x0000000085700000| Untracked |  0
|  88|0x0000000085800000, 0x0000000085800000, 0x0000000085900000|  0%| F|  |TAMS 0x0000000085800000| PB 0x0000000085800000| Untracked |  0
|  89|0x0000000085900000, 0x0000000085900000, 0x0000000085a00000|  0%| F|  |TAMS 0x0000000085900000| PB 0x0000000085900000| Untracked |  0
|  90|0x0000000085a00000, 0x0000000085a00000, 0x0000000085b00000|  0%| F|  |TAMS 0x0000000085a00000| PB 0x0000000085a00000| Untracked |  0
|  91|0x0000000085b00000, 0x0000000085b00000, 0x0000000085c00000|  0%| F|  |TAMS 0x0000000085b00000| PB 0x0000000085b00000| Untracked |  0
|  92|0x0000000085c00000, 0x0000000085c00000, 0x0000000085d00000|  0%| F|  |TAMS 0x0000000085c00000| PB 0x0000000085c00000| Untracked |  0
|  93|0x0000000085d00000, 0x0000000085d00000, 0x0000000085e00000|  0%| F|  |TAMS 0x0000000085d00000| PB 0x0000000085d00000| Untracked |  0
|  94|0x0000000085e00000, 0x0000000085e00000, 0x0000000085f00000|  0%| F|  |TAMS 0x0000000085e00000| PB 0x0000000085e00000| Untracked |  0
|  95|0x0000000085f00000, 0x0000000085f00000, 0x0000000086000000|  0%| F|  |TAMS 0x0000000085f00000| PB 0x0000000085f00000| Untracked |  0
|  96|0x0000000086000000, 0x0000000086000000, 0x0000000086100000|  0%| F|  |TAMS 0x0000000086000000| PB 0x0000000086000000| Untracked |  0
|  97|0x0000000086100000, 0x0000000086100000, 0x0000000086200000|  0%| F|  |TAMS 0x0000000086100000| PB 0x0000000086100000| Untracked |  0
|  98|0x0000000086200000, 0x0000000086200000, 0x0000000086300000|  0%| F|  |TAMS 0x0000000086200000| PB 0x0000000086200000| Untracked |  0
|  99|0x0000000086300000, 0x0000000086300000, 0x0000000086400000|  0%| F|  |TAMS 0x0000000086300000| PB 0x0000000086300000| Untracked |  0
| 100|0x0000000086400000, 0x0000000086400000, 0x0000000086500000|  0%| F|  |TAMS 0x0000000086400000| PB 0x0000000086400000| Untracked |  0
| 101|0x0000000086500000, 0x0000000086500000, 0x0000000086600000|  0%| F|  |TAMS 0x0000000086500000| PB 0x0000000086500000| Untracked |  0
| 102|0x0000000086600000, 0x0000000086600000, 0x0000000086700000|  0%| F|  |TAMS 0x0000000086600000| PB 0x0000000086600000| Untracked |  0
| 103|0x0000000086700000, 0x0000000086700000, 0x0000000086800000|  0%| F|  |TAMS 0x0000000086700000| PB 0x0000000086700000| Untracked |  0
| 104|0x0000000086800000, 0x0000000086800000, 0x0000000086900000|  0%| F|  |TAMS 0x0000000086800000| PB 0x0000000086800000| Untracked |  0
| 105|0x0000000086900000, 0x0000000086900000, 0x0000000086a00000|  0%| F|  |TAMS 0x0000000086900000| PB 0x0000000086900000| Untracked |  0
| 106|0x0000000086a00000, 0x0000000086a00000, 0x0000000086b00000|  0%| F|  |TAMS 0x0000000086a00000| PB 0x0000000086a00000| Untracked |  0
| 107|0x0000000086b00000, 0x0000000086b00000, 0x0000000086c00000|  0%| F|  |TAMS 0x0000000086b00000| PB 0x0000000086b00000| Untracked |  0
| 108|0x0000000086c00000, 0x0000000086c00000, 0x0000000086d00000|  0%| F|  |TAMS 0x0000000086c00000| PB 0x0000000086c00000| Untracked |  0
| 109|0x0000000086d00000, 0x0000000086d00000, 0x0000000086e00000|  0%| F|  |TAMS 0x0000000086d00000| PB 0x0000000086d00000| Untracked |  0
| 110|0x0000000086e00000, 0x0000000086e00000, 0x0000000086f00000|  0%| F|  |TAMS 0x0000000086e00000| PB 0x0000000086e00000| Untracked |  0
| 111|0x0000000086f00000, 0x0000000086f00000, 0x0000000087000000|  0%| F|  |TAMS 0x0000000086f00000| PB 0x0000000086f00000| Untracked |  0
| 112|0x0000000087000000, 0x0000000087000000, 0x0000000087100000|  0%| F|  |TAMS 0x0000000087000000| PB 0x0000000087000000| Untracked |  0
| 113|0x0000000087100000, 0x0000000087100000, 0x0000000087200000|  0%| F|  |TAMS 0x0000000087100000| PB 0x0000000087100000| Untracked |  0
| 114|0x0000000087200000, 0x0000000087300000, 0x0000000087300000|100%| E|  |TAMS 0x0000000087200000| PB 0x0000000087200000| Complete |  0
| 115|0x0000000087300000, 0x0000000087400000, 0x0000000087400000|100%| E|CS|TAMS 0x0000000087300000| PB 0x0000000087300000| Complete |  0
| 116|0x0000000087400000, 0x0000000087500000, 0x0000000087500000|100%| E|CS|TAMS 0x0000000087400000| PB 0x0000000087400000| Complete |  0
| 117|0x0000000087500000, 0x0000000087600000, 0x0000000087600000|100%| E|CS|TAMS 0x0000000087500000| PB 0x0000000087500000| Complete |  0
| 118|0x0000000087600000, 0x0000000087700000, 0x0000000087700000|100%| E|CS|TAMS 0x0000000087600000| PB 0x0000000087600000| Complete |  0
| 119|0x0000000087700000, 0x0000000087800000, 0x0000000087800000|100%| E|CS|TAMS 0x0000000087700000| PB 0x0000000087700000| Complete |  0
| 120|0x0000000087800000, 0x0000000087900000, 0x0000000087900000|100%| E|CS|TAMS 0x0000000087800000| PB 0x0000000087800000| Complete |  0
| 121|0x0000000087900000, 0x0000000087a00000, 0x0000000087a00000|100%| E|CS|TAMS 0x0000000087900000| PB 0x0000000087900000| Complete |  0
| 122|0x0000000087a00000, 0x0000000087b00000, 0x0000000087b00000|100%| E|CS|TAMS 0x0000000087a00000| PB 0x0000000087a00000| Complete |  0
| 123|0x0000000087b00000, 0x0000000087c00000, 0x0000000087c00000|100%| E|CS|TAMS 0x0000000087b00000| PB 0x0000000087b00000| Complete |  0
| 124|0x0000000087c00000, 0x0000000087d00000, 0x0000000087d00000|100%| E|CS|TAMS 0x0000000087c00000| PB 0x0000000087c00000| Complete |  0
| 125|0x0000000087d00000, 0x0000000087e00000, 0x0000000087e00000|100%| E|CS|TAMS 0x0000000087d00000| PB 0x0000000087d00000| Complete |  0
| 126|0x0000000087e00000, 0x0000000087f00000, 0x0000000087f00000|100%| E|CS|TAMS 0x0000000087e00000| PB 0x0000000087e00000| Complete |  0
| 127|0x0000000087f00000, 0x0000000088000000, 0x0000000088000000|100%| E|CS|TAMS 0x0000000087f00000| PB 0x0000000087f00000| Complete |  0
| 128|0x0000000088000000, 0x0000000088100000, 0x0000000088100000|100%| E|CS|TAMS 0x0000000088000000| PB 0x0000000088000000| Complete |  0
| 129|0x0000000088100000, 0x0000000088200000, 0x0000000088200000|100%| E|CS|TAMS 0x0000000088100000| PB 0x0000000088100000| Complete |  0
|2042|0x00000000ffa00000, 0x00000000ffb00000, 0x00000000ffb00000|100%| E|CS|TAMS 0x00000000ffa00000| PB 0x00000000ffa00000| Complete |  0
|2043|0x00000000ffb00000, 0x00000000ffc00000, 0x00000000ffc00000|100%| E|CS|TAMS 0x00000000ffb00000| PB 0x00000000ffb00000| Complete |  0
|2044|0x00000000ffc00000, 0x00000000ffd00000, 0x00000000ffd00000|100%| O|  |TAMS 0x00000000ffc00000| PB 0x00000000ffc00000| Untracked |  0
|2045|0x00000000ffd00000, 0x00000000ffe00000, 0x00000000ffe00000|100%| O|  |TAMS 0x00000000ffd00000| PB 0x00000000ffd00000| Untracked |  0
|2046|0x00000000ffe00000, 0x00000000fff00000, 0x00000000fff00000|100%| O|  |TAMS 0x00000000ffe00000| PB 0x00000000ffe00000| Untracked |  0
|2047|0x00000000fff00000, 0x0000000100000000, 0x0000000100000000|100%| O|  |TAMS 0x00000000fff00000| PB 0x00000000fff00000| Untracked |  0

Card table byte_map: [0x0000017c7e790000,0x0000017c7eb90000] _byte_map_base: 0x0000017c7e390000

Marking Bits: (CMBitMap*) 0x0000017c7e32d2e0
 Bits: [0x0000017c17670000, 0x0000017c19670000)

Polling page: 0x0000017c7c0d0000

Metaspace:

Usage:
  Non-class:     87.13 MB used.
      Class:     13.90 MB used.
       Both:    101.03 MB used.

Virtual space:
  Non-class space:      128.00 MB reserved,      88.25 MB ( 69%) committed,  2 nodes.
      Class space:        1.00 GB reserved,      14.94 MB (  1%) committed,  1 nodes.
             Both:        1.12 GB reserved,     103.19 MB (  9%) committed. 

Chunk freelists:
   Non-Class:  7.44 MB
       Class:  1.04 MB
        Both:  8.48 MB

MaxMetaspaceSize: unlimited
CompressedClassSpaceSize: 1.00 GB
Initial GC threshold: 21.00 MB
Current GC threshold: 158.25 MB
CDS: on
 - commit_granule_bytes: 65536.
 - commit_granule_words: 8192.
 - virtual_space_node_default_size: 8388608.
 - enlarge_chunks_in_place: 1.
 - use_allocation_guard: 0.


Internal statistics:

num_allocs_failed_limit: 6.
num_arena_births: 3802.
num_arena_deaths: 0.
num_vsnodes_births: 3.
num_vsnodes_deaths: 0.
num_space_committed: 1650.
num_space_uncommitted: 0.
num_chunks_returned_to_freelist: 6.
num_chunks_taken_from_freelist: 7886.
num_chunk_merges: 6.
num_chunk_splits: 5680.
num_chunks_enlarged: 4063.
num_inconsistent_stats: 0.

CodeHeap 'non-profiled nmethods': size=120064Kb used=3082Kb max_used=3082Kb free=116981Kb
 bounds [0x0000017c10130000, 0x0000017c10440000, 0x0000017c17670000]
CodeHeap 'profiled nmethods': size=120000Kb used=11208Kb max_used=11208Kb free=108791Kb
 bounds [0x0000017c08670000, 0x0000017c09170000, 0x0000017c0fba0000]
CodeHeap 'non-nmethods': size=5696Kb used=2478Kb max_used=2478Kb free=3217Kb
 bounds [0x0000017c0fba0000, 0x0000017c0fe20000, 0x0000017c10130000]
CodeCache: size=245760Kb, used=16768Kb, max_used=16768Kb, free=228989Kb
 total_blobs=8354, nmethods=7387, adapters=871, full_count=0
Compilation: enabled, stopped_count=0, restarted_count=0

Compilation events (20 events):
Event: 30.974 Thread 0x0000017c7f17a5c0 8498       3       java.util.HashSet::<init> (29 bytes)
Event: 30.975 Thread 0x0000017c7f17a5c0 nmethod 8498 0x0000017c0914b888 code [0x0000017c0914ba00, 0x0000017c0914bee8]
Event: 30.976 Thread 0x0000017c7f17a5c0 8499       3       org.gradle.api.internal.artifacts.repositories.resolver.AbstractResourcePattern::isOptionalToken (153 bytes)
Event: 30.977 Thread 0x0000017c7f17a5c0 nmethod 8499 0x0000017c0914bf88 code [0x0000017c0914c1e0, 0x0000017c0914d0e0]
Event: 30.977 Thread 0x0000017c7f17a5c0 8500       1       org.gradle.internal.resource.ExternalResourceName::getPath (5 bytes)
Event: 30.977 Thread 0x0000017c7f17a5c0 nmethod 8500 0x0000017c1042fb88 code [0x0000017c1042fca0, 0x0000017c1042fd68]
Event: 30.977 Thread 0x0000017c7f17a5c0 8501       3       java.security.MessageDigest$Delegate::clone (51 bytes)
Event: 30.977 Thread 0x0000017c7f17a5c0 nmethod 8501 0x0000017c0914d208 code [0x0000017c0914d380, 0x0000017c0914dbc0]
Event: 30.977 Thread 0x0000017c7f17a5c0 8502       3       org.gradle.cache.internal.DefaultCrossBuildInMemoryCacheFactory$AbstractCrossBuildInMemoryCache::getIfPresentWithoutLock (43 bytes)
Event: 30.978 Thread 0x0000017c7f17a5c0 nmethod 8502 0x0000017c0914dc08 code [0x0000017c0914dd60, 0x0000017c0914e1a8]
Event: 30.982 Thread 0x0000017c7f17a5c0 8503       3       com.google.common.collect.ImmutableSet$Builder::add (31 bytes)
Event: 30.982 Thread 0x0000017c7f17a5c0 nmethod 8503 0x0000017c0914e208 code [0x0000017c0914e380, 0x0000017c0914e9c0]
Event: 30.992 Thread 0x0000017c7f17a5c0 8505       3       com.google.common.collect.RegularImmutableMap::get (64 bytes)
Event: 30.993 Thread 0x0000017c7f17a5c0 nmethod 8505 0x0000017c0914ea08 code [0x0000017c0914eba0, 0x0000017c0914f120]
Event: 30.993 Thread 0x0000017c7f17a5c0 8504       3       com.google.common.collect.RegularImmutableMap::get (13 bytes)
Event: 30.993 Thread 0x0000017c7f17a5c0 nmethod 8504 0x0000017c0914f188 code [0x0000017c0914f2a0, 0x0000017c0914f3e8]
Event: 31.010 Thread 0x0000017c7f17a5c0 8508       3       java.util.regex.Pattern::range (294 bytes)
Event: 31.012 Thread 0x0000017c7f17a5c0 nmethod 8508 0x0000017c0914f488 code [0x0000017c0914f840, 0x0000017c09150f98]
Event: 31.048 Thread 0x0000017c7f17a5c0 8509       3       java.lang.Long::hashCode (8 bytes)
Event: 31.048 Thread 0x0000017c7f17a5c0 nmethod 8509 0x0000017c09151088 code [0x0000017c091511a0, 0x0000017c091512e0]

GC Heap History (20 events):
Event: 24.366 GC heap before
{Heap before GC invocations=31 (full 0):
 garbage-first heap   total reserved 2097152K, committed 91136K, used 81980K [0x0000000080000000, 0x0000000100000000)
  region size 1024K, 23 young (23552K), 2 survivors (2048K)
 Metaspace       used 68273K, committed 70016K, reserved 1114112K
  class space    used 10115K, committed 10944K, reserved 1048576K
}
Event: 24.377 GC heap after
{Heap after GC invocations=32 (full 0):
 garbage-first heap   total reserved 2097152K, committed 91136K, used 61984K [0x0000000080000000, 0x0000000100000000)
  region size 1024K, 3 young (3072K), 3 survivors (3072K)
 Metaspace       used 68273K, committed 70016K, reserved 1114112K
  class space    used 10115K, committed 10944K, reserved 1048576K
}
Event: 25.077 GC heap before
{Heap before GC invocations=32 (full 0):
 garbage-first heap   total reserved 2097152K, committed 91136K, used 82464K [0x0000000080000000, 0x0000000100000000)
  region size 1024K, 23 young (23552K), 3 survivors (3072K)
 Metaspace       used 70609K, committed 72320K, reserved 1114112K
  class space    used 10310K, committed 11136K, reserved 1048576K
}
Event: 25.082 GC heap after
{Heap after GC invocations=33 (full 0):
 garbage-first heap   total reserved 2097152K, committed 91136K, used 62809K [0x0000000080000000, 0x0000000100000000)
  region size 1024K, 2 young (2048K), 2 survivors (2048K)
 Metaspace       used 70609K, committed 72320K, reserved 1114112K
  class space    used 10310K, committed 11136K, reserved 1048576K
}
Event: 25.407 GC heap before
{Heap before GC invocations=33 (full 0):
 garbage-first heap   total reserved 2097152K, committed 91136K, used 82265K [0x0000000080000000, 0x0000000100000000)
  region size 1024K, 22 young (22528K), 2 survivors (2048K)
 Metaspace       used 72904K, committed 74880K, reserved 1114112K
  class space    used 10596K, committed 11520K, reserved 1048576K
}
Event: 25.411 GC heap after
{Heap after GC invocations=34 (full 0):
 garbage-first heap   total reserved 2097152K, committed 91136K, used 64654K [0x0000000080000000, 0x0000000100000000)
  region size 1024K, 3 young (3072K), 3 survivors (3072K)
 Metaspace       used 72904K, committed 74880K, reserved 1114112K
  class space    used 10596K, committed 11520K, reserved 1048576K
}
Event: 25.663 GC heap before
{Heap before GC invocations=35 (full 0):
 garbage-first heap   total reserved 2097152K, committed 109568K, used 81038K [0x0000000080000000, 0x0000000100000000)
  region size 1024K, 19 young (19456K), 3 survivors (3072K)
 Metaspace       used 74840K, committed 76992K, reserved 1114112K
  class space    used 10873K, committed 11904K, reserved 1048576K
}
Event: 25.668 GC heap after
{Heap after GC invocations=36 (full 0):
 garbage-first heap   total reserved 2097152K, committed 109568K, used 65976K [0x0000000080000000, 0x0000000100000000)
  region size 1024K, 2 young (2048K), 2 survivors (2048K)
 Metaspace       used 74840K, committed 76992K, reserved 1114112K
  class space    used 10873K, committed 11904K, reserved 1048576K
}
Event: 26.093 GC heap before
{Heap before GC invocations=36 (full 0):
 garbage-first heap   total reserved 2097152K, committed 109568K, used 96696K [0x0000000080000000, 0x0000000100000000)
  region size 1024K, 32 young (32768K), 2 survivors (2048K)
 Metaspace       used 78535K, committed 80640K, reserved 1179648K
  class space    used 11337K, committed 12352K, reserved 1048576K
}
Event: 26.101 GC heap after
{Heap after GC invocations=37 (full 0):
 garbage-first heap   total reserved 2097152K, committed 139264K, used 67457K [0x0000000080000000, 0x0000000100000000)
  region size 1024K, 4 young (4096K), 4 survivors (4096K)
 Metaspace       used 78535K, committed 80640K, reserved 1179648K
  class space    used 11337K, committed 12352K, reserved 1048576K
}
Event: 26.694 GC heap before
{Heap before GC invocations=37 (full 0):
 garbage-first heap   total reserved 2097152K, committed 139264K, used 110465K [0x0000000080000000, 0x0000000100000000)
  region size 1024K, 45 young (46080K), 4 survivors (4096K)
 Metaspace       used 82879K, committed 84992K, reserved 1179648K
  class space    used 11891K, committed 12864K, reserved 1048576K
}
Event: 26.701 GC heap after
{Heap after GC invocations=38 (full 0):
 garbage-first heap   total reserved 2097152K, committed 139264K, used 71407K [0x0000000080000000, 0x0000000100000000)
  region size 1024K, 6 young (6144K), 6 survivors (6144K)
 Metaspace       used 82879K, committed 84992K, reserved 1179648K
  class space    used 11891K, committed 12864K, reserved 1048576K
}
Event: 27.118 GC heap before
{Heap before GC invocations=38 (full 0):
 garbage-first heap   total reserved 2097152K, committed 139264K, used 113391K [0x0000000080000000, 0x0000000100000000)
  region size 1024K, 47 young (48128K), 6 survivors (6144K)
 Metaspace       used 83953K, committed 86144K, reserved 1179648K
  class space    used 11980K, committed 12992K, reserved 1048576K
}
Event: 27.125 GC heap after
{Heap after GC invocations=39 (full 0):
 garbage-first heap   total reserved 2097152K, committed 139264K, used 73155K [0x0000000080000000, 0x0000000100000000)
  region size 1024K, 5 young (5120K), 5 survivors (5120K)
 Metaspace       used 83953K, committed 86144K, reserved 1179648K
  class space    used 11980K, committed 12992K, reserved 1048576K
}
Event: 28.489 GC heap before
{Heap before GC invocations=39 (full 0):
 garbage-first heap   total reserved 2097152K, committed 139264K, used 118211K [0x0000000080000000, 0x0000000100000000)
  region size 1024K, 49 young (50176K), 5 survivors (5120K)
 Metaspace       used 88657K, committed 90816K, reserved 1179648K
  class space    used 12487K, committed 13504K, reserved 1048576K
}
Event: 28.498 GC heap after
{Heap after GC invocations=40 (full 0):
 garbage-first heap   total reserved 2097152K, committed 139264K, used 77715K [0x0000000080000000, 0x0000000100000000)
  region size 1024K, 7 young (7168K), 7 survivors (7168K)
 Metaspace       used 88657K, committed 90816K, reserved 1179648K
  class space    used 12487K, committed 13504K, reserved 1048576K
}
Event: 29.924 GC heap before
{Heap before GC invocations=40 (full 0):
 garbage-first heap   total reserved 2097152K, committed 139264K, used 120723K [0x0000000080000000, 0x0000000100000000)
  region size 1024K, 49 young (50176K), 7 survivors (7168K)
 Metaspace       used 94631K, committed 96832K, reserved 1179648K
  class space    used 13175K, committed 14208K, reserved 1048576K
}
Event: 29.934 GC heap after
{Heap after GC invocations=41 (full 0):
 garbage-first heap   total reserved 2097152K, committed 139264K, used 78817K [0x0000000080000000, 0x0000000100000000)
  region size 1024K, 2 young (2048K), 2 survivors (2048K)
 Metaspace       used 94631K, committed 96832K, reserved 1179648K
  class space    used 13175K, committed 14208K, reserved 1048576K
}
Event: 30.627 GC heap before
{Heap before GC invocations=42 (full 0):
 garbage-first heap   total reserved 2097152K, committed 139264K, used 121825K [0x0000000080000000, 0x0000000100000000)
  region size 1024K, 45 young (46080K), 2 survivors (2048K)
 Metaspace       used 101012K, committed 103168K, reserved 1179648K
  class space    used 13888K, committed 14912K, reserved 1048576K
}
Event: 30.631 GC heap after
{Heap after GC invocations=43 (full 0):
 garbage-first heap   total reserved 2097152K, committed 139264K, used 79614K [0x0000000080000000, 0x0000000100000000)
  region size 1024K, 3 young (3072K), 3 survivors (3072K)
 Metaspace       used 101012K, committed 103168K, reserved 1179648K
  class space    used 13888K, committed 14912K, reserved 1048576K
}

Dll operation events (15 events):
Event: 0.032 Loaded shared library C:\Program Files\Java\jdk-23\bin\java.dll
Event: 0.110 Loaded shared library C:\Program Files\Java\jdk-23\bin\jsvml.dll
Event: 0.327 Loaded shared library C:\Program Files\Java\jdk-23\bin\zip.dll
Event: 0.356 Loaded shared library C:\Program Files\Java\jdk-23\bin\instrument.dll
Event: 0.369 Loaded shared library C:\Program Files\Java\jdk-23\bin\net.dll
Event: 0.375 Loaded shared library C:\Program Files\Java\jdk-23\bin\nio.dll
Event: 0.382 Loaded shared library C:\Program Files\Java\jdk-23\bin\zip.dll
Event: 1.008 Loaded shared library C:\Program Files\Java\jdk-23\bin\jimage.dll
Event: 1.144 Loaded shared library C:\Program Files\Java\jdk-23\bin\verify.dll
Event: 2.083 Loaded shared library C:\Users\clyde\.gradle\native\c067742578af261105cb4f569cf0c3c89f3d7b1fecec35dd04571415982c5e48\windows-amd64\native-platform.dll
Event: 2.109 Loaded shared library C:\Users\clyde\.gradle\native\38dada09dfb8b06ba9b0570ebf7e218e3eb74d4ef43ca46872605cf95ebc2f47\windows-amd64\native-platform-file-events.dll
Event: 6.279 Loaded shared library C:\Program Files\Java\jdk-23\bin\management.dll
Event: 6.316 Loaded shared library C:\Program Files\Java\jdk-23\bin\management_ext.dll
Event: 7.402 Loaded shared library C:\Program Files\Java\jdk-23\bin\extnet.dll
Event: 8.081 Loaded shared library C:\Program Files\Java\jdk-23\bin\sunmscapi.dll

Deoptimization events (20 events):
Event: 30.932 Thread 0x0000017c6254a010 Uncommon trap: trap_request=0xffffffc6 fr.pc=0x0000017c102789f0 relative=0x00000000000002b0
Event: 30.932 Thread 0x0000017c6254a010 Uncommon trap: reason=bimorphic_or_optimized_type_check action=maybe_recompile pc=0x0000017c102789f0 method=com.google.common.base.CharMatcher.indexIn(Ljava/lang/CharSequence;I)I @ 31 c2
Event: 30.932 Thread 0x0000017c6254a010 DEOPT PACKING pc=0x0000017c102789f0 sp=0x0000002c329f9300
Event: 30.932 Thread 0x0000017c6254a010 DEOPT UNPACKING pc=0x0000017c0fbf7982 sp=0x0000002c329f92a8 mode 2
Event: 30.941 Thread 0x0000017c6254a010 Uncommon trap: trap_request=0xffffffc6 fr.pc=0x0000017c102789f0 relative=0x00000000000002b0
Event: 30.941 Thread 0x0000017c6254a010 Uncommon trap: reason=bimorphic_or_optimized_type_check action=maybe_recompile pc=0x0000017c102789f0 method=com.google.common.base.CharMatcher.indexIn(Ljava/lang/CharSequence;I)I @ 31 c2
Event: 30.941 Thread 0x0000017c6254a010 DEOPT PACKING pc=0x0000017c102789f0 sp=0x0000002c329f9300
Event: 30.941 Thread 0x0000017c6254a010 DEOPT UNPACKING pc=0x0000017c0fbf7982 sp=0x0000002c329f92a8 mode 2
Event: 30.952 Thread 0x0000017c6254a010 Uncommon trap: trap_request=0xffffffc6 fr.pc=0x0000017c102789f0 relative=0x00000000000002b0
Event: 30.952 Thread 0x0000017c6254a010 Uncommon trap: reason=bimorphic_or_optimized_type_check action=maybe_recompile pc=0x0000017c102789f0 method=com.google.common.base.CharMatcher.indexIn(Ljava/lang/CharSequence;I)I @ 31 c2
Event: 30.952 Thread 0x0000017c6254a010 DEOPT PACKING pc=0x0000017c102789f0 sp=0x0000002c329f8ce0
Event: 30.952 Thread 0x0000017c6254a010 DEOPT UNPACKING pc=0x0000017c0fbf7982 sp=0x0000002c329f8c88 mode 2
Event: 31.024 Thread 0x0000017c6254a010 Uncommon trap: trap_request=0xffffffc6 fr.pc=0x0000017c101976c8 relative=0x00000000000002e8
Event: 31.024 Thread 0x0000017c6254a010 Uncommon trap: reason=bimorphic_or_optimized_type_check action=maybe_recompile pc=0x0000017c101976c8 method=java.util.regex.Pattern$Slice.match(Ljava/util/regex/Matcher;ILjava/lang/CharSequence;)Z @ 75 c2
Event: 31.024 Thread 0x0000017c6254a010 DEOPT PACKING pc=0x0000017c101976c8 sp=0x0000002c329f7870
Event: 31.024 Thread 0x0000017c6254a010 DEOPT UNPACKING pc=0x0000017c0fbf7982 sp=0x0000002c329f77f0 mode 2
Event: 31.048 Thread 0x0000017c6254a010 Uncommon trap: trap_request=0xffffffc6 fr.pc=0x0000017c10428210 relative=0x0000000000000d10
Event: 31.048 Thread 0x0000017c6254a010 Uncommon trap: reason=bimorphic_or_optimized_type_check action=maybe_recompile pc=0x0000017c10428210 method=java.io.DataOutputStream.writeLong(J)V @ 20 c2
Event: 31.048 Thread 0x0000017c6254a010 DEOPT PACKING pc=0x0000017c10428210 sp=0x0000002c329f70c0
Event: 31.048 Thread 0x0000017c6254a010 DEOPT UNPACKING pc=0x0000017c0fbf7982 sp=0x0000002c329f7098 mode 2

Classes loaded (20 events):
Event: 30.907 Loading class sun/util/logging/internal/LoggingProviderImpl$JULWrapper
Event: 30.908 Loading class sun/util/logging/PlatformLogger$ConfigurableBridge$LoggerConfiguration
Event: 30.908 Loading class sun/util/logging/PlatformLogger$ConfigurableBridge$LoggerConfiguration done
Event: 30.908 Loading class sun/util/logging/internal/LoggingProviderImpl$JULWrapper done
Event: 30.909 Loading class java/io/ObjectInputFilter$Config$BuiltinFilterFactory
Event: 30.909 Loading class java/io/ObjectInputFilter$Config$BuiltinFilterFactory done
Event: 30.909 Loading class jdk/internal/access/JavaObjectInputFilterAccess
Event: 30.909 Loading class jdk/internal/access/JavaObjectInputFilterAccess done
Event: 30.909 Loading class java/lang/System$Logger$Level
Event: 30.910 Loading class java/lang/System$Logger$Level done
Event: 30.910 Loading class jdk/internal/event/DeserializationEvent
Event: 30.911 Loading class jdk/internal/event/DeserializationEvent done
Event: 30.911 Loading class java/io/ObjectInputStream$FieldValues
Event: 30.911 Loading class java/io/ObjectInputStream$GetField
Event: 30.911 Loading class java/io/ObjectInputStream$GetField done
Event: 30.911 Loading class java/io/ObjectInputStream$FieldValues done
Event: 30.917 Loading class sun/reflect/ReflectionFactory
Event: 30.918 Loading class sun/reflect/ReflectionFactory done
Event: 30.918 Loading class sun/reflect/ReflectionFactory$1
Event: 30.918 Loading class sun/reflect/ReflectionFactory$1 done

Classes unloaded (0 events):
No events

Classes redefined (0 events):
No events

Internal exceptions (20 events):
Event: 25.447 Thread 0x0000017c6254a010 Exception <a 'java/lang/NoSuchMethodError'{0x0000000085131f78}: 'java.lang.Object java.lang.invoke.DelegatingMethodHandle$Holder.reinvoke_L(java.lang.Object, java.lang.Object, java.lang.Object, java.lang.Object, java.lang.Object, java.lang.Object, java.lang.Object, java.lang.Object, java.lang.Object, java.lang.Object, java.lang.Object, java.lang.Object, java.lang.Object, java.lang.Object, java.lang.Object, java.lang.Object)'> (0x0000000085131f78) 
thrown [s\open\src\hotspot\share\interpreter\linkResolver.c
Event: 25.457 Thread 0x0000017c6254a010 Exception <a 'java/lang/NoSuchMethodError'{0x00000000851e5898}: 'java.lang.Object java.lang.invoke.DirectMethodHandle$Holder.newInvokeSpecial(java.lang.Object, java.lang.Object, java.lang.Object, java.lang.Object, java.lang.Object, java.lang.Object, java.lang.Object, java.lang.Object, java.lang.Object, java.lang.Object, java.lang.Object, java.lang.Object, java.lang.Object, java.lang.Object, java.lang.Object, java.lang.Object, java.lang.Object, java.lang.Object)'> (0x00000000851e5898) 
thrown [s\open\src\ho
Event: 25.457 Thread 0x0000017c6254a010 Exception <a 'java/lang/NoSuchMethodError'{0x00000000851ecbf0}: 'java.lang.Object java.lang.invoke.DirectMethodHandle$Holder.invokeSpecial(java.lang.Object, java.lang.Object, java.lang.Object, java.lang.Object, java.lang.Object, java.lang.Object, java.lang.Object, java.lang.Object, java.lang.Object, java.lang.Object, java.lang.Object, java.lang.Object, java.lang.Object, java.lang.Object, java.lang.Object, java.lang.Object, java.lang.Object, java.lang.Object, java.lang.Object)'> (0x00000000851ecbf0) 
thrown
Event: 25.458 Thread 0x0000017c6254a010 Exception <a 'java/lang/NoSuchMethodError'{0x00000000851f3020}: 'java.lang.Object java.lang.invoke.DelegatingMethodHandle$Holder.reinvoke_L(java.lang.Object, java.lang.Object, java.lang.Object, java.lang.Object, java.lang.Object, java.lang.Object, java.lang.Object, java.lang.Object, java.lang.Object, java.lang.Object, java.lang.Object, java.lang.Object, java.lang.Object, java.lang.Object, java.lang.Object, java.lang.Object, java.lang.Object, java.lang.Object)'> (0x00000000851f3020) 
thrown [s\open\src\hots
Event: 25.464 Thread 0x0000017c6254a010 Exception <a 'java/lang/NoSuchMethodError'{0x000000008508bf20}: 'java.lang.Object java.lang.invoke.DirectMethodHandle$Holder.newInvokeSpecial(java.lang.Object, java.lang.Object, java.lang.Object, java.lang.Object, java.lang.Object, java.lang.Object, java.lang.Object, java.lang.Object, java.lang.Object, java.lang.Object, java.lang.Object, java.lang.Object, java.lang.Object, java.lang.Object, java.lang.Object, java.lang.Object, java.lang.Object, java.lang.Object, java.lang.Object, java.lang.Object, java.lang
Event: 26.419 Thread 0x0000017c6254a010 Exception <a 'java/lang/NoSuchMethodError'{0x0000000086ecd2e0}: 'java.lang.Object java.lang.invoke.DirectMethodHandle$Holder.newInvokeSpecial(java.lang.Object, java.lang.Object, java.lang.Object, java.lang.Object, int)'> (0x0000000086ecd2e0) 
thrown [s\open\src\hotspot\share\interpreter\linkResolver.cpp, line 796]
Event: 26.419 Thread 0x0000017c6254a010 Exception <a 'java/lang/NoSuchMethodError'{0x0000000086ed3b68}: 'java.lang.Object java.lang.invoke.DirectMethodHandle$Holder.invokeSpecial(java.lang.Object, java.lang.Object, java.lang.Object, java.lang.Object, java.lang.Object, int)'> (0x0000000086ed3b68) 
thrown [s\open\src\hotspot\share\interpreter\linkResolver.cpp, line 796]
Event: 26.419 Thread 0x0000017c6254a010 Exception <a 'java/lang/NoSuchMethodError'{0x0000000086ed9d88}: 'java.lang.Object java.lang.invoke.Invokers$Holder.linkToTargetMethod(java.lang.Object, java.lang.Object, java.lang.Object, int, java.lang.Object)'> (0x0000000086ed9d88) 
thrown [s\open\src\hotspot\share\interpreter\linkResolver.cpp, line 796]
Event: 27.391 Thread 0x0000017c6254a010 Implicit null exception at 0x0000017c103abffb to 0x0000017c103ac7a0
Event: 27.391 Thread 0x0000017c6254a010 Implicit null exception at 0x0000017c103b369d to 0x0000017c103b36d8
Event: 28.872 Thread 0x0000017c6254a010 Exception <a 'java/lang/NoSuchMethodError'{0x0000000087d163c0}: 'java.lang.Object java.lang.invoke.DirectMethodHandle$Holder.newInvokeSpecial(java.lang.Object, java.lang.Object, java.lang.Object, int, int, java.lang.Object, java.lang.Object)'> (0x0000000087d163c0) 
thrown [s\open\src\hotspot\share\interpreter\linkResolver.cpp, line 796]
Event: 30.868 Thread 0x0000017c6254a010 Exception <a 'java/lang/NoSuchMethodError'{0x0000000087cd9c48}: static Lorg/gradle/api/internal/catalog/DefaultVersionCatalog;.<clinit>()V> (0x0000000087cd9c48) 
thrown [s\open\src\hotspot\share\prims\jni.cpp, line 1111]
Event: 30.877 Thread 0x0000017c6254a010 Exception <a 'java/lang/NoSuchMethodError'{0x0000000087b07218}: 'long java.lang.invoke.Invokers$Holder.invokeExact_MT(java.lang.Object, java.lang.Object)'> (0x0000000087b07218) 
thrown [s\open\src\hotspot\share\interpreter\linkResolver.cpp, line 796]
Event: 30.880 Thread 0x0000017c6254a010 Exception <a 'java/lang/NoSuchMethodError'{0x0000000087b27478}: static [Ljava/lang/Object;.<clinit>()V> (0x0000000087b27478) 
thrown [s\open\src\hotspot\share\prims\jni.cpp, line 1111]
Event: 30.883 Thread 0x0000017c6254a010 Exception <a 'java/lang/NoSuchMethodError'{0x0000000087b55ab8}: static Lorg/gradle/api/internal/catalog/DependencyModel;.<clinit>()V> (0x0000000087b55ab8) 
thrown [s\open\src\hotspot\share\prims\jni.cpp, line 1111]
Event: 30.883 Thread 0x0000017c6254a010 Exception <a 'java/lang/NoSuchMethodError'{0x0000000087b59440}: static Lorg/gradle/api/internal/catalog/AbstractContextAwareModel;.<clinit>()V> (0x0000000087b59440) 
thrown [s\open\src\hotspot\share\prims\jni.cpp, line 1111]
Event: 30.884 Thread 0x0000017c6254a010 Exception <a 'java/lang/NoSuchMethodError'{0x0000000087b6cf18}: static Lorg/gradle/api/internal/artifacts/dependencies/AbstractVersionConstraint;.<clinit>()V> (0x0000000087b6cf18) 
thrown [s\open\src\hotspot\share\prims\jni.cpp, line 1111]
Event: 30.892 Thread 0x0000017c6254a010 Exception <a 'java/lang/NoSuchMethodError'{0x0000000087bbb2e8}: static Lorg/gradle/api/internal/catalog/PluginModel;.<clinit>()V> (0x0000000087bbb2e8) 
thrown [s\open\src\hotspot\share\prims\jni.cpp, line 1111]
Event: 30.893 Thread 0x0000017c6254a010 Exception <a 'java/lang/NoSuchMethodError'{0x0000000087bcd838}: static Lorg/gradle/api/internal/catalog/VersionModel;.<clinit>()V> (0x0000000087bcd838) 
thrown [s\open\src\hotspot\share\prims\jni.cpp, line 1111]
Event: 30.899 Thread 0x0000017c6254a010 Exception <a 'java/lang/NoSuchMethodError'{0x0000000087bed6d0}: 'void java.lang.invoke.DirectMethodHandle$Holder.invokeSpecial(java.lang.Object, java.lang.Object, java.lang.Object, int)'> (0x0000000087bed6d0) 
thrown [s\open\src\hotspot\share\interpreter\linkResolver.cpp, line 796]

VM Operations (20 events):
Event: 29.568 Executing VM operation: HandshakeAllThreads (Deoptimize)
Event: 29.568 Executing VM operation: HandshakeAllThreads (Deoptimize) done
Event: 29.924 Executing VM operation: G1CollectForAllocation (G1 Evacuation Pause)
Event: 29.934 Executing VM operation: G1CollectForAllocation (G1 Evacuation Pause) done
Event: 30.045 Executing VM operation: G1PauseRemark
Event: 30.049 Executing VM operation: G1PauseRemark done
Event: 30.088 Executing VM operation: G1PauseCleanup
Event: 30.088 Executing VM operation: G1PauseCleanup done
Event: 30.144 Executing VM operation: HandshakeAllThreads (Deoptimize)
Event: 30.144 Executing VM operation: HandshakeAllThreads (Deoptimize) done
Event: 30.442 Executing VM operation: HandshakeAllThreads (Deoptimize)
Event: 30.442 Executing VM operation: HandshakeAllThreads (Deoptimize) done
Event: 30.542 Executing VM operation: HandshakeAllThreads (Deoptimize)
Event: 30.542 Executing VM operation: HandshakeAllThreads (Deoptimize) done
Event: 30.627 Executing VM operation: G1CollectForAllocation (G1 Evacuation Pause)
Event: 30.631 Executing VM operation: G1CollectForAllocation (G1 Evacuation Pause) done
Event: 30.728 Executing VM operation: HandshakeAllThreads (Deoptimize)
Event: 30.728 Executing VM operation: HandshakeAllThreads (Deoptimize) done
Event: 30.875 Executing VM operation: HandshakeAllThreads (Deoptimize)
Event: 30.875 Executing VM operation: HandshakeAllThreads (Deoptimize) done

Memory protections (0 events):
No events

Nmethod flushes (20 events):
Event: 30.048 Thread 0x0000017c7f124870 flushing  nmethod 0x0000017c08d3d788
Event: 30.048 Thread 0x0000017c7f124870 flushing  nmethod 0x0000017c08d4cc08
Event: 30.048 Thread 0x0000017c7f124870 flushing  nmethod 0x0000017c08d4cf08
Event: 30.048 Thread 0x0000017c7f124870 flushing  nmethod 0x0000017c08d4ed08
Event: 30.048 Thread 0x0000017c7f124870 flushing  nmethod 0x0000017c08d4f388
Event: 30.048 Thread 0x0000017c7f124870 flushing osr nmethod 0x0000017c102f9308
Event: 30.048 Thread 0x0000017c7f124870 flushing  nmethod 0x0000017c087a4188
Event: 30.048 Thread 0x0000017c7f124870 flushing  nmethod 0x0000017c08913e88
Event: 30.048 Thread 0x0000017c7f124870 flushing  nmethod 0x0000017c089af488
Event: 30.048 Thread 0x0000017c7f124870 flushing  nmethod 0x0000017c08a00688
Event: 30.048 Thread 0x0000017c7f124870 flushing  nmethod 0x0000017c08b1a708
Event: 30.048 Thread 0x0000017c7f124870 flushing  nmethod 0x0000017c08b33e08
Event: 30.048 Thread 0x0000017c7f124870 flushing  nmethod 0x0000017c08b34288
Event: 30.048 Thread 0x0000017c7f124870 flushing  nmethod 0x0000017c08b7eb08
Event: 30.048 Thread 0x0000017c7f124870 flushing  nmethod 0x0000017c08bc9008
Event: 30.048 Thread 0x0000017c7f124870 flushing  nmethod 0x0000017c08bccc88
Event: 30.048 Thread 0x0000017c7f124870 flushing  nmethod 0x0000017c08ca4b08
Event: 30.048 Thread 0x0000017c7f124870 flushing  nmethod 0x0000017c08d3ee08
Event: 30.048 Thread 0x0000017c7f124870 flushing  nmethod 0x0000017c08d5b088
Event: 30.048 Thread 0x0000017c7f124870 flushing  nmethod 0x0000017c08e14a88

Events (20 events):
Event: 9.487 Thread 0x0000017c6254a010 Thread added: 0x0000017c6254c770
Event: 9.518 Thread 0x0000017c6254a010 Thread added: 0x0000017c6254ba50
Event: 10.487 Thread 0x0000017c6254a010 Thread added: 0x0000017c6254c0e0
Event: 10.617 Thread 0x0000017c7f14ad30 Thread added: 0x0000017c61d58800
Event: 12.083 Thread 0x0000017c6254a010 Thread added: 0x0000017c634dc0a0
Event: 12.097 Thread 0x0000017c6254a010 Thread added: 0x0000017c634ddae0
Event: 12.519 Thread 0x0000017c6254a010 Thread added: 0x0000017c634df520
Event: 12.614 Thread 0x0000017c6254a010 Thread added: 0x0000017c634dee90
Event: 12.694 Thread 0x0000017c6254a010 Thread added: 0x0000017c634dfbb0
Event: 12.784 Thread 0x0000017c6254a010 Thread added: 0x0000017c634dd450
Event: 13.099 Thread 0x0000017c6254a010 Thread added: 0x0000017c634de800
Event: 13.220 Thread 0x0000017c6254a010 Thread added: 0x0000017c634dc730
Event: 14.229 Thread 0x0000017c61d58800 Thread exited: 0x0000017c61d58800
Event: 14.660 Thread 0x0000017c6254a010 Thread added: 0x0000017c634e2310
Event: 15.310 Thread 0x0000017c6254a010 Thread added: 0x0000017c634e3030
Event: 15.334 Thread 0x0000017c6254a010 Thread added: 0x0000017c634e0f60
Event: 15.837 Thread 0x0000017c6254a010 Thread added: 0x0000017c63076270
Event: 15.842 Thread 0x0000017c6254a010 Thread added: 0x0000017c63076900
Event: 15.940 Thread 0x0000017c6254a010 Thread added: 0x0000017c63076f90
Event: 17.169 Thread 0x0000017c6254a010 Thread added: 0x0000017c63077cb0


Dynamic libraries:
0x00007ff6cfe70000 - 0x00007ff6cfe80000 	C:\Program Files\Java\jdk-23\bin\java.exe
0x00007ffe09c40000 - 0x00007ffe09ea7000 	C:\WINDOWS\SYSTEM32\ntdll.dll
0x00007ffdde4f0000 - 0x00007ffdde511000 	C:\Program Files\Avast Software\Avast\aswhook.dll
0x00007ffe08c60000 - 0x00007ffe08d29000 	C:\WINDOWS\System32\KERNEL32.DLL
0x00007ffe07520000 - 0x00007ffe07914000 	C:\WINDOWS\System32\KERNELBASE.dll
0x00007ffe07030000 - 0x00007ffe0717b000 	C:\WINDOWS\System32\ucrtbase.dll
0x00007ffdde420000 - 0x00007ffdde437000 	C:\Program Files\Java\jdk-23\bin\jli.dll
0x00007ffe081a0000 - 0x00007ffe08365000 	C:\WINDOWS\System32\USER32.dll
0x00007ffe074f0000 - 0x00007ffe07517000 	C:\WINDOWS\System32\win32u.dll
0x00007ffe09aa0000 - 0x00007ffe09acb000 	C:\WINDOWS\System32\GDI32.dll
0x00007ffe073c0000 - 0x00007ffe074eb000 	C:\WINDOWS\System32\gdi32full.dll
0x00007ffe06510000 - 0x00007ffe065b3000 	C:\WINDOWS\System32\msvcp_win.dll
0x00007ffdde250000 - 0x00007ffdde26b000 	C:\Program Files\Java\jdk-23\bin\VCRUNTIME140.dll
0x00007ffdf3910000 - 0x00007ffdf3ba3000 	C:\WINDOWS\WinSxS\amd64_microsoft.windows.common-controls_6595b64144ccf1df_6.0.26100.8115_none_3e075c82e3354f9c\COMCTL32.dll
0x00007ffe09820000 - 0x00007ffe098c9000 	C:\WINDOWS\System32\msvcrt.dll
0x00007ffe079d0000 - 0x00007ffe07a02000 	C:\WINDOWS\System32\IMM32.DLL
0x00007ffdf7fc0000 - 0x00007ffdf7fcc000 	C:\Program Files\Java\jdk-23\bin\vcruntime140_1.dll
0x00007ffdde1c0000 - 0x00007ffdde24e000 	C:\Program Files\Java\jdk-23\bin\msvcp140.dll
0x00007ffd91470000 - 0x00007ffd921bf000 	C:\Program Files\Java\jdk-23\bin\server\jvm.dll
0x00007ffe09960000 - 0x00007ffe09a16000 	C:\WINDOWS\System32\ADVAPI32.dll
0x00007ffe08bb0000 - 0x00007ffe08c57000 	C:\WINDOWS\System32\sechost.dll
0x00007ffe08890000 - 0x00007ffe089a8000 	C:\WINDOWS\System32\RPCRT4.dll
0x00007ffe098d0000 - 0x00007ffe09950000 	C:\WINDOWS\System32\WS2_32.dll
0x00007ffde6be0000 - 0x00007ffde6c16000 	C:\WINDOWS\SYSTEM32\WINMM.dll
0x00007ffe06390000 - 0x00007ffe063ee000 	C:\WINDOWS\SYSTEM32\POWRPROF.dll
0x00007ffdfdbc0000 - 0x00007ffdfdbcb000 	C:\WINDOWS\SYSTEM32\VERSION.dll
0x00007ffe06370000 - 0x00007ffe06384000 	C:\WINDOWS\SYSTEM32\UMPDC.dll
0x00007ffe052a0000 - 0x00007ffe052bb000 	C:\WINDOWS\SYSTEM32\kernel.appcore.dll
0x00007ffdf2c50000 - 0x00007ffdf2c5a000 	C:\Program Files\Java\jdk-23\bin\jimage.dll
0x00007ffe04650000 - 0x00007ffe04892000 	C:\WINDOWS\SYSTEM32\DBGHELP.DLL
0x00007ffe08370000 - 0x00007ffe086f2000 	C:\WINDOWS\System32\combase.dll
0x00007ffe08700000 - 0x00007ffe087d8000 	C:\WINDOWS\System32\OLEAUT32.dll
0x00007ffdf8ec0000 - 0x00007ffdf8efb000 	C:\WINDOWS\SYSTEM32\dbgcore.DLL
0x00007ffe07920000 - 0x00007ffe079c5000 	C:\WINDOWS\System32\bcryptPrimitives.dll
0x00007ffdefa00000 - 0x00007ffdefa0f000 	C:\Program Files\Java\jdk-23\bin\instrument.dll
0x00007ffdde1a0000 - 0x00007ffdde1be000 	C:\Program Files\Java\jdk-23\bin\java.dll
0x00007ffe07ea0000 - 0x00007ffe08037000 	C:\WINDOWS\System32\ole32.dll
0x00007ffe08e30000 - 0x00007ffe09597000 	C:\WINDOWS\System32\SHELL32.dll
0x00007ffe06e30000 - 0x00007ffe06f9a000 	C:\WINDOWS\System32\wintypes.dll
0x00007ffe065c0000 - 0x00007ffe06e28000 	C:\WINDOWS\System32\windows.storage.dll
0x00007ffe08d30000 - 0x00007ffe08e28000 	C:\WINDOWS\System32\SHCORE.dll
0x00007ffe089b0000 - 0x00007ffe08a16000 	C:\WINDOWS\System32\shlwapi.dll
0x00007ffe06430000 - 0x00007ffe06459000 	C:\WINDOWS\SYSTEM32\profapi.dll
0x00007ffdbc730000 - 0x00007ffdbc807000 	C:\Program Files\Java\jdk-23\bin\jsvml.dll
0x00007ffdde160000 - 0x00007ffdde177000 	C:\Program Files\Java\jdk-23\bin\zip.dll
0x00007ffdf2bc0000 - 0x00007ffdf2bd0000 	C:\Program Files\Java\jdk-23\bin\net.dll
0x00007ffe05810000 - 0x00007ffe0587c000 	C:\WINDOWS\system32\mswsock.dll
0x00007ffdde180000 - 0x00007ffdde196000 	C:\Program Files\Java\jdk-23\bin\nio.dll
0x00007ffdf2950000 - 0x00007ffdf2960000 	C:\Program Files\Java\jdk-23\bin\verify.dll
0x00007ffdcdca0000 - 0x00007ffdcdcc7000 	C:\Users\clyde\.gradle\native\c067742578af261105cb4f569cf0c3c89f3d7b1fecec35dd04571415982c5e48\windows-amd64\native-platform.dll
0x00007ffda3c50000 - 0x00007ffda3d94000 	C:\Users\clyde\.gradle\native\38dada09dfb8b06ba9b0570ebf7e218e3eb74d4ef43ca46872605cf95ebc2f47\windows-amd64\native-platform-file-events.dll
0x00007ffdf2390000 - 0x00007ffdf239a000 	C:\Program Files\Java\jdk-23\bin\management.dll
0x00007ffdf22c0000 - 0x00007ffdf22cb000 	C:\Program Files\Java\jdk-23\bin\management_ext.dll
0x00007ffe08ab0000 - 0x00007ffe08ab8000 	C:\WINDOWS\System32\PSAPI.DLL
0x00007ffe05af0000 - 0x00007ffe05b0b000 	C:\WINDOWS\SYSTEM32\CRYPTSP.dll
0x00007ffe05200000 - 0x00007ffe05239000 	C:\WINDOWS\system32\rsaenh.dll
0x00007ffe058c0000 - 0x00007ffe058f3000 	C:\WINDOWS\SYSTEM32\USERENV.dll
0x00007ffe06400000 - 0x00007ffe0642a000 	C:\WINDOWS\SYSTEM32\bcrypt.dll
0x00007ffe05b10000 - 0x00007ffe05b1c000 	C:\WINDOWS\SYSTEM32\CRYPTBASE.dll
0x00007ffe04cf0000 - 0x00007ffe04d22000 	C:\WINDOWS\SYSTEM32\IPHLPAPI.DLL
0x00007ffe09790000 - 0x00007ffe0979a000 	C:\WINDOWS\System32\NSI.dll
0x00007ffdf21d0000 - 0x00007ffdf21d9000 	C:\Program Files\Java\jdk-23\bin\extnet.dll
0x00007ffdef630000 - 0x00007ffdef63e000 	C:\Program Files\Java\jdk-23\bin\sunmscapi.dll
0x00007ffe07240000 - 0x00007ffe073b7000 	C:\WINDOWS\System32\CRYPT32.dll
0x00007ffe05d10000 - 0x00007ffe05d40000 	C:\WINDOWS\SYSTEM32\ncrypt.dll
0x00007ffe05cc0000 - 0x00007ffe05cff000 	C:\WINDOWS\SYSTEM32\NTASN1.dll
0x00007ffdca070000 - 0x00007ffdca078000 	C:\WINDOWS\system32\wshunix.dll

dbghelp: loaded successfully - version: 4.0.5 - missing functions: none
symbol engine: initialized successfully - sym options: 0x614 - pdb path: .;C:\Program Files\Java\jdk-23\bin;C:\WINDOWS\SYSTEM32;C:\Program Files\Avast Software\Avast;C:\WINDOWS\WinSxS\amd64_microsoft.windows.common-controls_6595b64144ccf1df_6.0.26100.8115_none_3e075c82e3354f9c;C:\Program Files\Java\jdk-23\bin\server;C:\Users\clyde\.gradle\native\c067742578af261105cb4f569cf0c3c89f3d7b1fecec35dd04571415982c5e48\windows-amd64;C:\Users\clyde\.gradle\native\38dada09dfb8b06ba9b0570ebf7e218e3eb74d4ef43ca46872605cf95ebc2f47\windows-amd64

VM Arguments:
jvm_args: --add-opens=java.base/java.util=ALL-UNNAMED --add-opens=java.base/java.lang=ALL-UNNAMED --add-opens=java.base/java.lang.invoke=ALL-UNNAMED --add-opens=java.prefs/java.util.prefs=ALL-UNNAMED --add-opens=java.base/java.nio.charset=ALL-UNNAMED --add-opens=java.base/java.net=ALL-UNNAMED --add-opens=java.base/java.util.concurrent.atomic=ALL-UNNAMED -Xmx2048m -Dfile.encoding=UTF-8 -Duser.country=US -Duser.language=en -Duser.variant -javaagent:C:\Users\clyde\.gradle\wrapper\dists\gradle-8.4-bin\1w5dpkrfk8irigvoxmyhowfim\gradle-8.4\lib\agents\gradle-instrumentation-agent-8.4.jar 
java_command: org.gradle.launcher.daemon.bootstrap.GradleDaemon 8.4
java_class_path (initial): C:\Users\clyde\.gradle\wrapper\dists\gradle-8.4-bin\1w5dpkrfk8irigvoxmyhowfim\gradle-8.4\lib\gradle-launcher-8.4.jar
Launcher Type: SUN_STANDARD

[Global flags]
     intx CICompilerCount                          = 3                                         {product} {ergonomic}
     uint ConcGCThreads                            = 1                                         {product} {ergonomic}
     uint G1ConcRefinementThreads                  = 4                                         {product} {ergonomic}
   size_t G1HeapRegionSize                         = 1048576                                   {product} {ergonomic}
   size_t InitialHeapSize                          = 62914560                                  {product} {ergonomic}
   size_t MarkStackSize                            = 4194304                                   {product} {ergonomic}
   size_t MarkStackSizeMax                         = 536870912                                 {product} {ergonomic}
   size_t MaxHeapSize                              = 2147483648                                {product} {command line}
   size_t MaxNewSize                               = 1287651328                                {product} {ergonomic}
   size_t MinHeapDeltaBytes                        = 1048576                                   {product} {ergonomic}
   size_t MinHeapSize                              = 8388608                                   {product} {ergonomic}
    uintx NonNMethodCodeHeapSize                   = 5832704                                {pd product} {ergonomic}
    uintx NonProfiledCodeHeapSize                  = 122945536                              {pd product} {ergonomic}
    uintx ProfiledCodeHeapSize                     = 122880000                              {pd product} {ergonomic}
    uintx ReservedCodeCacheSize                    = 251658240                              {pd product} {ergonomic}
     bool SegmentedCodeCache                       = true                                      {product} {ergonomic}
   size_t SoftMaxHeapSize                          = 2147483648                             {manageable} {ergonomic}
     bool UseCompressedOops                        = true                           {product lp64_product} {ergonomic}
     bool UseG1GC                                  = true                                      {product} {ergonomic}
     bool UseLargePagesIndividualAllocation        = false                                  {pd product} {ergonomic}

Logging:
Log output configuration:
 #0: stdout all=warning uptime,level,tags foldmultilines=false
 #1: stderr all=off uptime,level,tags foldmultilines=false

Environment Variables:
CLASSPATH=C:\CSIT342\IT342-Benolirao-RootUser\mobile\\gradle\wrapper\gradle-wrapper.jar
PATH=C:\Program Files\Common Files\Oracle\Java\javapath;C:\Program Files\Eclipse Adoptium\jdk-21.0.4.7-hotspot\bin;C:\WINDOWS\system32;C:\WINDOWS;C:\WINDOWS\System32\Wbem;C:\WINDOWS\System32\WindowsPowerShell\v1.0\;C:\WINDOWS\System32\OpenSSH\;C:\Program Files\Git LFS;C:\Program Files\Git\cmd;C:\Program Files\nodejs\;C:\ProgramData\chocolatey\bin;C:\Users\clyde\AppData\Local\Programs\Python\Python312\Scripts\;C:\Users\clyde\AppData\Local\Programs\Python\Python312\;C:\Users\clyde\AppData\Local\Programs\Python\Launcher\;C:\Users\clyde\AppData\Local\Microsoft\WindowsApps;C:\Users\clyde\AppData\Local\Programs\Microsoft VS Code\bin;C:\Users\clyde\AppData\Local\GitHubDesktop\bin;C:\Users\clyde\AppData\Roaming\npm;C:\Users\clyde\AppData\Local\Programs\Antigravity\bin;
USERNAME=clyde
OS=Windows_NT
PROCESSOR_IDENTIFIER=Intel64 Family 6 Model 126 Stepping 5, GenuineIntel
TMP=C:\Users\clyde\AppData\Local\Temp
TEMP=C:\Users\clyde\AppData\Local\Temp




Periodic native trim disabled

---------------  S Y S T E M  ---------------

OS:
 Windows 11 , 64 bit Build 26100 (10.0.26100.8246)
OS uptime: 0 days 4:25 hours

CPU: total 4 (initial active 4) (2 cores per cpu, 2 threads per core) family 6 model 126 stepping 5 microcode 0x86, cx8, cmov, fxsr, ht, mmx, 3dnowpref, sse, sse2, sse3, ssse3, sse4.1, sse4.2, popcnt, lzcnt, tsc, tscinvbit, avx, avx2, aes, erms, clmul, bmi1, bmi2, adx, avx512f, avx512dq, avx512cd, avx512bw, avx512vl, sha, fma, vzeroupper, avx512_vpopcntdq, avx512_vpclmulqdq, avx512_vaes, avx512_vnni, clflush, clflushopt, avx512_vbmi2, avx512_vbmi, rdtscp, rdpid, fsrm, gfni, avx512_bitalg, f16c, pku, avx512_ifma
Processor Information for the first 4 processors :
  Max Mhz: 1190, Current Mhz: 1190, Mhz Limit: 1190

Memory: 4k page, system-wide physical 3838M (237M free)
TotalPageFile size 15614M (AvailPageFile size 5M)
current process WorkingSet (physical memory assigned to process): 358M, peak: 358M
current process commit charge ("private bytes"): 426M, peak: 426M

vm_info: Java HotSpot(TM) 64-Bit Server VM (23.0.1+11-39) for windows-amd64 JRE (23.0.1+11-39), built on 2024-09-30T07:20:43Z with MS VC++ 17.6 (VS2022)

END.
