#
# There is insufficient memory for the Java Runtime Environment to continue.
# Native memory allocation (malloc) failed to allocate 2233984 bytes. Error detail: Chunk::new
# Possible reasons:
#   The system is out of physical RAM or swap space
#   This process is running with CompressedOops enabled, and the Java Heap may be blocking the growth of the native heap
# Possible solutions:
#   Reduce memory load on the system
#   Increase physical memory or swap space
#   Check if swap backing store is full
#   Decrease Java heap size (-Xmx/-Xms)
#   Decrease number of Java threads
#   Decrease Java thread stack sizes (-Xss)
#   Set larger code cache with -XX:ReservedCodeCacheSize=
#   JVM is running with Unscaled Compressed Oops mode in which the Java heap is
#     placed in the first 4GB address space. The Java Heap base address is the
#     maximum limit for the native heap growth. Please use -XX:HeapBaseMinAddress
#     to set the Java Heap base and to place the Java Heap above 4GB virtual address.
# This output file may be truncated or incomplete.
#
#  Out of Memory Error (arena.cpp:149), pid=8216, tid=17240
#
# JRE version: Java(TM) SE Runtime Environment (23.0.1+11) (build 23.0.1+11-39)
# Java VM: Java HotSpot(TM) 64-Bit Server VM (23.0.1+11-39, mixed mode, sharing, tiered, compressed oops, compressed class ptrs, g1 gc, windows-amd64)
# No core dump will be written. Minidumps are not enabled by default on client versions of Windows
#

---------------  S U M M A R Y ------------

Command Line: --add-opens=java.base/java.util=ALL-UNNAMED --add-opens=java.base/java.lang=ALL-UNNAMED --add-opens=java.base/java.lang.invoke=ALL-UNNAMED --add-opens=java.prefs/java.util.prefs=ALL-UNNAMED --add-opens=java.base/java.nio.charset=ALL-UNNAMED --add-opens=java.base/java.net=ALL-UNNAMED --add-opens=java.base/java.util.concurrent.atomic=ALL-UNNAMED -Xmx2048m -Dfile.encoding=UTF-8 -Duser.country=US -Duser.language=en -Duser.variant -javaagent:C:\Users\clyde\.gradle\wrapper\dists\gradle-8.4-bin\1w5dpkrfk8irigvoxmyhowfim\gradle-8.4\lib\agents\gradle-instrumentation-agent-8.4.jar org.gradle.launcher.daemon.bootstrap.GradleDaemon 8.4

Host: Intel(R) Core(TM) i3-1005G1 CPU @ 1.20GHz, 4 cores, 3G,  Windows 11 , 64 bit Build 26100 (10.0.26100.8246)
Time: Sun May  3 22:39:59 2026 Malay Peninsula Standard Time elapsed time: 30.405927 seconds (0d 0h 0m 30s)

---------------  T H R E A D  ---------------

Current thread (0x00000247f20fa880):  JavaThread "C2 CompilerThread0" daemon [_thread_in_native, id=17240, stack(0x000000cc03300000,0x000000cc03400000) (1024K)]


Current CompileTask:
C2:30406 9566   !   4       org.jetbrains.kotlin.metadata.ProtoBuf$Function::<init> (1410 bytes)

Stack: [0x000000cc03300000,0x000000cc03400000]
Native frames: (J=compiled Java code, j=interpreted, Vv=VM code, C=native code)
V  [jvm.dll+0x6e08b9]  (no source info available)
V  [jvm.dll+0x87dc83]  (no source info available)
V  [jvm.dll+0x88010e]  (no source info available)
V  [jvm.dll+0x8807e3]  (no source info available)
V  [jvm.dll+0x27aee6]  (no source info available)
V  [jvm.dll+0xbc06f]  (no source info available)
V  [jvm.dll+0xbc2cb]  (no source info available)
V  [jvm.dll+0x3b3a9c]  (no source info available)
V  [jvm.dll+0x38a42b]  (no source info available)
V  [jvm.dll+0x38989a]  (no source info available)
V  [jvm.dll+0x244aa1]  (no source info available)
V  [jvm.dll+0x243dff]  (no source info available)
V  [jvm.dll+0x1c33a0]  (no source info available)
V  [jvm.dll+0x253cf1]  (no source info available)
V  [jvm.dll+0x251faa]  (no source info available)
V  [jvm.dll+0x3ee036]  (no source info available)
V  [jvm.dll+0x824f8b]  (no source info available)
V  [jvm.dll+0x6df065]  (no source info available)
C  [ucrtbase.dll+0x37b0]  (no source info available)
C  [KERNEL32.DLL+0x2e8d7]  (no source info available)
C  [ntdll.dll+0x8c3fc]  (no source info available)

Lock stack of current Java thread (top to bottom):


---------------  P R O C E S S  ---------------

Threads class SMR info:
_java_thread_list=0x00000247c941dcc0, length=42, elements={
0x00000247d5c055c0, 0x00000247f20e1d40, 0x00000247f20e3310, 0x00000247f20e9570,
0x00000247f20e9fd0, 0x00000247f20ec240, 0x00000247f20f0e40, 0x00000247f20fa880,
0x00000247f20fdfe0, 0x00000247c5088740, 0x00000247c5211aa0, 0x00000247c650a530,
0x00000247c5a82530, 0x00000247c6c69720, 0x00000247c6ae1eb0, 0x00000247c6ae2520,
0x00000247c6c43830, 0x00000247c6b73b90, 0x00000247c6b727e0, 0x00000247c6b74220,
0x00000247c6b74f40, 0x00000247c6b755d0, 0x00000247c6b72e70, 0x00000247c6b72150,
0x00000247c75d6f60, 0x00000247c75d68d0, 0x00000247c75d89a0, 0x00000247c75d75f0,
0x00000247c75d7c80, 0x00000247c75d8310, 0x00000247c75d9030, 0x00000247c75d5bb0,
0x00000247c75d96c0, 0x00000247c75d9d50, 0x00000247c75da3e0, 0x00000247c8430d20,
0x00000247c84313b0, 0x00000247c84320d0, 0x00000247c8434830, 0x00000247c84341a0,
0x00000247c8432df0, 0x00000247c8433b10
}

Java Threads: ( => current thread )
  0x00000247d5c055c0 JavaThread "main"                              [_thread_blocked, id=18172, stack(0x000000cc02500000,0x000000cc02600000) (1024K)]
  0x00000247f20e1d40 JavaThread "Reference Handler"          daemon [_thread_blocked, id=16816, stack(0x000000cc02d00000,0x000000cc02e00000) (1024K)]
  0x00000247f20e3310 JavaThread "Finalizer"                  daemon [_thread_blocked, id=8180, stack(0x000000cc02e00000,0x000000cc02f00000) (1024K)]
  0x00000247f20e9570 JavaThread "Signal Dispatcher"          daemon [_thread_blocked, id=16848, stack(0x000000cc02f00000,0x000000cc03000000) (1024K)]
  0x00000247f20e9fd0 JavaThread "Attach Listener"            daemon [_thread_blocked, id=3256, stack(0x000000cc03000000,0x000000cc03100000) (1024K)]
  0x00000247f20ec240 JavaThread "Service Thread"             daemon [_thread_blocked, id=10592, stack(0x000000cc03100000,0x000000cc03200000) (1024K)]
  0x00000247f20f0e40 JavaThread "Monitor Deflation Thread"   daemon [_thread_blocked, id=13452, stack(0x000000cc03200000,0x000000cc03300000) (1024K)]
=>0x00000247f20fa880 JavaThread "C2 CompilerThread0"         daemon [_thread_in_native, id=17240, stack(0x000000cc03300000,0x000000cc03400000) (1024K)]
  0x00000247f20fdfe0 JavaThread "C1 CompilerThread0"         daemon [_thread_blocked, id=18564, stack(0x000000cc03400000,0x000000cc03500000) (1024K)]
  0x00000247c5088740 JavaThread "Common-Cleaner"             daemon [_thread_blocked, id=13988, stack(0x000000cc03500000,0x000000cc03600000) (1024K)]
  0x00000247c5211aa0 JavaThread "Notification Thread"        daemon [_thread_blocked, id=8252, stack(0x000000cc03600000,0x000000cc03700000) (1024K)]
  0x00000247c650a530 JavaThread "Daemon health stats"               [_thread_blocked, id=1524, stack(0x000000cc03a00000,0x000000cc03b00000) (1024K)]
  0x00000247c5a82530 JavaThread "Incoming local TCP Connector on port 58291"        [_thread_in_native, id=2636, stack(0x000000cc03b00000,0x000000cc03c00000) (1024K)]
  0x00000247c6c69720 JavaThread "Daemon periodic checks"            [_thread_blocked, id=6188, stack(0x000000cc03c00000,0x000000cc03d00000) (1024K)]
  0x00000247c6ae1eb0 JavaThread "Daemon"                            [_thread_blocked, id=19272, stack(0x000000cc03d00000,0x000000cc03e00000) (1024K)]
  0x00000247c6ae2520 JavaThread "Handler for socket connection from /127.0.0.1:58291 to /127.0.0.1:58292"        [_thread_in_native, id=16540, stack(0x000000cc03e00000,0x000000cc03f00000) (1024K)]
  0x00000247c6c43830 JavaThread "Cancel handler"                    [_thread_blocked, id=8904, stack(0x000000cc03f00000,0x000000cc04000000) (1024K)]
  0x00000247c6b73b90 JavaThread "Daemon worker"                     [_thread_in_vm, id=19024, stack(0x000000cc04000000,0x000000cc04100000) (1024K)]
  0x00000247c6b727e0 JavaThread "Asynchronous log dispatcher for DefaultDaemonConnection: socket connection from /127.0.0.1:58291 to /127.0.0.1:58292"        [_thread_blocked, id=17248, stack(0x000000cc04100000,0x000000cc04200000) (1024K)]
  0x00000247c6b74220 JavaThread "Stdin handler"                     [_thread_blocked, id=7856, stack(0x000000cc04200000,0x000000cc04300000) (1024K)]
  0x00000247c6b74f40 JavaThread "Daemon client event forwarder"        [_thread_blocked, id=6640, stack(0x000000cc04300000,0x000000cc04400000) (1024K)]
  0x00000247c6b755d0 JavaThread "Cache worker for journal cache (C:\Users\clyde\.gradle\caches\journal-1)"        [_thread_blocked, id=1784, stack(0x000000cc04400000,0x000000cc04500000) (1024K)]
  0x00000247c6b72e70 JavaThread "File lock request listener"        [_thread_in_native, id=11268, stack(0x000000cc04500000,0x000000cc04600000) (1024K)]
  0x00000247c6b72150 JavaThread "Cache worker for file hash cache (C:\Users\clyde\.gradle\caches\8.4\fileHashes)"        [_thread_blocked, id=10152, stack(0x000000cc04600000,0x000000cc04700000) (1024K)]
  0x00000247c75d6f60 JavaThread "File watcher server"        daemon [_thread_in_native, id=9348, stack(0x000000cc04700000,0x000000cc04800000) (1024K)]
  0x00000247c75d68d0 JavaThread "File watcher consumer"      daemon [_thread_blocked, id=13564, stack(0x000000cc04800000,0x000000cc04900000) (1024K)]
  0x00000247c75d89a0 JavaThread "Cache worker for checksums cache (C:\CSIT342\IT342-Benolirao-RootUser\mobile\.gradle\8.4\checksums)"        [_thread_blocked, id=14216, stack(0x000000cc04900000,0x000000cc04a00000) (1024K)]
  0x00000247c75d75f0 JavaThread "Cache worker for file hash cache (C:\CSIT342\IT342-Benolirao-RootUser\mobile\.gradle\8.4\fileHashes)"        [_thread_blocked, id=18960, stack(0x000000cc04b00000,0x000000cc04c00000) (1024K)]
  0x00000247c75d7c80 JavaThread "Cache worker for cache directory md-supplier (C:\Users\clyde\.gradle\caches\8.4\md-supplier)"        [_thread_blocked, id=17804, stack(0x000000cc04c00000,0x000000cc04d00000) (1024K)]
  0x00000247c75d8310 JavaThread "Cache worker for file content cache (C:\Users\clyde\.gradle\caches\8.4\fileContent)"        [_thread_blocked, id=3412, stack(0x000000cc04d00000,0x000000cc04e00000) (1024K)]
  0x00000247c75d9030 JavaThread "Cache worker for cache directory md-rule (C:\Users\clyde\.gradle\caches\8.4\md-rule)"        [_thread_blocked, id=14728, stack(0x000000cc04e00000,0x000000cc04f00000) (1024K)]
  0x00000247c75d5bb0 JavaThread "Cache worker for execution history cache (C:\Users\clyde\.gradle\caches\8.4\executionHistory)"        [_thread_blocked, id=17424, stack(0x000000cc04f00000,0x000000cc05000000) (1024K)]
  0x00000247c75d96c0 JavaThread "Cache worker for kotlin-dsl (C:\Users\clyde\.gradle\caches\8.4\kotlin-dsl)"        [_thread_blocked, id=10308, stack(0x000000cc04a00000,0x000000cc04b00000) (1024K)]
  0x00000247c75d9d50 JavaThread "jar transforms"                    [_thread_blocked, id=12784, stack(0x000000cc05000000,0x000000cc05100000) (1024K)]
  0x00000247c75da3e0 JavaThread "jar transforms Thread 2"           [_thread_blocked, id=9880, stack(0x000000cc05100000,0x000000cc05200000) (1024K)]
  0x00000247c8430d20 JavaThread "jar transforms Thread 3"           [_thread_blocked, id=15600, stack(0x000000cc05200000,0x000000cc05300000) (1024K)]
  0x00000247c84313b0 JavaThread "jar transforms Thread 4"           [_thread_blocked, id=14600, stack(0x000000cc05300000,0x000000cc05400000) (1024K)]
  0x00000247c84320d0 JavaThread "Cache worker for dependencies-accessors (C:\CSIT342\IT342-Benolirao-RootUser\mobile\.gradle\8.4\dependencies-accessors)"        [_thread_blocked, id=6752, stack(0x000000cc05400000,0x000000cc05500000) (1024K)]
  0x00000247c8434830 JavaThread "Cache worker for Build Output Cleanup Cache (C:\CSIT342\IT342-Benolirao-RootUser\mobile\.gradle\buildOutputCleanup)"        [_thread_blocked, id=13372, stack(0x000000cc05500000,0x000000cc05600000) (1024K)]
  0x00000247c84341a0 JavaThread "Unconstrained build operations"        [_thread_blocked, id=13496, stack(0x000000cc05600000,0x000000cc05700000) (1024K)]
  0x00000247c8432df0 JavaThread "Unconstrained build operations Thread 2"        [_thread_blocked, id=1952, stack(0x000000cc05700000,0x000000cc05800000) (1024K)]
  0x00000247c8433b10 JavaThread "Unconstrained build operations Thread 3"        [_thread_blocked, id=8536, stack(0x000000cc05800000,0x000000cc05900000) (1024K)]
Total: 42

Other Threads:
  0x00000247f20c8570 VMThread "VM Thread"                           [id=16868, stack(0x000000cc02c00000,0x000000cc02d00000) (1024K)]
  0x00000247f20b1770 WatcherThread "VM Periodic Task Thread"        [id=432, stack(0x000000cc02b00000,0x000000cc02c00000) (1024K)]
  0x00000247d5c5da10 WorkerThread "GC Thread#0"                     [id=16260, stack(0x000000cc02600000,0x000000cc02700000) (1024K)]
  0x00000247c5483690 WorkerThread "GC Thread#1"                     [id=14916, stack(0x000000cc03700000,0x000000cc03800000) (1024K)]
  0x00000247c57b8570 WorkerThread "GC Thread#2"                     [id=18156, stack(0x000000cc03800000,0x000000cc03900000) (1024K)]
  0x00000247c57b8920 WorkerThread "GC Thread#3"                     [id=18824, stack(0x000000cc03900000,0x000000cc03a00000) (1024K)]
  0x00000247d5c73890 ConcurrentGCThread "G1 Main Marker"            [id=14548, stack(0x000000cc02700000,0x000000cc02800000) (1024K)]
  0x00000247d5c74a50 WorkerThread "G1 Conc#0"                       [id=12468, stack(0x000000cc02800000,0x000000cc02900000) (1024K)]
  0x00000247f1f810a0 ConcurrentGCThread "G1 Refine#0"               [id=6712, stack(0x000000cc02900000,0x000000cc02a00000) (1024K)]
  0x00000247f1f81b30 ConcurrentGCThread "G1 Service"                [id=5960, stack(0x000000cc02a00000,0x000000cc02b00000) (1024K)]
Total: 10

Threads with active compile tasks:
C2 CompilerThread0  31560 9566   !   4       org.jetbrains.kotlin.metadata.ProtoBuf$Function::<init> (1410 bytes)
Total: 1

VM state: not at safepoint (normal execution)

VM Mutex/Monitor currently owned by a thread: None

Heap address: 0x0000000080000000, size: 2048 MB, Compressed Oops mode: 32-bit

CDS archive(s) mapped at: [0x0000024780000000-0x0000024780d70000-0x0000024780d70000), size 14090240, SharedBaseAddress: 0x0000024780000000, ArchiveRelocationMode: 1.
Compressed class space mapped at: 0x0000024781000000-0x00000247c1000000, reserved size: 1073741824
Narrow klass base: 0x0000024780000000, Narrow klass shift: 0, Narrow klass range: 0x41000000

GC Precious Log:
 CardTable entry size: 512
 Card Set container configuration: InlinePtr #cards 5 size 8 Array Of Cards #cards 10 size 36 Howl #buckets 4 coarsen threshold 1843 Howl Bitmap #cards 512 size 80 coarsen threshold 460 Card regions per heap region 1 cards per card region 2048
 CPUs: 4 total, 4 available
 Memory: 3838M
 Large Page Support: Disabled
 NUMA Support: Disabled
 Compressed Oops: Enabled (32-bit)
 Heap Region Size: 1M
 Heap Min Capacity: 8M
 Heap Initial Capacity: 60M
 Heap Max Capacity: 2G
 Pre-touch: Disabled
 Parallel Workers: 4
 Concurrent Workers: 1
 Concurrent Refinement Workers: 4
 Periodic GC: Disabled

Heap:
 garbage-first heap   total reserved 2097152K, committed 184320K, used 113311K [0x0000000080000000, 0x0000000100000000)
  region size 1024K, 8 young (8192K), 6 survivors (6144K)
 Metaspace       used 92322K, committed 94528K, reserved 1179648K
  class space    used 12901K, committed 13952K, reserved 1048576K

Heap Regions: E=young(eden), S=young(survivor), O=old, HS=humongous(starts), HC=humongous(continues), CS=collection set, F=free, TAMS=top-at-mark-start, PB=parsable bottom
|   0|0x0000000080000000, 0x0000000080100000, 0x0000000080100000|100%| O|  |TAMS 0x0000000080000000| PB 0x0000000080000000| Untracked |  0
|   1|0x0000000080100000, 0x0000000080200000, 0x0000000080200000|100%| O|  |TAMS 0x0000000080100000| PB 0x0000000080100000| Untracked |  0
|   2|0x0000000080200000, 0x0000000080300000, 0x0000000080300000|100%| O|  |TAMS 0x0000000080200000| PB 0x0000000080200000| Untracked |  0
|   3|0x0000000080300000, 0x0000000080400000, 0x0000000080400000|100%|HS|  |TAMS 0x0000000080300000| PB 0x0000000080300000| Complete |  0
|   4|0x0000000080400000, 0x0000000080500000, 0x0000000080500000|100%|HC|  |TAMS 0x0000000080400000| PB 0x0000000080400000| Complete |  0
|   5|0x0000000080500000, 0x0000000080600000, 0x0000000080600000|100%|HC|  |TAMS 0x0000000080500000| PB 0x0000000080500000| Complete |  0
|   6|0x0000000080600000, 0x0000000080700000, 0x0000000080700000|100%|HC|  |TAMS 0x0000000080600000| PB 0x0000000080600000| Complete |  0
|   7|0x0000000080700000, 0x0000000080800000, 0x0000000080800000|100%| O|  |TAMS 0x0000000080700000| PB 0x0000000080700000| Untracked |  0
|   8|0x0000000080800000, 0x0000000080900000, 0x0000000080900000|100%| O|  |TAMS 0x0000000080800000| PB 0x0000000080800000| Untracked |  0
|   9|0x0000000080900000, 0x0000000080a00000, 0x0000000080a00000|100%| O|  |TAMS 0x0000000080900000| PB 0x0000000080900000| Untracked |  0
|  10|0x0000000080a00000, 0x0000000080b00000, 0x0000000080b00000|100%| O|  |TAMS 0x0000000080a00000| PB 0x0000000080a00000| Untracked |  0
|  11|0x0000000080b00000, 0x0000000080c00000, 0x0000000080c00000|100%| O|  |TAMS 0x0000000080b00000| PB 0x0000000080b00000| Untracked |  0
|  12|0x0000000080c00000, 0x0000000080d00000, 0x0000000080d00000|100%| O|  |TAMS 0x0000000080c00000| PB 0x0000000080c00000| Untracked |  0
|  13|0x0000000080d00000, 0x0000000080e00000, 0x0000000080e00000|100%| O|  |TAMS 0x0000000080d00000| PB 0x0000000080d00000| Untracked |  0
|  14|0x0000000080e00000, 0x0000000080f00000, 0x0000000080f00000|100%| O|  |TAMS 0x0000000080e00000| PB 0x0000000080e00000| Untracked |  0
|  15|0x0000000080f00000, 0x0000000081000000, 0x0000000081000000|100%| O|  |TAMS 0x0000000080f00000| PB 0x0000000080f00000| Untracked |  0
|  16|0x0000000081000000, 0x0000000081100000, 0x0000000081100000|100%| O|  |TAMS 0x0000000081000000| PB 0x0000000081000000| Untracked |  0
|  17|0x0000000081100000, 0x0000000081200000, 0x0000000081200000|100%| O|  |TAMS 0x0000000081100000| PB 0x0000000081100000| Untracked |  0
|  18|0x0000000081200000, 0x0000000081300000, 0x0000000081300000|100%| O|  |TAMS 0x0000000081200000| PB 0x0000000081200000| Untracked |  0
|  19|0x0000000081300000, 0x0000000081400000, 0x0000000081400000|100%| O|  |TAMS 0x0000000081300000| PB 0x0000000081300000| Untracked |  0
|  20|0x0000000081400000, 0x0000000081500000, 0x0000000081500000|100%| O|  |TAMS 0x0000000081400000| PB 0x0000000081400000| Untracked |  0
|  21|0x0000000081500000, 0x0000000081600000, 0x0000000081600000|100%| O|  |TAMS 0x0000000081500000| PB 0x0000000081500000| Untracked |  0
|  22|0x0000000081600000, 0x0000000081700000, 0x0000000081700000|100%| O|  |TAMS 0x0000000081600000| PB 0x0000000081600000| Untracked |  0
|  23|0x0000000081700000, 0x0000000081800000, 0x0000000081800000|100%| O|  |TAMS 0x0000000081700000| PB 0x0000000081700000| Untracked |  0
|  24|0x0000000081800000, 0x0000000081900000, 0x0000000081900000|100%| O|  |TAMS 0x0000000081800000| PB 0x0000000081800000| Untracked |  0
|  25|0x0000000081900000, 0x0000000081a00000, 0x0000000081a00000|100%| O|  |TAMS 0x0000000081900000| PB 0x0000000081900000| Untracked |  0
|  26|0x0000000081a00000, 0x0000000081b00000, 0x0000000081b00000|100%| O|  |TAMS 0x0000000081a00000| PB 0x0000000081a00000| Untracked |  0
|  27|0x0000000081b00000, 0x0000000081c00000, 0x0000000081c00000|100%| O|  |TAMS 0x0000000081b00000| PB 0x0000000081b00000| Untracked |  0
|  28|0x0000000081c00000, 0x0000000081d00000, 0x0000000081d00000|100%| O|  |TAMS 0x0000000081c00000| PB 0x0000000081c00000| Untracked |  0
|  29|0x0000000081d00000, 0x0000000081e00000, 0x0000000081e00000|100%| O|  |TAMS 0x0000000081d00000| PB 0x0000000081d00000| Untracked |  0
|  30|0x0000000081e00000, 0x0000000081f00000, 0x0000000081f00000|100%| O|  |TAMS 0x0000000081e00000| PB 0x0000000081e00000| Untracked |  0
|  31|0x0000000081f00000, 0x0000000082000000, 0x0000000082000000|100%|HS|  |TAMS 0x0000000081f00000| PB 0x0000000081f00000| Complete |  0
|  32|0x0000000082000000, 0x0000000082100000, 0x0000000082100000|100%| O|  |TAMS 0x0000000082000000| PB 0x0000000082000000| Untracked |  0
|  33|0x0000000082100000, 0x0000000082200000, 0x0000000082200000|100%| O|  |TAMS 0x0000000082100000| PB 0x0000000082100000| Untracked |  0
|  34|0x0000000082200000, 0x0000000082300000, 0x0000000082300000|100%| O|  |TAMS 0x0000000082200000| PB 0x0000000082200000| Untracked |  0
|  35|0x0000000082300000, 0x0000000082400000, 0x0000000082400000|100%| O|  |TAMS 0x0000000082300000| PB 0x0000000082300000| Untracked |  0
|  36|0x0000000082400000, 0x0000000082500000, 0x0000000082500000|100%| O|  |TAMS 0x0000000082400000| PB 0x0000000082400000| Untracked |  0
|  37|0x0000000082500000, 0x0000000082600000, 0x0000000082600000|100%| O|  |TAMS 0x0000000082500000| PB 0x0000000082500000| Untracked |  0
|  38|0x0000000082600000, 0x0000000082700000, 0x0000000082700000|100%| O|  |TAMS 0x0000000082600000| PB 0x0000000082600000| Untracked |  0
|  39|0x0000000082700000, 0x0000000082800000, 0x0000000082800000|100%| O|  |TAMS 0x0000000082700000| PB 0x0000000082700000| Untracked |  0
|  40|0x0000000082800000, 0x0000000082900000, 0x0000000082900000|100%| O|  |TAMS 0x0000000082800000| PB 0x0000000082800000| Untracked |  0
|  41|0x0000000082900000, 0x0000000082a00000, 0x0000000082a00000|100%| O|  |TAMS 0x0000000082900000| PB 0x0000000082900000| Untracked |  0
|  42|0x0000000082a00000, 0x0000000082b00000, 0x0000000082b00000|100%| O|Cm|TAMS 0x0000000082a00000| PB 0x0000000082a00000| Complete |  0
|  43|0x0000000082b00000, 0x0000000082c00000, 0x0000000082c00000|100%| O|  |TAMS 0x0000000082b00000| PB 0x0000000082b00000| Untracked |  0
|  44|0x0000000082c00000, 0x0000000082d00000, 0x0000000082d00000|100%| O|  |TAMS 0x0000000082c00000| PB 0x0000000082c00000| Untracked |  0
|  45|0x0000000082d00000, 0x0000000082e00000, 0x0000000082e00000|100%| O|  |TAMS 0x0000000082d00000| PB 0x0000000082d00000| Untracked |  0
|  46|0x0000000082e00000, 0x0000000082f00000, 0x0000000082f00000|100%| O|  |TAMS 0x0000000082e00000| PB 0x0000000082e00000| Untracked |  0
|  47|0x0000000082f00000, 0x0000000083000000, 0x0000000083000000|100%| O|  |TAMS 0x0000000082f00000| PB 0x0000000082f00000| Untracked |  0
|  48|0x0000000083000000, 0x0000000083100000, 0x0000000083100000|100%| O|  |TAMS 0x0000000083000000| PB 0x0000000083000000| Untracked |  0
|  49|0x0000000083100000, 0x0000000083200000, 0x0000000083200000|100%| O|  |TAMS 0x0000000083100000| PB 0x0000000083100000| Untracked |  0
|  50|0x0000000083200000, 0x0000000083300000, 0x0000000083300000|100%|HS|  |TAMS 0x0000000083200000| PB 0x0000000083200000| Complete |  0
|  51|0x0000000083300000, 0x0000000083400000, 0x0000000083400000|100%|HC|  |TAMS 0x0000000083300000| PB 0x0000000083300000| Complete |  0
|  52|0x0000000083400000, 0x0000000083500000, 0x0000000083500000|100%|HC|  |TAMS 0x0000000083400000| PB 0x0000000083400000| Complete |  0
|  53|0x0000000083500000, 0x0000000083600000, 0x0000000083600000|100%|HC|  |TAMS 0x0000000083500000| PB 0x0000000083500000| Complete |  0
|  54|0x0000000083600000, 0x0000000083700000, 0x0000000083700000|100%|HC|  |TAMS 0x0000000083600000| PB 0x0000000083600000| Complete |  0
|  55|0x0000000083700000, 0x0000000083800000, 0x0000000083800000|100%|HC|  |TAMS 0x0000000083700000| PB 0x0000000083700000| Complete |  0
|  56|0x0000000083800000, 0x0000000083900000, 0x0000000083900000|100%|HS|  |TAMS 0x0000000083800000| PB 0x0000000083800000| Complete |  0
|  57|0x0000000083900000, 0x0000000083a00000, 0x0000000083a00000|100%| O|  |TAMS 0x0000000083900000| PB 0x0000000083900000| Untracked |  0
|  58|0x0000000083a00000, 0x0000000083b00000, 0x0000000083b00000|100%| O|  |TAMS 0x0000000083a00000| PB 0x0000000083a00000| Untracked |  0
|  59|0x0000000083b00000, 0x0000000083c00000, 0x0000000083c00000|100%| O|  |TAMS 0x0000000083b00000| PB 0x0000000083b00000| Untracked |  0
|  60|0x0000000083c00000, 0x0000000083d00000, 0x0000000083d00000|100%| O|  |TAMS 0x0000000083c00000| PB 0x0000000083c00000| Untracked |  0
|  61|0x0000000083d00000, 0x0000000083e00000, 0x0000000083e00000|100%| O|  |TAMS 0x0000000083d00000| PB 0x0000000083d00000| Untracked |  0
|  62|0x0000000083e00000, 0x0000000083f00000, 0x0000000083f00000|100%| O|  |TAMS 0x0000000083e00000| PB 0x0000000083e00000| Untracked |  0
|  63|0x0000000083f00000, 0x0000000084000000, 0x0000000084000000|100%| O|  |TAMS 0x0000000083f00000| PB 0x0000000083f00000| Untracked |  0
|  64|0x0000000084000000, 0x0000000084100000, 0x0000000084100000|100%| O|  |TAMS 0x0000000084000000| PB 0x0000000084000000| Untracked |  0
|  65|0x0000000084100000, 0x0000000084200000, 0x0000000084200000|100%| O|  |TAMS 0x0000000084100000| PB 0x0000000084100000| Untracked |  0
|  66|0x0000000084200000, 0x0000000084300000, 0x0000000084300000|100%| O|  |TAMS 0x0000000084200000| PB 0x0000000084200000| Untracked |  0
|  67|0x0000000084300000, 0x0000000084400000, 0x0000000084400000|100%| O|  |TAMS 0x0000000084300000| PB 0x0000000084300000| Untracked |  0
|  68|0x0000000084400000, 0x0000000084500000, 0x0000000084500000|100%| O|  |TAMS 0x0000000084400000| PB 0x0000000084400000| Untracked |  0
|  69|0x0000000084500000, 0x0000000084600000, 0x0000000084600000|100%| O|  |TAMS 0x0000000084500000| PB 0x0000000084500000| Untracked |  0
|  70|0x0000000084600000, 0x0000000084700000, 0x0000000084700000|100%| O|  |TAMS 0x0000000084600000| PB 0x0000000084600000| Untracked |  0
|  71|0x0000000084700000, 0x0000000084800000, 0x0000000084800000|100%| O|  |TAMS 0x0000000084700000| PB 0x0000000084700000| Untracked |  0
|  72|0x0000000084800000, 0x0000000084900000, 0x0000000084900000|100%| O|  |TAMS 0x0000000084800000| PB 0x0000000084800000| Untracked |  0
|  73|0x0000000084900000, 0x0000000084a00000, 0x0000000084a00000|100%| O|  |TAMS 0x0000000084900000| PB 0x0000000084900000| Untracked |  0
|  74|0x0000000084a00000, 0x0000000084b00000, 0x0000000084b00000|100%| O|Cm|TAMS 0x0000000084a00000| PB 0x0000000084a00000| Complete |  0
|  75|0x0000000084b00000, 0x0000000084c00000, 0x0000000084c00000|100%|HS|  |TAMS 0x0000000084b00000| PB 0x0000000084b00000| Complete |  0
|  76|0x0000000084c00000, 0x0000000084d00000, 0x0000000084d00000|100%|HS|  |TAMS 0x0000000084c00000| PB 0x0000000084c00000| Complete |  0
|  77|0x0000000084d00000, 0x0000000084e00000, 0x0000000084e00000|100%|HC|  |TAMS 0x0000000084d00000| PB 0x0000000084d00000| Complete |  0
|  78|0x0000000084e00000, 0x0000000084f00000, 0x0000000084f00000|100%|HS|  |TAMS 0x0000000084e00000| PB 0x0000000084e00000| Complete |  0
|  79|0x0000000084f00000, 0x0000000085000000, 0x0000000085000000|100%|HS|  |TAMS 0x0000000084f00000| PB 0x0000000084f00000| Complete |  0
|  80|0x0000000085000000, 0x0000000085100000, 0x0000000085100000|100%|HC|  |TAMS 0x0000000085000000| PB 0x0000000085000000| Complete |  0
|  81|0x0000000085100000, 0x0000000085200000, 0x0000000085200000|100%|HC|  |TAMS 0x0000000085100000| PB 0x0000000085100000| Complete |  0
|  82|0x0000000085200000, 0x0000000085300000, 0x0000000085300000|100%|HC|  |TAMS 0x0000000085200000| PB 0x0000000085200000| Complete |  0
|  83|0x0000000085300000, 0x0000000085400000, 0x0000000085400000|100%| O|  |TAMS 0x0000000085300000| PB 0x0000000085300000| Untracked |  0
|  84|0x0000000085400000, 0x0000000085500000, 0x0000000085500000|100%| O|  |TAMS 0x0000000085400000| PB 0x0000000085400000| Untracked |  0
|  85|0x0000000085500000, 0x0000000085600000, 0x0000000085600000|100%| O|  |TAMS 0x0000000085500000| PB 0x0000000085500000| Untracked |  0
|  86|0x0000000085600000, 0x0000000085700000, 0x0000000085700000|100%| O|  |TAMS 0x0000000085600000| PB 0x0000000085600000| Untracked |  0
|  87|0x0000000085700000, 0x0000000085800000, 0x0000000085800000|100%| O|  |TAMS 0x0000000085700000| PB 0x0000000085700000| Untracked |  0
|  88|0x0000000085800000, 0x0000000085900000, 0x0000000085900000|100%| O|  |TAMS 0x0000000085800000| PB 0x0000000085800000| Untracked |  0
|  89|0x0000000085900000, 0x0000000085a00000, 0x0000000085a00000|100%| O|  |TAMS 0x0000000085900000| PB 0x0000000085900000| Untracked |  0
|  90|0x0000000085a00000, 0x0000000085b00000, 0x0000000085b00000|100%| O|  |TAMS 0x0000000085a00000| PB 0x0000000085a00000| Untracked |  0
|  91|0x0000000085b00000, 0x0000000085c00000, 0x0000000085c00000|100%| O|  |TAMS 0x0000000085b00000| PB 0x0000000085b00000| Untracked |  0
|  92|0x0000000085c00000, 0x0000000085d00000, 0x0000000085d00000|100%| O|  |TAMS 0x0000000085c00000| PB 0x0000000085c00000| Untracked |  0
|  93|0x0000000085d00000, 0x0000000085e00000, 0x0000000085e00000|100%| O|  |TAMS 0x0000000085d00000| PB 0x0000000085d00000| Untracked |  0
|  94|0x0000000085e00000, 0x0000000085f00000, 0x0000000085f00000|100%| O|  |TAMS 0x0000000085e00000| PB 0x0000000085e00000| Untracked |  0
|  95|0x0000000085f00000, 0x0000000086000000, 0x0000000086000000|100%| O|  |TAMS 0x0000000085f00000| PB 0x0000000085f00000| Untracked |  0
|  96|0x0000000086000000, 0x0000000086100000, 0x0000000086100000|100%| O|  |TAMS 0x0000000086000000| PB 0x0000000086000000| Untracked |  0
|  97|0x0000000086100000, 0x0000000086200000, 0x0000000086200000|100%| O|  |TAMS 0x0000000086100000| PB 0x0000000086100000| Untracked |  0
|  98|0x0000000086200000, 0x0000000086300000, 0x0000000086300000|100%| O|  |TAMS 0x0000000086200000| PB 0x0000000086200000| Untracked |  0
|  99|0x0000000086300000, 0x0000000086400000, 0x0000000086400000|100%| O|  |TAMS 0x0000000086300000| PB 0x0000000086300000| Untracked |  0
| 100|0x0000000086400000, 0x00000000864a7e70, 0x0000000086500000| 65%| O|  |TAMS 0x0000000086400000| PB 0x0000000086400000| Untracked |  0
| 101|0x0000000086500000, 0x0000000086500000, 0x0000000086600000|  0%| F|  |TAMS 0x0000000086500000| PB 0x0000000086500000| Untracked |  0
| 102|0x0000000086600000, 0x0000000086600000, 0x0000000086700000|  0%| F|  |TAMS 0x0000000086600000| PB 0x0000000086600000| Untracked |  0
| 103|0x0000000086700000, 0x0000000086700000, 0x0000000086800000|  0%| F|  |TAMS 0x0000000086700000| PB 0x0000000086700000| Untracked |  0
| 104|0x0000000086800000, 0x0000000086800000, 0x0000000086900000|  0%| F|  |TAMS 0x0000000086800000| PB 0x0000000086800000| Untracked |  0
| 105|0x0000000086900000, 0x0000000086900000, 0x0000000086a00000|  0%| F|  |TAMS 0x0000000086900000| PB 0x0000000086900000| Untracked |  0
| 106|0x0000000086a00000, 0x0000000086a00000, 0x0000000086b00000|  0%| F|  |TAMS 0x0000000086a00000| PB 0x0000000086a00000| Untracked |  0
| 107|0x0000000086b00000, 0x0000000086b00000, 0x0000000086c00000|  0%| F|  |TAMS 0x0000000086b00000| PB 0x0000000086b00000| Untracked |  0
| 108|0x0000000086c00000, 0x0000000086c00000, 0x0000000086d00000|  0%| F|  |TAMS 0x0000000086c00000| PB 0x0000000086c00000| Untracked |  0
| 109|0x0000000086d00000, 0x0000000086d00000, 0x0000000086e00000|  0%| F|  |TAMS 0x0000000086d00000| PB 0x0000000086d00000| Untracked |  0
| 110|0x0000000086e00000, 0x0000000086e00000, 0x0000000086f00000|  0%| F|  |TAMS 0x0000000086e00000| PB 0x0000000086e00000| Untracked |  0
| 111|0x0000000086f00000, 0x0000000086f00000, 0x0000000087000000|  0%| F|  |TAMS 0x0000000086f00000| PB 0x0000000086f00000| Untracked |  0
| 112|0x0000000087000000, 0x0000000087000000, 0x0000000087100000|  0%| F|  |TAMS 0x0000000087000000| PB 0x0000000087000000| Untracked |  0
| 113|0x0000000087100000, 0x0000000087100000, 0x0000000087200000|  0%| F|  |TAMS 0x0000000087100000| PB 0x0000000087100000| Untracked |  0
| 114|0x0000000087200000, 0x0000000087200000, 0x0000000087300000|  0%| F|  |TAMS 0x0000000087200000| PB 0x0000000087200000| Untracked |  0
| 115|0x0000000087300000, 0x0000000087300000, 0x0000000087400000|  0%| F|  |TAMS 0x0000000087300000| PB 0x0000000087300000| Untracked |  0
| 116|0x0000000087400000, 0x0000000087400000, 0x0000000087500000|  0%| F|  |TAMS 0x0000000087400000| PB 0x0000000087400000| Untracked |  0
| 117|0x0000000087500000, 0x0000000087500000, 0x0000000087600000|  0%| F|  |TAMS 0x0000000087500000| PB 0x0000000087500000| Untracked |  0
| 118|0x0000000087600000, 0x0000000087600000, 0x0000000087700000|  0%| F|  |TAMS 0x0000000087600000| PB 0x0000000087600000| Untracked |  0
| 119|0x0000000087700000, 0x0000000087700000, 0x0000000087800000|  0%| F|  |TAMS 0x0000000087700000| PB 0x0000000087700000| Untracked |  0
| 120|0x0000000087800000, 0x0000000087800000, 0x0000000087900000|  0%| F|  |TAMS 0x0000000087800000| PB 0x0000000087800000| Untracked |  0
| 121|0x0000000087900000, 0x0000000087900000, 0x0000000087a00000|  0%| F|  |TAMS 0x0000000087900000| PB 0x0000000087900000| Untracked |  0
| 122|0x0000000087a00000, 0x0000000087a00000, 0x0000000087b00000|  0%| F|  |TAMS 0x0000000087a00000| PB 0x0000000087a00000| Untracked |  0
| 123|0x0000000087b00000, 0x0000000087b00000, 0x0000000087c00000|  0%| F|  |TAMS 0x0000000087b00000| PB 0x0000000087b00000| Untracked |  0
| 124|0x0000000087c00000, 0x0000000087c00000, 0x0000000087d00000|  0%| F|  |TAMS 0x0000000087c00000| PB 0x0000000087c00000| Untracked |  0
| 125|0x0000000087d00000, 0x0000000087d00000, 0x0000000087e00000|  0%| F|  |TAMS 0x0000000087d00000| PB 0x0000000087d00000| Untracked |  0
| 126|0x0000000087e00000, 0x0000000087e00000, 0x0000000087f00000|  0%| F|  |TAMS 0x0000000087e00000| PB 0x0000000087e00000| Untracked |  0
| 127|0x0000000087f00000, 0x0000000087f00000, 0x0000000088000000|  0%| F|  |TAMS 0x0000000087f00000| PB 0x0000000087f00000| Untracked |  0
| 128|0x0000000088000000, 0x0000000088100000, 0x0000000088100000|100%| S|CS|TAMS 0x0000000088000000| PB 0x0000000088000000| Complete |  0
| 129|0x0000000088100000, 0x0000000088200000, 0x0000000088200000|100%| S|CS|TAMS 0x0000000088100000| PB 0x0000000088100000| Complete |  0
| 130|0x0000000088200000, 0x0000000088300000, 0x0000000088300000|100%| S|CS|TAMS 0x0000000088200000| PB 0x0000000088200000| Complete |  0
| 131|0x0000000088300000, 0x0000000088400000, 0x0000000088400000|100%| S|CS|TAMS 0x0000000088300000| PB 0x0000000088300000| Complete |  0
| 132|0x0000000088400000, 0x0000000088500000, 0x0000000088500000|100%| S|CS|TAMS 0x0000000088400000| PB 0x0000000088400000| Complete |  0
| 133|0x0000000088500000, 0x0000000088600000, 0x0000000088600000|100%| S|CS|TAMS 0x0000000088500000| PB 0x0000000088500000| Complete |  0
| 134|0x0000000088600000, 0x0000000088600000, 0x0000000088700000|  0%| F|  |TAMS 0x0000000088600000| PB 0x0000000088600000| Untracked |  0
| 135|0x0000000088700000, 0x0000000088700000, 0x0000000088800000|  0%| F|  |TAMS 0x0000000088700000| PB 0x0000000088700000| Untracked |  0
| 136|0x0000000088800000, 0x0000000088800000, 0x0000000088900000|  0%| F|  |TAMS 0x0000000088800000| PB 0x0000000088800000| Untracked |  0
| 137|0x0000000088900000, 0x0000000088900000, 0x0000000088a00000|  0%| F|  |TAMS 0x0000000088900000| PB 0x0000000088900000| Untracked |  0
| 138|0x0000000088a00000, 0x0000000088a00000, 0x0000000088b00000|  0%| F|  |TAMS 0x0000000088a00000| PB 0x0000000088a00000| Untracked |  0
| 139|0x0000000088b00000, 0x0000000088b00000, 0x0000000088c00000|  0%| F|  |TAMS 0x0000000088b00000| PB 0x0000000088b00000| Untracked |  0
| 140|0x0000000088c00000, 0x0000000088c00000, 0x0000000088d00000|  0%| F|  |TAMS 0x0000000088c00000| PB 0x0000000088c00000| Untracked |  0
| 141|0x0000000088d00000, 0x0000000088d00000, 0x0000000088e00000|  0%| F|  |TAMS 0x0000000088d00000| PB 0x0000000088d00000| Untracked |  0
| 142|0x0000000088e00000, 0x0000000088e00000, 0x0000000088f00000|  0%| F|  |TAMS 0x0000000088e00000| PB 0x0000000088e00000| Untracked |  0
| 143|0x0000000088f00000, 0x0000000088f00000, 0x0000000089000000|  0%| F|  |TAMS 0x0000000088f00000| PB 0x0000000088f00000| Untracked |  0
| 144|0x0000000089000000, 0x0000000089000000, 0x0000000089100000|  0%| F|  |TAMS 0x0000000089000000| PB 0x0000000089000000| Untracked |  0
| 145|0x0000000089100000, 0x0000000089100000, 0x0000000089200000|  0%| F|  |TAMS 0x0000000089100000| PB 0x0000000089100000| Untracked |  0
| 146|0x0000000089200000, 0x0000000089200000, 0x0000000089300000|  0%| F|  |TAMS 0x0000000089200000| PB 0x0000000089200000| Untracked |  0
| 147|0x0000000089300000, 0x0000000089300000, 0x0000000089400000|  0%| F|  |TAMS 0x0000000089300000| PB 0x0000000089300000| Untracked |  0
| 148|0x0000000089400000, 0x0000000089400000, 0x0000000089500000|  0%| F|  |TAMS 0x0000000089400000| PB 0x0000000089400000| Untracked |  0
| 149|0x0000000089500000, 0x0000000089500000, 0x0000000089600000|  0%| F|  |TAMS 0x0000000089500000| PB 0x0000000089500000| Untracked |  0
| 150|0x0000000089600000, 0x0000000089600000, 0x0000000089700000|  0%| F|  |TAMS 0x0000000089600000| PB 0x0000000089600000| Untracked |  0
| 151|0x0000000089700000, 0x0000000089700000, 0x0000000089800000|  0%| F|  |TAMS 0x0000000089700000| PB 0x0000000089700000| Untracked |  0
| 152|0x0000000089800000, 0x0000000089800000, 0x0000000089900000|  0%| F|  |TAMS 0x0000000089800000| PB 0x0000000089800000| Untracked |  0
| 153|0x0000000089900000, 0x0000000089900000, 0x0000000089a00000|  0%| F|  |TAMS 0x0000000089900000| PB 0x0000000089900000| Untracked |  0
| 154|0x0000000089a00000, 0x0000000089a00000, 0x0000000089b00000|  0%| F|  |TAMS 0x0000000089a00000| PB 0x0000000089a00000| Untracked |  0
| 155|0x0000000089b00000, 0x0000000089b00000, 0x0000000089c00000|  0%| F|  |TAMS 0x0000000089b00000| PB 0x0000000089b00000| Untracked |  0
| 156|0x0000000089c00000, 0x0000000089c00000, 0x0000000089d00000|  0%| F|  |TAMS 0x0000000089c00000| PB 0x0000000089c00000| Untracked |  0
| 157|0x0000000089d00000, 0x0000000089d00000, 0x0000000089e00000|  0%| F|  |TAMS 0x0000000089d00000| PB 0x0000000089d00000| Untracked |  0
| 158|0x0000000089e00000, 0x0000000089e00000, 0x0000000089f00000|  0%| F|  |TAMS 0x0000000089e00000| PB 0x0000000089e00000| Untracked |  0
| 159|0x0000000089f00000, 0x0000000089f00000, 0x000000008a000000|  0%| F|  |TAMS 0x0000000089f00000| PB 0x0000000089f00000| Untracked |  0
| 160|0x000000008a000000, 0x000000008a000000, 0x000000008a100000|  0%| F|  |TAMS 0x000000008a000000| PB 0x000000008a000000| Untracked |  0
| 161|0x000000008a100000, 0x000000008a100000, 0x000000008a200000|  0%| F|  |TAMS 0x000000008a100000| PB 0x000000008a100000| Untracked |  0
| 162|0x000000008a200000, 0x000000008a200000, 0x000000008a300000|  0%| F|  |TAMS 0x000000008a200000| PB 0x000000008a200000| Untracked |  0
| 163|0x000000008a300000, 0x000000008a300000, 0x000000008a400000|  0%| F|  |TAMS 0x000000008a300000| PB 0x000000008a300000| Untracked |  0
| 164|0x000000008a400000, 0x000000008a400000, 0x000000008a500000|  0%| F|  |TAMS 0x000000008a400000| PB 0x000000008a400000| Untracked |  0
| 165|0x000000008a500000, 0x000000008a500000, 0x000000008a600000|  0%| F|  |TAMS 0x000000008a500000| PB 0x000000008a500000| Untracked |  0
| 166|0x000000008a600000, 0x000000008a600000, 0x000000008a700000|  0%| F|  |TAMS 0x000000008a600000| PB 0x000000008a600000| Untracked |  0
| 167|0x000000008a700000, 0x000000008a700000, 0x000000008a800000|  0%| F|  |TAMS 0x000000008a700000| PB 0x000000008a700000| Untracked |  0
| 168|0x000000008a800000, 0x000000008a800000, 0x000000008a900000|  0%| F|  |TAMS 0x000000008a800000| PB 0x000000008a800000| Untracked |  0
| 169|0x000000008a900000, 0x000000008a900000, 0x000000008aa00000|  0%| F|  |TAMS 0x000000008a900000| PB 0x000000008a900000| Untracked |  0
| 170|0x000000008aa00000, 0x000000008aa00000, 0x000000008ab00000|  0%| F|  |TAMS 0x000000008aa00000| PB 0x000000008aa00000| Untracked |  0
| 171|0x000000008ab00000, 0x000000008ab00000, 0x000000008ac00000|  0%| F|  |TAMS 0x000000008ab00000| PB 0x000000008ab00000| Untracked |  0
| 172|0x000000008ac00000, 0x000000008ac00000, 0x000000008ad00000|  0%| F|  |TAMS 0x000000008ac00000| PB 0x000000008ac00000| Untracked |  0
| 173|0x000000008ad00000, 0x000000008ad00000, 0x000000008ae00000|  0%| F|  |TAMS 0x000000008ad00000| PB 0x000000008ad00000| Untracked |  0
| 174|0x000000008ae00000, 0x000000008ae00000, 0x000000008af00000|  0%| F|  |TAMS 0x000000008ae00000| PB 0x000000008ae00000| Untracked |  0
|2043|0x00000000ffb00000, 0x00000000ffba6580, 0x00000000ffc00000| 64%| E|  |TAMS 0x00000000ffb00000| PB 0x00000000ffb00000| Complete |  0
|2044|0x00000000ffc00000, 0x00000000ffd00000, 0x00000000ffd00000|100%| E|CS|TAMS 0x00000000ffc00000| PB 0x00000000ffc00000| Complete |  0
|2045|0x00000000ffd00000, 0x00000000ffe00000, 0x00000000ffe00000|100%| O|  |TAMS 0x00000000ffd00000| PB 0x00000000ffd00000| Untracked |  0
|2046|0x00000000ffe00000, 0x00000000fff00000, 0x00000000fff00000|100%| O|Cm|TAMS 0x00000000ffe00000| PB 0x00000000ffe00000| Complete |  0
|2047|0x00000000fff00000, 0x0000000100000000, 0x0000000100000000|100%| O|  |TAMS 0x00000000fff00000| PB 0x00000000fff00000| Untracked |  0

Card table byte_map: [0x00000247ed730000,0x00000247edb30000] _byte_map_base: 0x00000247ed330000

Marking Bits: (CMBitMap*) 0x00000247d5c5e030
 Bits: [0x00000247edb30000, 0x00000247efb30000)

Polling page: 0x00000247d3ad0000

Metaspace:

Usage:
  Non-class:     77.58 MB used.
      Class:     12.60 MB used.
       Both:     90.19 MB used.

Virtual space:
  Non-class space:      128.00 MB reserved,      78.69 MB ( 61%) committed,  2 nodes.
      Class space:        1.00 GB reserved,      13.62 MB (  1%) committed,  1 nodes.
             Both:        1.12 GB reserved,      92.31 MB (  8%) committed. 

Chunk freelists:
   Non-Class:  544.00 KB
       Class:  2.34 MB
        Both:  2.88 MB

MaxMetaspaceSize: unlimited
CompressedClassSpaceSize: 1.00 GB
Initial GC threshold: 21.00 MB
Current GC threshold: 146.81 MB
CDS: on
 - commit_granule_bytes: 65536.
 - commit_granule_words: 8192.
 - virtual_space_node_default_size: 8388608.
 - enlarge_chunks_in_place: 1.
 - use_allocation_guard: 0.


Internal statistics:

num_allocs_failed_limit: 3.
num_arena_births: 3730.
num_arena_deaths: 0.
num_vsnodes_births: 3.
num_vsnodes_deaths: 0.
num_space_committed: 1475.
num_space_uncommitted: 0.
num_chunks_returned_to_freelist: 3.
num_chunks_taken_from_freelist: 7432.
num_chunk_merges: 3.
num_chunk_splits: 5281.
num_chunks_enlarged: 3718.
num_inconsistent_stats: 0.

CodeHeap 'non-profiled nmethods': size=120064Kb used=3464Kb max_used=3464Kb free=116599Kb
 bounds [0x00000247e5df0000, 0x00000247e6160000, 0x00000247ed330000]
CodeHeap 'profiled nmethods': size=120000Kb used=12495Kb max_used=12495Kb free=107505Kb
 bounds [0x00000247de330000, 0x00000247def70000, 0x00000247e5860000]
CodeHeap 'non-nmethods': size=5696Kb used=2390Kb max_used=2390Kb free=3305Kb
 bounds [0x00000247e5860000, 0x00000247e5ad0000, 0x00000247e5df0000]
CodeCache: size=245760Kb, used=18349Kb, max_used=18349Kb, free=227409Kb
 total_blobs=9334, nmethods=8424, adapters=815, full_count=0
Compilation: enabled, stopped_count=0, restarted_count=0

Compilation events (20 events):
Event: 29.333 Thread 0x00000247f20fdfe0 9574       1       org.jetbrains.kotlin.load.java.lazy.descriptors.LazyJavaPackageScope$FindClassRequest::getName (5 bytes)
Event: 29.333 Thread 0x00000247f20fdfe0 nmethod 9574 0x00000247e614f088 code [0x00000247e614f1a0, 0x00000247e614f268]
Event: 29.365 Thread 0x00000247f20fdfe0 9578       3       org.jetbrains.kotlin.load.java.structure.impl.JavaPackageImpl::<init> (42 bytes)
Event: 29.366 Thread 0x00000247f20fdfe0 nmethod 9578 0x00000247def4ae88 code [0x00000247def4b100, 0x00000247def4c0f8]
Event: 29.369 Thread 0x00000247f20fdfe0 9579       3       org.jetbrains.kotlin.metadata.ProtoBuf$Package::initFields (36 bytes)
Event: 29.369 Thread 0x00000247f20fdfe0 nmethod 9579 0x00000247def4c188 code [0x00000247def4c2e0, 0x00000247def4c7d8]
Event: 29.370 Thread 0x00000247f20fdfe0 9580       3       org.jetbrains.kotlin.util.AbstractArrayMapOwner::isEmpty (16 bytes)
Event: 29.370 Thread 0x00000247f20fdfe0 nmethod 9580 0x00000247def4c808 code [0x00000247def4c940, 0x00000247def4cb78]
Event: 29.371 Thread 0x00000247f20fdfe0 9581       3       org.jetbrains.kotlin.serialization.deserialization.descriptors.DeserializedMemberScope$OptimizedImplementation::getContributedFunctions (48 bytes)
Event: 29.373 Thread 0x00000247f20fdfe0 nmethod 9581 0x00000247def4cc08 code [0x00000247def4cf60, 0x00000247def4e7c8]
Event: 29.373 Thread 0x00000247f20fdfe0 9582       3       org.jetbrains.kotlin.serialization.deserialization.descriptors.DeserializedMemberScope::getContributedFunctions (24 bytes)
Event: 29.374 Thread 0x00000247f20fdfe0 nmethod 9582 0x00000247def4e888 code [0x00000247def4eaa0, 0x00000247def4f510]
Event: 29.374 Thread 0x00000247f20fdfe0 9583       3       org.jetbrains.kotlin.serialization.deserialization.ProtoEnumFlagsUtilsKt::descriptorVisibility (146 bytes)
Event: 29.374 Thread 0x00000247f20fdfe0 nmethod 9583 0x00000247def4f588 code [0x00000247def4f7a0, 0x00000247def500d8]
Event: 29.374 Thread 0x00000247f20fdfe0 9585       1       org.jetbrains.kotlin.serialization.deserialization.DeserializationContext::getMemberDeserializer (5 bytes)
Event: 29.375 Thread 0x00000247f20fdfe0 nmethod 9585 0x00000247e614f388 code [0x00000247e614f4a0, 0x00000247e614f568]
Event: 29.375 Thread 0x00000247f20fdfe0 9584       1       org.jetbrains.kotlin.descriptors.impl.FunctionDescriptorImpl::getExtensionReceiverParameter (5 bytes)
Event: 29.375 Thread 0x00000247f20fdfe0 nmethod 9584 0x00000247e614f688 code [0x00000247e614f7a0, 0x00000247e614f868]
Event: 29.375 Thread 0x00000247f20fdfe0 9586       1       kotlin.collections.EmptyMap::isEmpty (2 bytes)
Event: 29.375 Thread 0x00000247f20fdfe0 nmethod 9586 0x00000247e614f988 code [0x00000247e614faa0, 0x00000247e614fb68]

GC Heap History (20 events):
Event: 21.661 GC heap before
{Heap before GC invocations=31 (full 0):
 garbage-first heap   total reserved 2097152K, committed 76800K, used 72211K [0x0000000080000000, 0x0000000100000000)
  region size 1024K, 24 young (24576K), 3 survivors (3072K)
 Metaspace       used 64599K, committed 66368K, reserved 1114112K
  class space    used 9728K, committed 10496K, reserved 1048576K
}
Event: 21.671 GC heap after
{Heap after GC invocations=32 (full 0):
 garbage-first heap   total reserved 2097152K, committed 79872K, used 54770K [0x0000000080000000, 0x0000000100000000)
  region size 1024K, 3 young (3072K), 3 survivors (3072K)
 Metaspace       used 64599K, committed 66368K, reserved 1114112K
  class space    used 9728K, committed 10496K, reserved 1048576K
}
Event: 21.758 GC heap before
{Heap before GC invocations=32 (full 0):
 garbage-first heap   total reserved 2097152K, committed 79872K, used 70130K [0x0000000080000000, 0x0000000100000000)
  region size 1024K, 19 young (19456K), 3 survivors (3072K)
 Metaspace       used 64735K, committed 66496K, reserved 1114112K
  class space    used 9731K, committed 10496K, reserved 1048576K
}
Event: 21.818 GC heap after
{Heap after GC invocations=33 (full 0):
 garbage-first heap   total reserved 2097152K, committed 82944K, used 61179K [0x0000000080000000, 0x0000000100000000)
  region size 1024K, 3 young (3072K), 3 survivors (3072K)
 Metaspace       used 64735K, committed 66496K, reserved 1114112K
  class space    used 9731K, committed 10496K, reserved 1048576K
}
Event: 21.901 GC heap before
{Heap before GC invocations=33 (full 0):
 garbage-first heap   total reserved 2097152K, committed 82944K, used 68347K [0x0000000080000000, 0x0000000100000000)
  region size 1024K, 11 young (11264K), 3 survivors (3072K)
 Metaspace       used 64743K, committed 66560K, reserved 1114112K
  class space    used 9732K, committed 10496K, reserved 1048576K
}
Event: 21.909 GC heap after
{Heap after GC invocations=34 (full 0):
 garbage-first heap   total reserved 2097152K, committed 165888K, used 57344K [0x0000000080000000, 0x0000000100000000)
  region size 1024K, 2 young (2048K), 2 survivors (2048K)
 Metaspace       used 64743K, committed 66560K, reserved 1114112K
  class space    used 9732K, committed 10496K, reserved 1048576K
}
Event: 22.356 GC heap before
{Heap before GC invocations=34 (full 0):
 garbage-first heap   total reserved 2097152K, committed 165888K, used 120832K [0x0000000080000000, 0x0000000100000000)
  region size 1024K, 56 young (57344K), 2 survivors (2048K)
 Metaspace       used 64749K, committed 66560K, reserved 1114112K
  class space    used 9733K, committed 10496K, reserved 1048576K
}
Event: 22.377 GC heap after
{Heap after GC invocations=35 (full 0):
 garbage-first heap   total reserved 2097152K, committed 165888K, used 74122K [0x0000000080000000, 0x0000000100000000)
  region size 1024K, 7 young (7168K), 7 survivors (7168K)
 Metaspace       used 64749K, committed 66560K, reserved 1114112K
  class space    used 9733K, committed 10496K, reserved 1048576K
}
Event: 23.872 GC heap before
{Heap before GC invocations=35 (full 0):
 garbage-first heap   total reserved 2097152K, committed 165888K, used 125322K [0x0000000080000000, 0x0000000100000000)
  region size 1024K, 49 young (50176K), 7 survivors (7168K)
 Metaspace       used 69118K, committed 70784K, reserved 1114112K
  class space    used 10234K, committed 11008K, reserved 1048576K
}
Event: 23.884 GC heap after
{Heap after GC invocations=36 (full 0):
 garbage-first heap   total reserved 2097152K, committed 165888K, used 86389K [0x0000000080000000, 0x0000000100000000)
  region size 1024K, 5 young (5120K), 5 survivors (5120K)
 Metaspace       used 69118K, committed 70784K, reserved 1114112K
  class space    used 10234K, committed 11008K, reserved 1048576K
}
Event: 25.946 GC heap before
{Heap before GC invocations=36 (full 0):
 garbage-first heap   total reserved 2097152K, committed 165888K, used 136565K [0x0000000080000000, 0x0000000100000000)
  region size 1024K, 46 young (47104K), 5 survivors (5120K)
 Metaspace       used 72070K, committed 73792K, reserved 1114112K
  class space    used 10533K, committed 11328K, reserved 1048576K
}
Event: 25.954 GC heap after
{Heap after GC invocations=37 (full 0):
 garbage-first heap   total reserved 2097152K, committed 165888K, used 99785K [0x0000000080000000, 0x0000000100000000)
  region size 1024K, 6 young (6144K), 6 survivors (6144K)
 Metaspace       used 72070K, committed 73792K, reserved 1114112K
  class space    used 10533K, committed 11328K, reserved 1048576K
}
Event: 26.467 GC heap before
{Heap before GC invocations=37 (full 0):
 garbage-first heap   total reserved 2097152K, committed 165888K, used 138697K [0x0000000080000000, 0x0000000100000000)
  region size 1024K, 44 young (45056K), 6 survivors (6144K)
 Metaspace       used 76519K, committed 78592K, reserved 1179648K
  class space    used 11044K, committed 12032K, reserved 1048576K
}
Event: 26.474 GC heap after
{Heap after GC invocations=38 (full 0):
 garbage-first heap   total reserved 2097152K, committed 165888K, used 103027K [0x0000000080000000, 0x0000000100000000)
  region size 1024K, 3 young (3072K), 3 survivors (3072K)
 Metaspace       used 76519K, committed 78592K, reserved 1179648K
  class space    used 11044K, committed 12032K, reserved 1048576K
}
Event: 27.631 GC heap before
{Heap before GC invocations=39 (full 0):
 garbage-first heap   total reserved 2097152K, committed 173056K, used 142963K [0x0000000080000000, 0x0000000100000000)
  region size 1024K, 42 young (43008K), 3 survivors (3072K)
 Metaspace       used 81384K, committed 83456K, reserved 1179648K
  class space    used 11661K, committed 12672K, reserved 1048576K
}
Event: 27.636 GC heap after
{Heap after GC invocations=40 (full 0):
 garbage-first heap   total reserved 2097152K, committed 173056K, used 104940K [0x0000000080000000, 0x0000000100000000)
  region size 1024K, 5 young (5120K), 5 survivors (5120K)
 Metaspace       used 81384K, committed 83456K, reserved 1179648K
  class space    used 11661K, committed 12672K, reserved 1048576K
}
Event: 28.156 GC heap before
{Heap before GC invocations=40 (full 0):
 garbage-first heap   total reserved 2097152K, committed 173056K, used 151020K [0x0000000080000000, 0x0000000100000000)
  region size 1024K, 49 young (50176K), 5 survivors (5120K)
 Metaspace       used 85476K, committed 87616K, reserved 1179648K
  class space    used 12181K, committed 13184K, reserved 1048576K
}
Event: 28.167 GC heap after
{Heap after GC invocations=41 (full 0):
 garbage-first heap   total reserved 2097152K, committed 173056K, used 108073K [0x0000000080000000, 0x0000000100000000)
  region size 1024K, 7 young (7168K), 7 survivors (7168K)
 Metaspace       used 85476K, committed 87616K, reserved 1179648K
  class space    used 12181K, committed 13184K, reserved 1048576K
}
Event: 28.588 GC heap before
{Heap before GC invocations=41 (full 0):
 garbage-first heap   total reserved 2097152K, committed 173056K, used 152105K [0x0000000080000000, 0x0000000100000000)
  region size 1024K, 50 young (51200K), 7 survivors (7168K)
 Metaspace       used 87176K, committed 89280K, reserved 1179648K
  class space    used 12371K, committed 13376K, reserved 1048576K
}
Event: 28.595 GC heap after
{Heap after GC invocations=42 (full 0):
 garbage-first heap   total reserved 2097152K, committed 173056K, used 109137K [0x0000000080000000, 0x0000000100000000)
  region size 1024K, 4 young (4096K), 4 survivors (4096K)
 Metaspace       used 87176K, committed 89280K, reserved 1179648K
  class space    used 12371K, committed 13376K, reserved 1048576K
}

Dll operation events (15 events):
Event: 0.012 Loaded shared library C:\Program Files\Java\jdk-23\bin\java.dll
Event: 0.042 Loaded shared library C:\Program Files\Java\jdk-23\bin\jsvml.dll
Event: 0.088 Loaded shared library C:\Program Files\Java\jdk-23\bin\zip.dll
Event: 0.092 Loaded shared library C:\Program Files\Java\jdk-23\bin\instrument.dll
Event: 0.095 Loaded shared library C:\Program Files\Java\jdk-23\bin\net.dll
Event: 0.097 Loaded shared library C:\Program Files\Java\jdk-23\bin\nio.dll
Event: 0.102 Loaded shared library C:\Program Files\Java\jdk-23\bin\zip.dll
Event: 0.314 Loaded shared library C:\Program Files\Java\jdk-23\bin\jimage.dll
Event: 0.397 Loaded shared library C:\Program Files\Java\jdk-23\bin\verify.dll
Event: 0.637 Loaded shared library C:\Users\clyde\.gradle\native\c067742578af261105cb4f569cf0c3c89f3d7b1fecec35dd04571415982c5e48\windows-amd64\native-platform.dll
Event: 0.648 Loaded shared library C:\Users\clyde\.gradle\native\38dada09dfb8b06ba9b0570ebf7e218e3eb74d4ef43ca46872605cf95ebc2f47\windows-amd64\native-platform-file-events.dll
Event: 2.492 Loaded shared library C:\Program Files\Java\jdk-23\bin\management.dll
Event: 2.495 Loaded shared library C:\Program Files\Java\jdk-23\bin\management_ext.dll
Event: 3.407 Loaded shared library C:\Program Files\Java\jdk-23\bin\extnet.dll
Event: 3.962 Loaded shared library C:\Program Files\Java\jdk-23\bin\sunmscapi.dll

Deoptimization events (20 events):
Event: 28.965 Thread 0x00000247c6b73b90 DEOPT PACKING pc=0x00000247e6130c90 sp=0x000000cc040f46f0
Event: 28.965 Thread 0x00000247c6b73b90 DEOPT UNPACKING pc=0x00000247e58b7982 sp=0x000000cc040f4640 mode 2
Event: 28.965 Thread 0x00000247c6b73b90 Uncommon trap: trap_request=0xffffffde fr.pc=0x00000247e6130c90 relative=0x0000000000000550
Event: 28.965 Thread 0x00000247c6b73b90 Uncommon trap: reason=class_check action=maybe_recompile pc=0x00000247e6130c90 method=org.jetbrains.kotlin.storage.LockBasedStorageManager$LockBasedLazyValue.invoke()Ljava/lang/Object; @ 24 c2
Event: 28.965 Thread 0x00000247c6b73b90 DEOPT PACKING pc=0x00000247e6130c90 sp=0x000000cc040f4740
Event: 28.965 Thread 0x00000247c6b73b90 DEOPT UNPACKING pc=0x00000247e58b7982 sp=0x000000cc040f4690 mode 2
Event: 28.982 Thread 0x00000247c6b73b90 Uncommon trap: trap_request=0xffffffc6 fr.pc=0x00000247e5ed7918 relative=0x0000000000000078
Event: 28.982 Thread 0x00000247c6b73b90 Uncommon trap: reason=bimorphic_or_optimized_type_check action=maybe_recompile pc=0x00000247e5ed7918 method=java.util.Collections$UnmodifiableCollection.size()I @ 4 c2
Event: 28.983 Thread 0x00000247c6b73b90 DEOPT PACKING pc=0x00000247e5ed7918 sp=0x000000cc040f3dc0
Event: 28.983 Thread 0x00000247c6b73b90 DEOPT UNPACKING pc=0x00000247e58b7982 sp=0x000000cc040f3d48 mode 2
Event: 28.983 Thread 0x00000247c6b73b90 Uncommon trap: trap_request=0xffffffc6 fr.pc=0x00000247e5ed7918 relative=0x0000000000000078
Event: 28.983 Thread 0x00000247c6b73b90 Uncommon trap: reason=bimorphic_or_optimized_type_check action=maybe_recompile pc=0x00000247e5ed7918 method=java.util.Collections$UnmodifiableCollection.size()I @ 4 c2
Event: 28.983 Thread 0x00000247c6b73b90 DEOPT PACKING pc=0x00000247e5ed7918 sp=0x000000cc040f4130
Event: 28.983 Thread 0x00000247c6b73b90 DEOPT UNPACKING pc=0x00000247e58b7982 sp=0x000000cc040f40b8 mode 2
Event: 28.987 Thread 0x00000247c6b73b90 Uncommon trap: trap_request=0xffffffc6 fr.pc=0x00000247e5ed7918 relative=0x0000000000000078
Event: 28.987 Thread 0x00000247c6b73b90 Uncommon trap: reason=bimorphic_or_optimized_type_check action=maybe_recompile pc=0x00000247e5ed7918 method=java.util.Collections$UnmodifiableCollection.size()I @ 4 c2
Event: 28.987 Thread 0x00000247c6b73b90 DEOPT PACKING pc=0x00000247e5ed7918 sp=0x000000cc040f3d70
Event: 28.987 Thread 0x00000247c6b73b90 DEOPT UNPACKING pc=0x00000247e58b7982 sp=0x000000cc040f3cf8 mode 2
Event: 29.292 Thread 0x00000247c6b73b90 DEOPT PACKING pc=0x00000247dee64abf sp=0x000000cc040f4c60
Event: 29.292 Thread 0x00000247c6b73b90 DEOPT UNPACKING pc=0x00000247e58b84c2 sp=0x000000cc040f4138 mode 0

Classes loaded (20 events):
Event: 21.568 Loading class java/util/zip/ZipFile$ZipEntryIterator
Event: 21.569 Loading class java/util/zip/ZipFile$ZipEntryIterator done
Event: 22.465 Loading class java/nio/channels/NonWritableChannelException
Event: 22.465 Loading class java/nio/channels/NonWritableChannelException done
Event: 26.939 Loading class java/text/StringCharacterIterator
Event: 26.940 Loading class java/text/CharacterIterator
Event: 26.940 Loading class java/text/CharacterIterator done
Event: 26.940 Loading class java/text/StringCharacterIterator done
Event: 26.982 Loading class java/io/NotSerializableException
Event: 26.982 Loading class java/io/NotSerializableException done
Event: 27.181 Loading class java/util/AbstractList$ListItr
Event: 27.182 Loading class java/util/AbstractList$ListItr done
Event: 27.671 Loading class java/util/AbstractList$RandomAccessSubList
Event: 27.671 Loading class java/util/AbstractList$SubList
Event: 27.672 Loading class java/util/AbstractList$SubList done
Event: 27.672 Loading class java/util/AbstractList$RandomAccessSubList done
Event: 27.855 Loading class java/util/function/IntUnaryOperator
Event: 27.855 Loading class java/util/function/IntUnaryOperator done
Event: 27.892 Loading class java/util/AbstractList$SubList$1
Event: 27.892 Loading class java/util/AbstractList$SubList$1 done

Classes unloaded (0 events):
No events

Classes redefined (0 events):
No events

Internal exceptions (20 events):
Event: 21.411 Thread 0x00000247c6b73b90 Exception <a 'java/lang/NoSuchMethodError'{0x00000000843c0cc0}: 'java.lang.Object java.lang.invoke.Invokers$Holder.invokeExact_MT(java.lang.Object, java.lang.Object, long, java.lang.Object)'> (0x00000000843c0cc0) 
thrown [s\open\src\hotspot\share\interpreter\linkResolver.cpp, line 796]
Event: 21.486 Thread 0x00000247c6b73b90 Implicit null exception at 0x00000247e5f0a45f to 0x00000247e5f0a6e8
Event: 21.488 Thread 0x00000247c6b73b90 Exception <a 'java/lang/NoSuchMethodError'{0x00000000840219b8}: 'java.lang.Object java.lang.invoke.DirectMethodHandle$Holder.invokeStatic(java.lang.Object, java.lang.Object, java.lang.Object, java.lang.Object, int)'> (0x00000000840219b8) 
thrown [s\open\src\hotspot\share\interpreter\linkResolver.cpp, line 796]
Event: 21.489 Thread 0x00000247c6b73b90 Exception <a 'java/lang/NoSuchMethodError'{0x000000008402a550}: 'long java.lang.invoke.DirectMethodHandle$Holder.invokeStatic(java.lang.Object, java.lang.Object, int)'> (0x000000008402a550) 
thrown [s\open\src\hotspot\share\interpreter\linkResolver.cpp, line 796]
Event: 21.490 Thread 0x00000247c6b73b90 Exception <a 'java/lang/NoSuchMethodError'{0x0000000084036e40}: 'java.lang.Object java.lang.invoke.DelegatingMethodHandle$Holder.reinvoke_L(java.lang.Object, int, long, java.lang.Object, java.lang.Object, int, java.lang.Object)'> (0x0000000084036e40) 
thrown [s\open\src\hotspot\share\interpreter\linkResolver.cpp, line 796]
Event: 21.539 Thread 0x00000247c6b73b90 Exception <a 'java/lang/NoSuchMethodError'{0x0000000083f851d8}: 'void java.lang.invoke.DirectMethodHandle$Holder.invokeStatic(java.lang.Object, java.lang.Object, int, int)'> (0x0000000083f851d8) 
thrown [s\open\src\hotspot\share\interpreter\linkResolver.cpp, line 796]
Event: 21.569 Thread 0x00000247c6b73b90 Implicit null exception at 0x00000247e5e570de to 0x00000247e5e57c98
Event: 21.865 Thread 0x00000247c6b73b90 Implicit null exception at 0x00000247e605b214 to 0x00000247e605d1f4
Event: 26.316 Thread 0x00000247c6b73b90 Exception <a 'java/lang/NoSuchMethodError'{0x00000000881ac758}: 'java.lang.Object java.lang.invoke.DirectMethodHandle$Holder.newInvokeSpecial(java.lang.Object, java.lang.Object, java.lang.Object, java.lang.Object, java.lang.Object, java.lang.Object, java.lang.Object, java.lang.Object, java.lang.Object, java.lang.Object, java.lang.Object, java.lang.Object, java.lang.Object, java.lang.Object)'> (0x00000000881ac758) 
thrown [s\open\src\hotspot\share\interpreter\linkResolver.cpp, line 796]
Event: 26.316 Thread 0x00000247c6b73b90 Exception <a 'java/lang/NoSuchMethodError'{0x00000000881b32c0}: 'java.lang.Object java.lang.invoke.DirectMethodHandle$Holder.invokeSpecial(java.lang.Object, java.lang.Object, java.lang.Object, java.lang.Object, java.lang.Object, java.lang.Object, java.lang.Object, java.lang.Object, java.lang.Object, java.lang.Object, java.lang.Object, java.lang.Object, java.lang.Object, java.lang.Object, java.lang.Object)'> (0x00000000881b32c0) 
thrown [s\open\src\hotspot\share\interpreter\linkResolver.cpp, line 796]
Event: 26.316 Thread 0x00000247c6b73b90 Exception <a 'java/lang/NoSuchMethodError'{0x00000000881b90f0}: 'java.lang.Object java.lang.invoke.DelegatingMethodHandle$Holder.reinvoke_L(java.lang.Object, java.lang.Object, java.lang.Object, java.lang.Object, java.lang.Object, java.lang.Object, java.lang.Object, java.lang.Object, java.lang.Object, java.lang.Object, java.lang.Object, java.lang.Object, java.lang.Object, java.lang.Object)'> (0x00000000881b90f0) 
thrown [s\open\src\hotspot\share\interpreter\linkResolver.cpp, line 796]
Event: 26.332 Thread 0x00000247c6b73b90 Exception <a 'java/lang/NoSuchMethodError'{0x00000000880ff0d0}: 'java.lang.Object java.lang.invoke.DirectMethodHandle$Holder.newInvokeSpecial(java.lang.Object, java.lang.Object, java.lang.Object, java.lang.Object, java.lang.Object, java.lang.Object, java.lang.Object, java.lang.Object, java.lang.Object, java.lang.Object, java.lang.Object, java.lang.Object, java.lang.Object, java.lang.Object, java.lang.Object, java.lang.Object, java.lang.Object, java.lang.Object, java.lang.Object, java.lang.Object, java.lang
Event: 26.418 Thread 0x00000247c6b73b90 Exception <a 'java/lang/NoSuchMethodError'{0x0000000087ccbdf0}: 'java.lang.Object java.lang.invoke.DirectMethodHandle$Holder.newInvokeSpecial(java.lang.Object, java.lang.Object, java.lang.Object, java.lang.Object, java.lang.Object, java.lang.Object, java.lang.Object, java.lang.Object, java.lang.Object, java.lang.Object, java.lang.Object, java.lang.Object, java.lang.Object, java.lang.Object, java.lang.Object, java.lang.Object)'> (0x0000000087ccbdf0) 
thrown [s\open\src\hotspot\share\interpreter\linkResolver
Event: 26.419 Thread 0x00000247c6b73b90 Exception <a 'java/lang/NoSuchMethodError'{0x0000000087cd2cd8}: 'java.lang.Object java.lang.invoke.DirectMethodHandle$Holder.invokeSpecial(java.lang.Object, java.lang.Object, java.lang.Object, java.lang.Object, java.lang.Object, java.lang.Object, java.lang.Object, java.lang.Object, java.lang.Object, java.lang.Object, java.lang.Object, java.lang.Object, java.lang.Object, java.lang.Object, java.lang.Object, java.lang.Object, java.lang.Object)'> (0x0000000087cd2cd8) 
thrown [s\open\src\hotspot\share\interpret
Event: 26.419 Thread 0x00000247c6b73b90 Exception <a 'java/lang/NoSuchMethodError'{0x0000000087cd8de8}: 'java.lang.Object java.lang.invoke.DelegatingMethodHandle$Holder.reinvoke_L(java.lang.Object, java.lang.Object, java.lang.Object, java.lang.Object, java.lang.Object, java.lang.Object, java.lang.Object, java.lang.Object, java.lang.Object, java.lang.Object, java.lang.Object, java.lang.Object, java.lang.Object, java.lang.Object, java.lang.Object, java.lang.Object)'> (0x0000000087cd8de8) 
thrown [s\open\src\hotspot\share\interpreter\linkResolver.c
Event: 26.430 Thread 0x00000247c6b73b90 Exception <a 'java/lang/NoSuchMethodError'{0x0000000087b8c348}: 'java.lang.Object java.lang.invoke.DirectMethodHandle$Holder.newInvokeSpecial(java.lang.Object, java.lang.Object, java.lang.Object, java.lang.Object, java.lang.Object, java.lang.Object, java.lang.Object, java.lang.Object, java.lang.Object, java.lang.Object, java.lang.Object, java.lang.Object, java.lang.Object, java.lang.Object, java.lang.Object, java.lang.Object, java.lang.Object, java.lang.Object)'> (0x0000000087b8c348) 
thrown [s\open\src\ho
Event: 26.430 Thread 0x00000247c6b73b90 Exception <a 'java/lang/NoSuchMethodError'{0x0000000087b93620}: 'java.lang.Object java.lang.invoke.DirectMethodHandle$Holder.invokeSpecial(java.lang.Object, java.lang.Object, java.lang.Object, java.lang.Object, java.lang.Object, java.lang.Object, java.lang.Object, java.lang.Object, java.lang.Object, java.lang.Object, java.lang.Object, java.lang.Object, java.lang.Object, java.lang.Object, java.lang.Object, java.lang.Object, java.lang.Object, java.lang.Object, java.lang.Object)'> (0x0000000087b93620) 
thrown
Event: 26.430 Thread 0x00000247c6b73b90 Exception <a 'java/lang/NoSuchMethodError'{0x0000000087b99a18}: 'java.lang.Object java.lang.invoke.DelegatingMethodHandle$Holder.reinvoke_L(java.lang.Object, java.lang.Object, java.lang.Object, java.lang.Object, java.lang.Object, java.lang.Object, java.lang.Object, java.lang.Object, java.lang.Object, java.lang.Object, java.lang.Object, java.lang.Object, java.lang.Object, java.lang.Object, java.lang.Object, java.lang.Object, java.lang.Object, java.lang.Object)'> (0x0000000087b99a18) 
thrown [s\open\src\hots
Event: 26.435 Thread 0x00000247c6b73b90 Exception <a 'java/lang/NoSuchMethodError'{0x0000000087a31d00}: 'java.lang.Object java.lang.invoke.DirectMethodHandle$Holder.newInvokeSpecial(java.lang.Object, java.lang.Object, java.lang.Object, java.lang.Object, java.lang.Object, java.lang.Object, java.lang.Object, java.lang.Object, java.lang.Object, java.lang.Object, java.lang.Object, java.lang.Object, java.lang.Object, java.lang.Object, java.lang.Object, java.lang.Object, java.lang.Object, java.lang.Object, java.lang.Object, java.lang.Object, java.lang
Event: 28.739 Thread 0x00000247c6b73b90 Implicit null exception at 0x00000247e612ed9d to 0x00000247e612edd8

VM Operations (20 events):
Event: 26.888 Executing VM operation: HandshakeAllThreads (Deoptimize)
Event: 26.888 Executing VM operation: HandshakeAllThreads (Deoptimize) done
Event: 27.184 Executing VM operation: HandshakeAllThreads (Deoptimize)
Event: 27.184 Executing VM operation: HandshakeAllThreads (Deoptimize) done
Event: 27.631 Executing VM operation: G1CollectForAllocation (G1 Evacuation Pause)
Event: 27.636 Executing VM operation: G1CollectForAllocation (G1 Evacuation Pause) done
Event: 27.878 Executing VM operation: HandshakeAllThreads (Deoptimize)
Event: 27.878 Executing VM operation: HandshakeAllThreads (Deoptimize) done
Event: 27.984 Executing VM operation: HandshakeAllThreads (Deoptimize)
Event: 27.984 Executing VM operation: HandshakeAllThreads (Deoptimize) done
Event: 28.156 Executing VM operation: G1CollectForAllocation (G1 Evacuation Pause)
Event: 28.167 Executing VM operation: G1CollectForAllocation (G1 Evacuation Pause) done
Event: 28.588 Executing VM operation: G1CollectForAllocation (G1 Evacuation Pause)
Event: 28.595 Executing VM operation: G1CollectForAllocation (G1 Evacuation Pause) done
Event: 28.710 Executing VM operation: G1PauseRemark
Event: 28.715 Executing VM operation: G1PauseRemark done
Event: 28.758 Executing VM operation: G1PauseCleanup
Event: 28.758 Executing VM operation: G1PauseCleanup done
Event: 28.843 Executing VM operation: HandshakeAllThreads (Deoptimize)
Event: 28.844 Executing VM operation: HandshakeAllThreads (Deoptimize) done

Memory protections (0 events):
No events

Nmethod flushes (20 events):
Event: 28.714 Thread 0x00000247f20c8570 flushing  nmethod 0x00000247e605ad88
Event: 28.714 Thread 0x00000247f20c8570 flushing  nmethod 0x00000247e605d488
Event: 28.714 Thread 0x00000247f20c8570 flushing  nmethod 0x00000247de39f208
Event: 28.714 Thread 0x00000247f20c8570 flushing  nmethod 0x00000247de39fa08
Event: 28.714 Thread 0x00000247f20c8570 flushing  nmethod 0x00000247de3bb708
Event: 28.714 Thread 0x00000247f20c8570 flushing  nmethod 0x00000247de413b08
Event: 28.714 Thread 0x00000247f20c8570 flushing  nmethod 0x00000247de44be88
Event: 28.714 Thread 0x00000247f20c8570 flushing  nmethod 0x00000247de49f608
Event: 28.714 Thread 0x00000247f20c8570 flushing  nmethod 0x00000247de4cfc08
Event: 28.714 Thread 0x00000247f20c8570 flushing  nmethod 0x00000247de4eff08
Event: 28.714 Thread 0x00000247f20c8570 flushing  nmethod 0x00000247de576388
Event: 28.714 Thread 0x00000247f20c8570 flushing  nmethod 0x00000247de60f388
Event: 28.714 Thread 0x00000247f20c8570 flushing  nmethod 0x00000247de684c08
Event: 28.714 Thread 0x00000247f20c8570 flushing  nmethod 0x00000247de770208
Event: 28.714 Thread 0x00000247f20c8570 flushing  nmethod 0x00000247de85e308
Event: 28.714 Thread 0x00000247f20c8570 flushing  nmethod 0x00000247de8a0208
Event: 28.714 Thread 0x00000247f20c8570 flushing  nmethod 0x00000247de90fe08
Event: 28.714 Thread 0x00000247f20c8570 flushing  nmethod 0x00000247de9f9288
Event: 28.714 Thread 0x00000247f20c8570 flushing osr nmethod 0x00000247deaccc88
Event: 28.714 Thread 0x00000247f20c8570 flushing  nmethod 0x00000247deb28908

Events (20 events):
Event: 9.181 Thread 0x00000247c6b73b90 Thread added: 0x00000247c75d6f60
Event: 9.195 Thread 0x00000247c6b73b90 Thread added: 0x00000247c75d68d0
Event: 9.731 Thread 0x00000247c6b73b90 Thread added: 0x00000247c75d89a0
Event: 9.796 Thread 0x00000247f20fdfe0 Thread added: 0x00000247c8e26830
Event: 9.801 Thread 0x00000247c6b73b90 Thread added: 0x00000247c75d75f0
Event: 9.902 Thread 0x00000247c6b73b90 Thread added: 0x00000247c75d7c80
Event: 9.956 Thread 0x00000247c6b73b90 Thread added: 0x00000247c75d8310
Event: 10.201 Thread 0x00000247c6b73b90 Thread added: 0x00000247c75d9030
Event: 10.357 Thread 0x00000247c6b73b90 Thread added: 0x00000247c75d5bb0
Event: 11.300 Thread 0x00000247c8e26830 Thread exited: 0x00000247c8e26830
Event: 11.936 Thread 0x00000247c6b73b90 Thread added: 0x00000247c75d96c0
Event: 12.513 Thread 0x00000247c6b73b90 Thread added: 0x00000247c75d9d50
Event: 12.530 Thread 0x00000247c6b73b90 Thread added: 0x00000247c75da3e0
Event: 13.163 Thread 0x00000247c6b73b90 Thread added: 0x00000247c8430d20
Event: 13.169 Thread 0x00000247c6b73b90 Thread added: 0x00000247c84313b0
Event: 13.285 Thread 0x00000247c6b73b90 Thread added: 0x00000247c84320d0
Event: 15.609 Thread 0x00000247c6b73b90 Thread added: 0x00000247c8434830
Event: 17.193 Thread 0x00000247c6b73b90 Thread added: 0x00000247c84341a0
Event: 17.194 Thread 0x00000247c6b73b90 Thread added: 0x00000247c8432df0
Event: 17.195 Thread 0x00000247c6b73b90 Thread added: 0x00000247c8433b10


Dynamic libraries:
0x00007ff6cfe70000 - 0x00007ff6cfe80000 	C:\Program Files\Java\jdk-23\bin\java.exe
0x00007ffe09c40000 - 0x00007ffe09ea7000 	C:\WINDOWS\SYSTEM32\ntdll.dll
0x00007ffdde4f0000 - 0x00007ffdde511000 	C:\Program Files\Avast Software\Avast\aswhook.dll
0x00007ffe08c60000 - 0x00007ffe08d29000 	C:\WINDOWS\System32\KERNEL32.DLL
0x00007ffe07520000 - 0x00007ffe07914000 	C:\WINDOWS\System32\KERNELBASE.dll
0x00007ffe07030000 - 0x00007ffe0717b000 	C:\WINDOWS\System32\ucrtbase.dll
0x00007ffdefa90000 - 0x00007ffdefaa7000 	C:\Program Files\Java\jdk-23\bin\jli.dll
0x00007ffdee2c0000 - 0x00007ffdee2db000 	C:\Program Files\Java\jdk-23\bin\VCRUNTIME140.dll
0x00007ffe081a0000 - 0x00007ffe08365000 	C:\WINDOWS\System32\USER32.dll
0x00007ffdf3910000 - 0x00007ffdf3ba3000 	C:\WINDOWS\WinSxS\amd64_microsoft.windows.common-controls_6595b64144ccf1df_6.0.26100.8115_none_3e075c82e3354f9c\COMCTL32.dll
0x00007ffe074f0000 - 0x00007ffe07517000 	C:\WINDOWS\System32\win32u.dll
0x00007ffe09820000 - 0x00007ffe098c9000 	C:\WINDOWS\System32\msvcrt.dll
0x00007ffe09aa0000 - 0x00007ffe09acb000 	C:\WINDOWS\System32\GDI32.dll
0x00007ffe073c0000 - 0x00007ffe074eb000 	C:\WINDOWS\System32\gdi32full.dll
0x00007ffe06510000 - 0x00007ffe065b3000 	C:\WINDOWS\System32\msvcp_win.dll
0x00007ffe079d0000 - 0x00007ffe07a02000 	C:\WINDOWS\System32\IMM32.DLL
0x00007ffdf7fc0000 - 0x00007ffdf7fcc000 	C:\Program Files\Java\jdk-23\bin\vcruntime140_1.dll
0x00007ffdde1e0000 - 0x00007ffdde26e000 	C:\Program Files\Java\jdk-23\bin\msvcp140.dll
0x00007ffd91470000 - 0x00007ffd921bf000 	C:\Program Files\Java\jdk-23\bin\server\jvm.dll
0x00007ffe09960000 - 0x00007ffe09a16000 	C:\WINDOWS\System32\ADVAPI32.dll
0x00007ffe08bb0000 - 0x00007ffe08c57000 	C:\WINDOWS\System32\sechost.dll
0x00007ffe08890000 - 0x00007ffe089a8000 	C:\WINDOWS\System32\RPCRT4.dll
0x00007ffe098d0000 - 0x00007ffe09950000 	C:\WINDOWS\System32\WS2_32.dll
0x00007ffe06390000 - 0x00007ffe063ee000 	C:\WINDOWS\SYSTEM32\POWRPROF.dll
0x00007ffdfdbc0000 - 0x00007ffdfdbcb000 	C:\WINDOWS\SYSTEM32\VERSION.dll
0x00007ffde6be0000 - 0x00007ffde6c16000 	C:\WINDOWS\SYSTEM32\WINMM.dll
0x00007ffe06370000 - 0x00007ffe06384000 	C:\WINDOWS\SYSTEM32\UMPDC.dll
0x00007ffe052a0000 - 0x00007ffe052bb000 	C:\WINDOWS\SYSTEM32\kernel.appcore.dll
0x00007ffdf2c50000 - 0x00007ffdf2c5a000 	C:\Program Files\Java\jdk-23\bin\jimage.dll
0x00007ffe04650000 - 0x00007ffe04892000 	C:\WINDOWS\SYSTEM32\DBGHELP.DLL
0x00007ffe08370000 - 0x00007ffe086f2000 	C:\WINDOWS\System32\combase.dll
0x00007ffe08700000 - 0x00007ffe087d8000 	C:\WINDOWS\System32\OLEAUT32.dll
0x00007ffdf8ec0000 - 0x00007ffdf8efb000 	C:\WINDOWS\SYSTEM32\dbgcore.DLL
0x00007ffe07920000 - 0x00007ffe079c5000 	C:\WINDOWS\System32\bcryptPrimitives.dll
0x00007ffdf21d0000 - 0x00007ffdf21df000 	C:\Program Files\Java\jdk-23\bin\instrument.dll
0x00007ffdde420000 - 0x00007ffdde43e000 	C:\Program Files\Java\jdk-23\bin\java.dll
0x00007ffe07ea0000 - 0x00007ffe08037000 	C:\WINDOWS\System32\ole32.dll
0x00007ffe08e30000 - 0x00007ffe09597000 	C:\WINDOWS\System32\SHELL32.dll
0x00007ffe06e30000 - 0x00007ffe06f9a000 	C:\WINDOWS\System32\wintypes.dll
0x00007ffe065c0000 - 0x00007ffe06e28000 	C:\WINDOWS\System32\windows.storage.dll
0x00007ffe08d30000 - 0x00007ffe08e28000 	C:\WINDOWS\System32\SHCORE.dll
0x00007ffe089b0000 - 0x00007ffe08a16000 	C:\WINDOWS\System32\shlwapi.dll
0x00007ffe06430000 - 0x00007ffe06459000 	C:\WINDOWS\SYSTEM32\profapi.dll
0x00007ffdbc730000 - 0x00007ffdbc807000 	C:\Program Files\Java\jdk-23\bin\jsvml.dll
0x00007ffdde1a0000 - 0x00007ffdde1b7000 	C:\Program Files\Java\jdk-23\bin\zip.dll
0x00007ffdf2bc0000 - 0x00007ffdf2bd0000 	C:\Program Files\Java\jdk-23\bin\net.dll
0x00007ffe05810000 - 0x00007ffe0587c000 	C:\WINDOWS\system32\mswsock.dll
0x00007ffdde1c0000 - 0x00007ffdde1d6000 	C:\Program Files\Java\jdk-23\bin\nio.dll
0x00007ffdf2950000 - 0x00007ffdf2960000 	C:\Program Files\Java\jdk-23\bin\verify.dll
0x00007ffdcdca0000 - 0x00007ffdcdcc7000 	C:\Users\clyde\.gradle\native\c067742578af261105cb4f569cf0c3c89f3d7b1fecec35dd04571415982c5e48\windows-amd64\native-platform.dll
0x00007ffda3c50000 - 0x00007ffda3d94000 	C:\Users\clyde\.gradle\native\38dada09dfb8b06ba9b0570ebf7e218e3eb74d4ef43ca46872605cf95ebc2f47\windows-amd64\native-platform-file-events.dll
0x00007ffdf2390000 - 0x00007ffdf239a000 	C:\Program Files\Java\jdk-23\bin\management.dll
0x00007ffdf22c0000 - 0x00007ffdf22cb000 	C:\Program Files\Java\jdk-23\bin\management_ext.dll
0x00007ffe08ab0000 - 0x00007ffe08ab8000 	C:\WINDOWS\System32\PSAPI.DLL
0x00007ffe05af0000 - 0x00007ffe05b0b000 	C:\WINDOWS\SYSTEM32\CRYPTSP.dll
0x00007ffe05200000 - 0x00007ffe05239000 	C:\WINDOWS\system32\rsaenh.dll
0x00007ffe058c0000 - 0x00007ffe058f3000 	C:\WINDOWS\SYSTEM32\USERENV.dll
0x00007ffe06400000 - 0x00007ffe0642a000 	C:\WINDOWS\SYSTEM32\bcrypt.dll
0x00007ffe05b10000 - 0x00007ffe05b1c000 	C:\WINDOWS\SYSTEM32\CRYPTBASE.dll
0x00007ffe04cf0000 - 0x00007ffe04d22000 	C:\WINDOWS\SYSTEM32\IPHLPAPI.DLL
0x00007ffe09790000 - 0x00007ffe0979a000 	C:\WINDOWS\System32\NSI.dll
0x00007ffdefa00000 - 0x00007ffdefa09000 	C:\Program Files\Java\jdk-23\bin\extnet.dll
0x00007ffdeecd0000 - 0x00007ffdeecde000 	C:\Program Files\Java\jdk-23\bin\sunmscapi.dll
0x00007ffe07240000 - 0x00007ffe073b7000 	C:\WINDOWS\System32\CRYPT32.dll
0x00007ffe05d10000 - 0x00007ffe05d40000 	C:\WINDOWS\SYSTEM32\ncrypt.dll
0x00007ffe05cc0000 - 0x00007ffe05cff000 	C:\WINDOWS\SYSTEM32\NTASN1.dll
0x00007ffdca070000 - 0x00007ffdca078000 	C:\WINDOWS\system32\wshunix.dll

dbghelp: loaded successfully - version: 4.0.5 - missing functions: none
symbol engine: initialized successfully - sym options: 0x614 - pdb path: .;C:\Program Files\Java\jdk-23\bin;C:\WINDOWS\SYSTEM32;C:\Program Files\Avast Software\Avast;C:\WINDOWS\WinSxS\amd64_microsoft.windows.common-controls_6595b64144ccf1df_6.0.26100.8115_none_3e075c82e3354f9c;C:\Program Files\Java\jdk-23\bin\server;C:\Users\clyde\.gradle\native\c067742578af261105cb4f569cf0c3c89f3d7b1fecec35dd04571415982c5e48\windows-amd64;C:\Users\clyde\.gradle\native\38dada09dfb8b06ba9b0570ebf7e218e3eb74d4ef43ca46872605cf95ebc2f47\windows-amd64

VM Arguments:
jvm_args: --add-opens=java.base/java.util=ALL-UNNAMED --add-opens=java.base/java.lang=ALL-UNNAMED --add-opens=java.base/java.lang.invoke=ALL-UNNAMED --add-opens=java.prefs/java.util.prefs=ALL-UNNAMED --add-opens=java.base/java.nio.charset=ALL-UNNAMED --add-opens=java.base/java.net=ALL-UNNAMED --add-opens=java.base/java.util.concurrent.atomic=ALL-UNNAMED -Xmx2048m -Dfile.encoding=UTF-8 -Duser.country=US -Duser.language=en -Duser.variant -javaagent:C:\Users\clyde\.gradle\wrapper\dists\gradle-8.4-bin\1w5dpkrfk8irigvoxmyhowfim\gradle-8.4\lib\agents\gradle-instrumentation-agent-8.4.jar 
java_command: org.gradle.launcher.daemon.bootstrap.GradleDaemon 8.4
java_class_path (initial): C:\Users\clyde\.gradle\wrapper\dists\gradle-8.4-bin\1w5dpkrfk8irigvoxmyhowfim\gradle-8.4\lib\gradle-launcher-8.4.jar
Launcher Type: SUN_STANDARD

[Global flags]
     intx CICompilerCount                          = 3                                         {product} {ergonomic}
     uint ConcGCThreads                            = 1                                         {product} {ergonomic}
     uint G1ConcRefinementThreads                  = 4                                         {product} {ergonomic}
   size_t G1HeapRegionSize                         = 1048576                                   {product} {ergonomic}
   size_t InitialHeapSize                          = 62914560                                  {product} {ergonomic}
   size_t MarkStackSize                            = 4194304                                   {product} {ergonomic}
   size_t MarkStackSizeMax                         = 536870912                                 {product} {ergonomic}
   size_t MaxHeapSize                              = 2147483648                                {product} {command line}
   size_t MaxNewSize                               = 1287651328                                {product} {ergonomic}
   size_t MinHeapDeltaBytes                        = 1048576                                   {product} {ergonomic}
   size_t MinHeapSize                              = 8388608                                   {product} {ergonomic}
    uintx NonNMethodCodeHeapSize                   = 5832704                                {pd product} {ergonomic}
    uintx NonProfiledCodeHeapSize                  = 122945536                              {pd product} {ergonomic}
    uintx ProfiledCodeHeapSize                     = 122880000                              {pd product} {ergonomic}
    uintx ReservedCodeCacheSize                    = 251658240                              {pd product} {ergonomic}
     bool SegmentedCodeCache                       = true                                      {product} {ergonomic}
   size_t SoftMaxHeapSize                          = 2147483648                             {manageable} {ergonomic}
     bool UseCompressedOops                        = true                           {product lp64_product} {ergonomic}
     bool UseG1GC                                  = true                                      {product} {ergonomic}
     bool UseLargePagesIndividualAllocation        = false                                  {pd product} {ergonomic}

Logging:
Log output configuration:
 #0: stdout all=warning uptime,level,tags foldmultilines=false
 #1: stderr all=off uptime,level,tags foldmultilines=false

Environment Variables:
CLASSPATH=C:\CSIT342\IT342-Benolirao-RootUser\mobile\\gradle\wrapper\gradle-wrapper.jar
PATH=C:\Program Files\Common Files\Oracle\Java\javapath;C:\Program Files\Eclipse Adoptium\jdk-21.0.4.7-hotspot\bin;C:\WINDOWS\system32;C:\WINDOWS;C:\WINDOWS\System32\Wbem;C:\WINDOWS\System32\WindowsPowerShell\v1.0\;C:\WINDOWS\System32\OpenSSH\;C:\Program Files\Git LFS;C:\Program Files\Git\cmd;C:\Program Files\nodejs\;C:\ProgramData\chocolatey\bin;C:\Users\clyde\AppData\Local\Programs\Python\Python312\Scripts\;C:\Users\clyde\AppData\Local\Programs\Python\Python312\;C:\Users\clyde\AppData\Local\Programs\Python\Launcher\;C:\Users\clyde\AppData\Local\Microsoft\WindowsApps;C:\Users\clyde\AppData\Local\Programs\Microsoft VS Code\bin;C:\Users\clyde\AppData\Local\GitHubDesktop\bin;C:\Users\clyde\AppData\Roaming\npm;C:\Users\clyde\AppData\Local\Programs\Antigravity\bin;
USERNAME=clyde
OS=Windows_NT
PROCESSOR_IDENTIFIER=Intel64 Family 6 Model 126 Stepping 5, GenuineIntel
TMP=C:\Users\clyde\AppData\Local\Temp
TEMP=C:\Users\clyde\AppData\Local\Temp




Periodic native trim disabled

---------------  S Y S T E M  ---------------

OS:
 Windows 11 , 64 bit Build 26100 (10.0.26100.8246)
OS uptime: 0 days 4:26 hours

CPU: total 4 (initial active 4) (2 cores per cpu, 2 threads per core) family 6 model 126 stepping 5 microcode 0x86, cx8, cmov, fxsr, ht, mmx, 3dnowpref, sse, sse2, sse3, ssse3, sse4.1, sse4.2, popcnt, lzcnt, tsc, tscinvbit, avx, avx2, aes, erms, clmul, bmi1, bmi2, adx, avx512f, avx512dq, avx512cd, avx512bw, avx512vl, sha, fma, vzeroupper, avx512_vpopcntdq, avx512_vpclmulqdq, avx512_vaes, avx512_vnni, clflush, clflushopt, avx512_vbmi2, avx512_vbmi, rdtscp, rdpid, fsrm, gfni, avx512_bitalg, f16c, pku, avx512_ifma
Processor Information for the first 4 processors :
  Max Mhz: 1190, Current Mhz: 1190, Mhz Limit: 1190

Memory: 4k page, system-wide physical 3838M (206M free)
TotalPageFile size 15614M (AvailPageFile size 2M)
current process WorkingSet (physical memory assigned to process): 349M, peak: 349M
current process commit charge ("private bytes"): 454M, peak: 454M

vm_info: Java HotSpot(TM) 64-Bit Server VM (23.0.1+11-39) for windows-amd64 JRE (23.0.1+11-39), built on 2024-09-30T07:20:43Z with MS VC++ 17.6 (VS2022)

END.
